2024-06-13 13:46:55,665 [INFO] ADCParametersView:116 -                Rank 1 : true
2024-06-13 13:46:55,682 [INFO] ADCParametersView:116 -                Rank 1 : true
2024-06-13 13:46:55,682 [INFO] ADCParametersView:116 -                Rank 1 : true
2024-06-13 13:46:55,683 [INFO] ADCParametersView:116 -                Rank 1 : true
2024-06-13 13:46:55,683 [INFO] ADCParametersView:116 -                Rank 1 : true
2024-06-13 13:46:55,683 [INFO] ADCParametersView:116 -                Rank 1 : true
2024-06-13 13:46:55,683 [INFO] ADCParametersView:116 -                Rank 1 : true
2024-06-13 13:46:55,683 [INFO] ADCParametersView:116 -                Rank 1 : true
2024-06-13 13:46:55,684 [INFO] ADCParametersView:116 -                Rank 1 : true
2024-06-13 13:46:55,684 [INFO] ADCParametersView:116 -                Rank 1 : true
2024-06-13 13:46:55,703 [INFO] ADCParametersView:116 -                Rank 1 : true
2024-06-13 13:46:55,705 [INFO] ADCParametersView:116 -                Rank 1 : true
2024-06-13 13:46:55,707 [INFO] ADCParametersView:116 -                Rank 1 : true
2024-06-13 13:46:55,708 [INFO] ADCParametersView:116 -                Rank 1 : true
2024-06-13 13:46:55,708 [INFO] ADCParametersView:116 -                Rank 1 : true
2024-06-13 13:46:55,708 [INFO] ADCParametersView:116 -                Rank 1 : true
2024-06-13 13:46:55,708 [INFO] ADCParametersView:116 -                Rank 1 : true
2024-06-13 13:46:55,709 [INFO] ADCParametersView:116 -                Rank 1 : true
2024-06-13 13:46:55,709 [INFO] ADCParametersView:116 -                Rank 1 : true
2024-06-13 13:46:55,709 [INFO] ADCParametersView:116 -                Rank 1 : true
2024-06-13 13:46:55,709 [INFO] ADCParametersView:116 -                Rank 1 : true
2024-06-13 13:46:55,726 [INFO] ADCParametersView:116 -                Rank 1 : true
2024-06-13 13:46:55,728 [INFO] ADCParametersView:116 -                Rank 1 : true
2024-06-13 13:46:55,730 [INFO] ADCParametersView:116 -                Rank 1 : true
2024-06-13 13:46:55,730 [INFO] ADCParametersView:116 -                Rank 1 : true
2024-06-13 13:46:55,731 [INFO] ADCParametersView:116 -                Rank 1 : true
2024-06-13 13:46:55,731 [INFO] ADCParametersView:116 -                Rank 1 : true
2024-06-13 13:46:55,731 [INFO] ADCParametersView:116 -                Rank 1 : true
2024-06-13 13:46:55,731 [INFO] ADCParametersView:116 -                Rank 1 : true
2024-06-13 13:46:55,731 [INFO] ADCParametersView:116 -                Rank 1 : true
2024-06-13 13:46:55,731 [INFO] ADCParametersView:116 -                Rank 1 : true
2024-06-13 13:46:55,731 [INFO] ADCParametersView:116 -                Rank 1 : true
2024-06-13 13:46:55,748 [INFO] ADCParametersView:116 -                Rank 1 : true
2024-06-13 13:46:55,749 [INFO] ADCParametersView:116 -                Rank 1 : true
2024-06-13 13:46:55,752 [INFO] ADCParametersView:116 -                Rank 1 : true
2024-06-13 13:46:55,752 [INFO] ADCParametersView:116 -                Rank 1 : true
2024-06-13 13:46:55,753 [INFO] ADCParametersView:116 -                Rank 1 : true
2024-06-13 13:46:55,753 [INFO] ADCParametersView:116 -                Rank 1 : true
2024-06-13 13:46:55,753 [INFO] ADCParametersView:116 -                Rank 1 : true
2024-06-13 13:46:55,754 [INFO] ADCParametersView:116 -                Rank 1 : true
2024-06-13 13:46:55,754 [INFO] ADCParametersView:116 -                Rank 1 : true
2024-06-13 13:46:55,754 [INFO] ADCParametersView:116 -                Rank 1 : true
2024-06-13 13:46:55,755 [INFO] ADCParametersView:116 -                Rank 1 : true
2024-06-13 13:46:55,770 [INFO] ADCParametersView:116 -                Rank 1 : true
2024-06-13 13:47:19,185 [INFO] NvicIntPanel:101 - NVIC parent = com.st.microxplorer.plugins.ip.nvic.MultiNvicIntPanel[,0,0,0x0,invalid,layout=javax.swing.BoxLayout,alignmentX=0.0,alignmentY=0.0,border=,flags=9,maximumSize=,minimumSize=,preferredSize=]
2024-06-13 13:47:19,256 [INFO] ADCParametersView:116 -                Rank 1 : true
2024-06-13 13:47:19,262 [INFO] ADCParametersView:116 -                Rank 1 : true
2024-06-13 13:47:19,262 [INFO] ADCParametersView:116 -                Rank 1 : true
2024-06-13 13:47:19,263 [INFO] ADCParametersView:116 -                Rank 1 : true
2024-06-13 13:47:19,263 [INFO] ADCParametersView:116 -                Rank 1 : true
2024-06-13 13:47:19,263 [INFO] ADCParametersView:116 -                Rank 1 : true
2024-06-13 13:47:19,263 [INFO] ADCParametersView:116 -                Rank 1 : true
2024-06-13 13:47:19,263 [INFO] ADCParametersView:116 -                Rank 1 : true
2024-06-13 13:47:19,263 [INFO] ADCParametersView:116 -                Rank 1 : true
2024-06-13 13:47:19,263 [INFO] ADCParametersView:116 -                Rank 1 : true
2024-06-13 13:47:19,268 [INFO] ADCParametersView:116 -                Rank 1 : true
2024-06-13 13:47:39,964 [INFO] UtilMem:75 - End SaveConfig() Used Memory: 886053336 Bytes (1073741824)
2024-06-13 13:47:44,804 [INFO] UtilMem:75 - End SaveConfig() Used Memory: 687401000 Bytes (1073741824)
2024-06-13 13:47:45,281 [INFO] BlockDiagram:2759 - set Specific Code input for plugin: NVIC
2024-06-13 13:47:45,281 [INFO] BlockDiagram:2759 - set Specific Code input for plugin: SYS
2024-06-13 13:47:45,282 [INFO] BlockDiagram:2759 - set Specific Code input for plugin: GPIO
2024-06-13 13:47:45,282 [INFO] BlockDiagram:2759 - set Specific Code input for plugin: ADC
2024-06-13 13:47:45,282 [INFO] BlockDiagram:2759 - set Specific Code input for plugin: RCC
2024-06-13 13:47:45,284 [INFO] CodeGenerator:807 - code generatio: config db path: C:\ST\STM32CubeIDE_1.14.1\STM32CubeIDE\plugins\com.st.stm32cube.common.mx_6.10.0.202311202037\\db\
2024-06-13 13:47:45,470 [INFO] CodeEngine:255 - oldGeneratedFile, C:\Users\0163022\STM32CubeIDE\workspace_1.14.1\QS\MXTmpFiles\license.tmp_save
2024-06-13 13:47:45,576 [INFO] CodeEngine:279 - Generated code: C:\Users\0163022\STM32CubeIDE\workspace_1.14.1\QS\MXTmpFiles\license.tmp
2024-06-13 13:47:45,625 [INFO] CodeEngine:255 - oldGeneratedFile, C:\Users\0163022\STM32CubeIDE\workspace_1.14.1\QS\MXTmpFiles\gpio.tmp_save
2024-06-13 13:47:45,727 [INFO] CodeEngine:279 - Generated code: C:\Users\0163022\STM32CubeIDE\workspace_1.14.1\QS\MXTmpFiles\gpio.tmp
2024-06-13 13:47:45,815 [INFO] CodeEngine:255 - oldGeneratedFile, C:\Users\0163022\STM32CubeIDE\workspace_1.14.1\QS\Core\Src\stm32f1xx_it.c_save
2024-06-13 13:47:46,190 [INFO] CodeEngine:279 - Generated code: C:\Users\0163022\STM32CubeIDE\workspace_1.14.1\QS\Core\Src\stm32f1xx_it.c
2024-06-13 13:47:46,203 [INFO] CodeEngine:255 - oldGeneratedFile, C:\Users\0163022\STM32CubeIDE\workspace_1.14.1\QS\Core\Inc\stm32f1xx_it.h_save
2024-06-13 13:47:46,297 [INFO] CodeEngine:279 - Generated code: C:\Users\0163022\STM32CubeIDE\workspace_1.14.1\QS\Core\Inc\stm32f1xx_it.h
2024-06-13 13:47:46,323 [INFO] CodeEngine:255 - oldGeneratedFile, C:\Users\0163022\STM32CubeIDE\workspace_1.14.1\QS\Core\Src\stm32f1xx_hal_msp.c_save
2024-06-13 13:47:46,447 [INFO] CodeEngine:279 - Generated code: C:\Users\0163022\STM32CubeIDE\workspace_1.14.1\QS\Core\Src\stm32f1xx_hal_msp.c
2024-06-13 13:47:46,457 [INFO] CodeEngine:255 - oldGeneratedFile, C:\Users\0163022\STM32CubeIDE\workspace_1.14.1\QS\MXTmpFiles\system.tmp_save
2024-06-13 13:47:46,517 [INFO] CodeEngine:279 - Generated code: C:\Users\0163022\STM32CubeIDE\workspace_1.14.1\QS\MXTmpFiles\system.tmp
2024-06-13 13:47:46,539 [INFO] CodeEngine:311 - oldGeneratedFile, C:\Users\0163022\STM32CubeIDE\workspace_1.14.1\QS\Core\Inc\stm32f1xx_hal_conf.h_save
2024-06-13 13:47:46,612 [INFO] CodeEngine:335 - Generated code: C:\Users\0163022\STM32CubeIDE\workspace_1.14.1\QS\Core\Inc\stm32f1xx_hal_conf.h
2024-06-13 13:47:46,640 [INFO] CodeEngine:255 - oldGeneratedFile, C:\Users\0163022\STM32CubeIDE\workspace_1.14.1\QS\Core\Inc\main.h_save
2024-06-13 13:47:46,761 [INFO] CodeEngine:279 - Generated code: C:\Users\0163022\STM32CubeIDE\workspace_1.14.1\QS\Core\Inc\main.h
2024-06-13 13:47:46,777 [INFO] CodeEngine:255 - oldGeneratedFile, C:\Users\0163022\STM32CubeIDE\workspace_1.14.1\QS\Core\Src\main.c_save
2024-06-13 13:47:47,030 [INFO] CodeEngine:279 - Generated code: C:\Users\0163022\STM32CubeIDE\workspace_1.14.1\QS\Core\Src\main.c
2024-06-13 13:47:47,813 [INFO] ProjectBuilder:3076 - Time for Copy HAL[1] : 473mS.
2024-06-13 13:47:47,817 [INFO] ProjectBuilder:4485 - Project Generator version: 4.2.0-B44
2024-06-13 13:47:48,110 [INFO] ConfigFileManager:1495 - The Die is : DIE412
2024-06-13 13:47:49,593 [INFO] ProjectBuilder:4747 - Time for Generating toolchain IDE Files: 1776mS.
2024-06-13 13:47:49,596 [INFO] ProjectBuilder:2947 - Time for Copy CMSIS : 3mS.
2024-06-13 13:47:49,628 [INFO] ProjectBuilder:2947 - Time for Copy CMSIS : 0mS.
2024-06-13 14:03:59,816 [INFO] ADCParametersView:116 -                Rank 1 : true
2024-06-13 14:03:59,817 [INFO] ADCParametersView:116 -                Rank 1 : true
2024-06-13 14:03:59,817 [INFO] ADCParametersView:116 -                Rank 1 : true
2024-06-13 14:03:59,817 [INFO] ADCParametersView:116 -                Rank 1 : true
2024-06-13 14:03:59,817 [INFO] ADCParametersView:116 -                Rank 1 : true
2024-06-13 14:03:59,817 [INFO] ADCParametersView:116 -                Rank 1 : true
2024-06-13 14:03:59,817 [INFO] ADCParametersView:116 -                Rank 1 : true
2024-06-13 14:03:59,817 [INFO] ADCParametersView:116 -                Rank 1 : true
2024-06-13 14:03:59,818 [INFO] ADCParametersView:116 -                Rank 1 : true
2024-06-13 14:03:59,818 [INFO] ADCParametersView:116 -                Rank 1 : true
2024-06-13 14:03:59,824 [INFO] ADCParametersView:116 -                Rank 1 : true
2024-06-13 14:03:59,842 [INFO] ADCParametersView:116 -                Rank 1 : true
2024-06-13 14:03:59,843 [INFO] ADCParametersView:116 -                Rank 1 : true
2024-06-13 14:03:59,843 [INFO] ADCParametersView:116 -                Rank 1 : true
2024-06-13 14:03:59,843 [INFO] ADCParametersView:116 -                Rank 1 : true
2024-06-13 14:03:59,843 [INFO] ADCParametersView:116 -                Rank 1 : true
2024-06-13 14:03:59,844 [INFO] ADCParametersView:116 -                Rank 1 : true
2024-06-13 14:03:59,844 [INFO] ADCParametersView:116 -                Rank 1 : true
2024-06-13 14:03:59,844 [INFO] ADCParametersView:116 -                Rank 1 : true
2024-06-13 14:03:59,844 [INFO] ADCParametersView:116 -                Rank 1 : true
2024-06-13 14:03:59,844 [INFO] ADCParametersView:116 -                Rank 1 : true
2024-06-13 14:03:59,853 [INFO] ADCParametersView:116 -                Rank 1 : true
2024-06-13 14:04:10,452 [INFO] NvicIntPanel:101 - NVIC parent = com.st.microxplorer.plugins.ip.nvic.MultiNvicIntPanel[,0,0,0x0,invalid,layout=javax.swing.BoxLayout,alignmentX=0.0,alignmentY=0.0,border=,flags=9,maximumSize=,minimumSize=,preferredSize=]
2024-06-13 14:04:10,511 [INFO] ADCParametersView:116 -                Rank 1 : true
2024-06-13 14:04:10,512 [INFO] ADCParametersView:116 -                Rank 1 : true
2024-06-13 14:04:10,513 [INFO] ADCParametersView:116 -                Rank 1 : true
2024-06-13 14:04:10,513 [INFO] ADCParametersView:116 -                Rank 1 : true
2024-06-13 14:04:10,513 [INFO] ADCParametersView:116 -                Rank 1 : true
2024-06-13 14:04:10,513 [INFO] ADCParametersView:116 -                Rank 1 : true
2024-06-13 14:04:10,513 [INFO] ADCParametersView:116 -                Rank 1 : true
2024-06-13 14:04:10,513 [INFO] ADCParametersView:116 -                Rank 1 : true
2024-06-13 14:04:10,513 [INFO] ADCParametersView:116 -                Rank 1 : true
2024-06-13 14:04:10,513 [INFO] ADCParametersView:116 -                Rank 1 : true
2024-06-13 14:04:10,517 [INFO] ADCParametersView:116 -                Rank 1 : true
2024-06-13 14:04:10,544 [INFO] ADCParametersView:116 -                Rank 1 : true
2024-06-13 14:04:10,552 [INFO] ADCParametersView:116 -                Rank 1 : true
2024-06-13 14:04:10,552 [INFO] ADCParametersView:116 -                Rank 1 : true
2024-06-13 14:04:10,552 [INFO] ADCParametersView:116 -                Rank 1 : true
2024-06-13 14:04:10,553 [INFO] ADCParametersView:116 -                Rank 1 : true
2024-06-13 14:04:10,554 [INFO] ADCParametersView:116 -                Rank 1 : true
2024-06-13 14:04:10,554 [INFO] ADCParametersView:116 -                Rank 1 : true
2024-06-13 14:04:10,554 [INFO] ADCParametersView:116 -                Rank 1 : true
2024-06-13 14:04:10,554 [INFO] ADCParametersView:116 -                Rank 1 : true
2024-06-13 14:04:10,554 [INFO] ADCParametersView:116 -                Rank 1 : true
2024-06-13 14:04:10,558 [INFO] ADCParametersView:116 -                Rank 1 : true
2024-06-13 14:04:10,607 [INFO] ADCParametersView:116 -                Rank 1 : true
2024-06-13 14:04:10,610 [INFO] ADCParametersView:116 -                Rank 1 : true
2024-06-13 14:04:10,610 [INFO] ADCParametersView:116 -                Rank 1 : true
2024-06-13 14:04:10,610 [INFO] ADCParametersView:116 -                Rank 1 : true
2024-06-13 14:04:10,610 [INFO] ADCParametersView:116 -                Rank 1 : true
2024-06-13 14:04:10,610 [INFO] ADCParametersView:116 -                Rank 1 : true
2024-06-13 14:04:10,610 [INFO] ADCParametersView:116 -                Rank 1 : true
2024-06-13 14:04:10,610 [INFO] ADCParametersView:116 -                Rank 1 : true
2024-06-13 14:04:10,610 [INFO] ADCParametersView:116 -                Rank 1 : true
2024-06-13 14:04:10,610 [INFO] ADCParametersView:116 -                Rank 1 : true
2024-06-13 14:04:10,614 [INFO] ADCParametersView:116 -                Rank 1 : true
2024-06-13 14:04:10,631 [INFO] ADCParametersView:116 -                Rank 1 : true
2024-06-13 14:04:10,633 [INFO] ADCParametersView:116 -                Rank 1 : true
2024-06-13 14:04:10,633 [INFO] ADCParametersView:116 -                Rank 1 : true
2024-06-13 14:04:10,633 [INFO] ADCParametersView:116 -                Rank 1 : true
2024-06-13 14:04:10,633 [INFO] ADCParametersView:116 -                Rank 1 : true
2024-06-13 14:04:10,633 [INFO] ADCParametersView:116 -                Rank 1 : true
2024-06-13 14:04:10,633 [INFO] ADCParametersView:116 -                Rank 1 : true
2024-06-13 14:04:10,633 [INFO] ADCParametersView:116 -                Rank 1 : true
2024-06-13 14:04:10,636 [INFO] ADCParametersView:116 -                Rank 1 : true
2024-06-13 14:04:10,637 [INFO] ADCParametersView:116 -                Rank 1 : true
2024-06-13 14:04:10,642 [INFO] ADCParametersView:116 -                Rank 1 : true
2024-06-13 14:04:11,505 [INFO] ADCParametersView:116 -                Rank 1 : true
2024-06-13 14:04:11,506 [INFO] ADCParametersView:116 -                Rank 1 : true
2024-06-13 14:04:11,506 [INFO] ADCParametersView:116 -                Rank 1 : true
2024-06-13 14:04:11,506 [INFO] ADCParametersView:116 -                Rank 1 : true
2024-06-13 14:04:11,506 [INFO] ADCParametersView:116 -                Rank 1 : true
2024-06-13 14:04:11,506 [INFO] ADCParametersView:116 -                Rank 1 : true
2024-06-13 14:04:11,506 [INFO] ADCParametersView:116 -                Rank 1 : true
2024-06-13 14:04:11,506 [INFO] ADCParametersView:116 -                Rank 1 : true
2024-06-13 14:04:11,506 [INFO] ADCParametersView:116 -                Rank 1 : true
2024-06-13 14:04:11,506 [INFO] ADCParametersView:116 -                Rank 1 : true
2024-06-13 14:04:11,516 [INFO] ADCParametersView:116 -                Rank 1 : true
2024-06-13 14:04:11,541 [INFO] ADCParametersView:116 -                Rank 1 : true
2024-06-13 14:04:11,548 [INFO] ADCParametersView:116 -                Rank 1 : true
2024-06-13 14:04:11,548 [INFO] ADCParametersView:116 -                Rank 1 : true
2024-06-13 14:04:11,548 [INFO] ADCParametersView:116 -                Rank 1 : true
2024-06-13 14:04:11,548 [INFO] ADCParametersView:116 -                Rank 1 : true
2024-06-13 14:04:11,548 [INFO] ADCParametersView:116 -                Rank 1 : true
2024-06-13 14:04:11,548 [INFO] ADCParametersView:116 -                Rank 1 : true
2024-06-13 14:04:11,548 [INFO] ADCParametersView:116 -                Rank 1 : true
2024-06-13 14:04:11,548 [INFO] ADCParametersView:116 -                Rank 1 : true
2024-06-13 14:04:11,548 [INFO] ADCParametersView:116 -                Rank 1 : true
2024-06-13 14:04:11,552 [INFO] ADCParametersView:116 -                Rank 1 : true
2024-06-13 14:04:11,588 [INFO] ADCParametersView:116 -                Rank 1 : true
2024-06-13 14:04:11,589 [INFO] ADCParametersView:116 -                Rank 1 : true
2024-06-13 14:04:11,589 [INFO] ADCParametersView:116 -                Rank 1 : true
2024-06-13 14:04:11,589 [INFO] ADCParametersView:116 -                Rank 1 : true
2024-06-13 14:04:11,589 [INFO] ADCParametersView:116 -                Rank 1 : true
2024-06-13 14:04:11,589 [INFO] ADCParametersView:116 -                Rank 1 : true
2024-06-13 14:04:11,589 [INFO] ADCParametersView:116 -                Rank 1 : true
2024-06-13 14:04:11,589 [INFO] ADCParametersView:116 -                Rank 1 : true
2024-06-13 14:04:11,589 [INFO] ADCParametersView:116 -                Rank 1 : true
2024-06-13 14:04:11,589 [INFO] ADCParametersView:116 -                Rank 1 : true
2024-06-13 14:04:11,593 [INFO] ADCParametersView:116 -                Rank 1 : true
2024-06-13 14:04:11,608 [INFO] ADCParametersView:116 -                Rank 1 : true
2024-06-13 14:04:11,611 [INFO] ADCParametersView:116 -                Rank 1 : true
2024-06-13 14:04:11,611 [INFO] ADCParametersView:116 -                Rank 1 : true
2024-06-13 14:04:11,611 [INFO] ADCParametersView:116 -                Rank 1 : true
2024-06-13 14:04:11,611 [INFO] ADCParametersView:116 -                Rank 1 : true
2024-06-13 14:04:11,611 [INFO] ADCParametersView:116 -                Rank 1 : true
2024-06-13 14:04:11,611 [INFO] ADCParametersView:116 -                Rank 1 : true
2024-06-13 14:04:11,611 [INFO] ADCParametersView:116 -                Rank 1 : true
2024-06-13 14:04:11,611 [INFO] ADCParametersView:116 -                Rank 1 : true
2024-06-13 14:04:11,611 [INFO] ADCParametersView:116 -                Rank 1 : true
2024-06-13 14:04:11,615 [INFO] ADCParametersView:116 -                Rank 1 : true
2024-06-13 14:04:11,652 [INFO] ADCParametersView:116 -                Rank 1 : true
2024-06-13 14:04:11,655 [INFO] ADCParametersView:116 -                Rank 1 : true
2024-06-13 14:04:11,655 [INFO] ADCParametersView:116 -                Rank 1 : true
2024-06-13 14:04:11,655 [INFO] ADCParametersView:116 -                Rank 1 : true
2024-06-13 14:04:11,655 [INFO] ADCParametersView:116 -                Rank 1 : true
2024-06-13 14:04:11,655 [INFO] ADCParametersView:116 -                Rank 1 : true
2024-06-13 14:04:11,655 [INFO] ADCParametersView:116 -                Rank 1 : true
2024-06-13 14:04:11,655 [INFO] ADCParametersView:116 -                Rank 1 : true
2024-06-13 14:04:11,655 [INFO] ADCParametersView:116 -                Rank 1 : true
2024-06-13 14:04:11,655 [INFO] ADCParametersView:116 -                Rank 1 : true
2024-06-13 14:04:11,659 [INFO] ADCParametersView:116 -                Rank 1 : true
2024-06-13 14:04:11,696 [INFO] ADCParametersView:116 -                Rank 1 : true
2024-06-13 14:04:11,698 [INFO] ADCParametersView:116 -                Rank 1 : true
2024-06-13 14:04:11,698 [INFO] ADCParametersView:116 -                Rank 1 : true
2024-06-13 14:04:11,698 [INFO] ADCParametersView:116 -                Rank 1 : true
2024-06-13 14:04:11,698 [INFO] ADCParametersView:116 -                Rank 1 : true
2024-06-13 14:04:11,698 [INFO] ADCParametersView:116 -                Rank 1 : true
2024-06-13 14:04:11,698 [INFO] ADCParametersView:116 -                Rank 1 : true
2024-06-13 14:04:11,698 [INFO] ADCParametersView:116 -                Rank 1 : true
2024-06-13 14:04:11,698 [INFO] ADCParametersView:116 -                Rank 1 : true
2024-06-13 14:04:11,698 [INFO] ADCParametersView:116 -                Rank 1 : true
2024-06-13 14:04:11,703 [INFO] ADCParametersView:116 -                Rank 1 : true
2024-06-13 14:04:16,329 [INFO] ADCParametersView:116 -                Rank 1 : true
2024-06-13 14:04:16,331 [INFO] ADCParametersView:116 -                Rank 1 : true
2024-06-13 14:04:16,331 [INFO] ADCParametersView:116 -                Rank 1 : true
2024-06-13 14:04:16,331 [INFO] ADCParametersView:116 -                Rank 1 : true
2024-06-13 14:04:16,331 [INFO] ADCParametersView:116 -                Rank 1 : true
2024-06-13 14:04:16,331 [INFO] ADCParametersView:116 -                Rank 1 : true
2024-06-13 14:04:16,331 [INFO] ADCParametersView:116 -                Rank 1 : true
2024-06-13 14:04:16,331 [INFO] ADCParametersView:116 -                Rank 1 : true
2024-06-13 14:04:16,331 [INFO] ADCParametersView:116 -                Rank 1 : true
2024-06-13 14:04:16,331 [INFO] ADCParametersView:116 -                Rank 1 : true
2024-06-13 14:04:16,335 [INFO] ADCParametersView:116 -                Rank 1 : true
2024-06-13 14:04:16,355 [INFO] ADCParametersView:116 -                Rank 1 : true
2024-06-13 14:04:16,356 [INFO] ADCParametersView:116 -                Rank 1 : true
2024-06-13 14:04:16,356 [INFO] ADCParametersView:116 -                Rank 1 : true
2024-06-13 14:04:16,356 [INFO] ADCParametersView:116 -                Rank 1 : true
2024-06-13 14:04:16,356 [INFO] ADCParametersView:116 -                Rank 1 : true
2024-06-13 14:04:16,357 [INFO] ADCParametersView:116 -                Rank 1 : true
2024-06-13 14:04:16,357 [INFO] ADCParametersView:116 -                Rank 1 : true
2024-06-13 14:04:16,357 [INFO] ADCParametersView:116 -                Rank 1 : true
2024-06-13 14:04:16,357 [INFO] ADCParametersView:116 -                Rank 1 : true
2024-06-13 14:04:16,357 [INFO] ADCParametersView:116 -                Rank 1 : true
2024-06-13 14:04:16,360 [INFO] ADCParametersView:116 -                Rank 1 : true
2024-06-13 14:04:16,391 [INFO] ADCParametersView:116 -                Rank 1 : true
2024-06-13 14:04:16,392 [INFO] ADCParametersView:116 -                Rank 1 : true
2024-06-13 14:04:16,392 [INFO] ADCParametersView:116 -                Rank 1 : true
2024-06-13 14:04:16,392 [INFO] ADCParametersView:116 -                Rank 1 : true
2024-06-13 14:04:16,392 [INFO] ADCParametersView:116 -                Rank 1 : true
2024-06-13 14:04:16,392 [INFO] ADCParametersView:116 -                Rank 1 : true
2024-06-13 14:04:16,392 [INFO] ADCParametersView:116 -                Rank 1 : true
2024-06-13 14:04:16,392 [INFO] ADCParametersView:116 -                Rank 1 : true
2024-06-13 14:04:16,392 [INFO] ADCParametersView:116 -                Rank 1 : true
2024-06-13 14:04:16,392 [INFO] ADCParametersView:116 -                Rank 1 : true
2024-06-13 14:04:16,397 [INFO] ADCParametersView:116 -                Rank 1 : true
2024-06-13 14:04:16,422 [INFO] ADCParametersView:116 -                Rank 1 : true
2024-06-13 14:04:16,423 [INFO] ADCParametersView:116 -                Rank 1 : true
2024-06-13 14:04:16,423 [INFO] ADCParametersView:116 -                Rank 1 : true
2024-06-13 14:04:16,423 [INFO] ADCParametersView:116 -                Rank 1 : true
2024-06-13 14:04:16,423 [INFO] ADCParametersView:116 -                Rank 1 : true
2024-06-13 14:04:16,423 [INFO] ADCParametersView:116 -                Rank 1 : true
2024-06-13 14:04:16,423 [INFO] ADCParametersView:116 -                Rank 1 : true
2024-06-13 14:04:16,423 [INFO] ADCParametersView:116 -                Rank 1 : true
2024-06-13 14:04:16,423 [INFO] ADCParametersView:116 -                Rank 1 : true
2024-06-13 14:04:16,423 [INFO] ADCParametersView:116 -                Rank 1 : true
2024-06-13 14:04:16,428 [INFO] ADCParametersView:116 -                Rank 1 : true
2024-06-13 14:04:16,474 [INFO] ADCParametersView:116 -                Rank 1 : true
2024-06-13 14:04:16,475 [INFO] ADCParametersView:116 -                Rank 1 : true
2024-06-13 14:04:16,475 [INFO] ADCParametersView:116 -                Rank 1 : true
2024-06-13 14:04:16,475 [INFO] ADCParametersView:116 -                Rank 1 : true
2024-06-13 14:04:16,475 [INFO] ADCParametersView:116 -                Rank 1 : true
2024-06-13 14:04:16,475 [INFO] ADCParametersView:116 -                Rank 1 : true
2024-06-13 14:04:16,475 [INFO] ADCParametersView:116 -                Rank 1 : true
2024-06-13 14:04:16,475 [INFO] ADCParametersView:116 -                Rank 1 : true
2024-06-13 14:04:16,475 [INFO] ADCParametersView:116 -                Rank 1 : true
2024-06-13 14:04:16,475 [INFO] ADCParametersView:116 -                Rank 1 : true
2024-06-13 14:04:16,478 [INFO] ADCParametersView:116 -                Rank 1 : true
2024-06-13 14:04:16,492 [INFO] ADCParametersView:116 -                Rank 1 : true
2024-06-13 14:04:16,492 [INFO] ADCParametersView:116 -                Rank 1 : true
2024-06-13 14:04:16,492 [INFO] ADCParametersView:116 -                Rank 1 : true
2024-06-13 14:04:16,492 [INFO] ADCParametersView:116 -                Rank 1 : true
2024-06-13 14:04:16,492 [INFO] ADCParametersView:116 -                Rank 1 : true
2024-06-13 14:04:16,492 [INFO] ADCParametersView:116 -                Rank 1 : true
2024-06-13 14:04:16,492 [INFO] ADCParametersView:116 -                Rank 1 : true
2024-06-13 14:04:16,492 [INFO] ADCParametersView:116 -                Rank 1 : true
2024-06-13 14:04:16,492 [INFO] ADCParametersView:116 -                Rank 1 : true
2024-06-13 14:04:16,492 [INFO] ADCParametersView:116 -                Rank 1 : true
2024-06-13 14:04:16,496 [INFO] ADCParametersView:116 -                Rank 1 : true
2024-06-13 14:04:19,136 [INFO] ADCParametersView:116 -                Rank 1 : true
2024-06-13 14:04:19,138 [INFO] ADCParametersView:116 -                Rank 1 : true
2024-06-13 14:04:19,138 [INFO] ADCParametersView:116 -                Rank 1 : true
2024-06-13 14:04:19,138 [INFO] ADCParametersView:116 -                Rank 1 : true
2024-06-13 14:04:19,138 [INFO] ADCParametersView:116 -                Rank 1 : true
2024-06-13 14:04:19,138 [INFO] ADCParametersView:116 -                Rank 1 : true
2024-06-13 14:04:19,138 [INFO] ADCParametersView:116 -                Rank 1 : true
2024-06-13 14:04:19,138 [INFO] ADCParametersView:116 -                Rank 1 : true
2024-06-13 14:04:19,138 [INFO] ADCParametersView:116 -                Rank 1 : true
2024-06-13 14:04:19,138 [INFO] ADCParametersView:116 -                Rank 1 : true
2024-06-13 14:04:19,141 [INFO] ADCParametersView:116 -                Rank 1 : true
2024-06-13 14:04:19,160 [INFO] ADCParametersView:116 -                Rank 1 : true
2024-06-13 14:04:19,163 [INFO] ADCParametersView:116 -                Rank 1 : true
2024-06-13 14:04:19,163 [INFO] ADCParametersView:116 -                Rank 1 : true
2024-06-13 14:04:19,163 [INFO] ADCParametersView:116 -                Rank 1 : true
2024-06-13 14:04:19,163 [INFO] ADCParametersView:116 -                Rank 1 : true
2024-06-13 14:04:19,163 [INFO] ADCParametersView:116 -                Rank 1 : true
2024-06-13 14:04:19,163 [INFO] ADCParametersView:116 -                Rank 1 : true
2024-06-13 14:04:19,163 [INFO] ADCParametersView:116 -                Rank 1 : true
2024-06-13 14:04:19,163 [INFO] ADCParametersView:116 -                Rank 1 : true
2024-06-13 14:04:19,163 [INFO] ADCParametersView:116 -                Rank 1 : true
2024-06-13 14:04:19,165 [INFO] ADCParametersView:116 -                Rank 1 : true
2024-06-13 14:04:19,207 [INFO] ADCParametersView:116 -                Rank 1 : true
2024-06-13 14:04:19,208 [INFO] ADCParametersView:116 -                Rank 1 : true
2024-06-13 14:04:19,208 [INFO] ADCParametersView:116 -                Rank 1 : true
2024-06-13 14:04:19,208 [INFO] ADCParametersView:116 -                Rank 1 : true
2024-06-13 14:04:19,208 [INFO] ADCParametersView:116 -                Rank 1 : true
2024-06-13 14:04:19,208 [INFO] ADCParametersView:116 -                Rank 1 : true
2024-06-13 14:04:19,208 [INFO] ADCParametersView:116 -                Rank 1 : true
2024-06-13 14:04:19,208 [INFO] ADCParametersView:116 -                Rank 1 : true
2024-06-13 14:04:19,208 [INFO] ADCParametersView:116 -                Rank 1 : true
2024-06-13 14:04:19,208 [INFO] ADCParametersView:116 -                Rank 1 : true
2024-06-13 14:04:19,211 [INFO] ADCParametersView:116 -                Rank 1 : true
2024-06-13 14:04:19,225 [INFO] ADCParametersView:116 -                Rank 1 : true
2024-06-13 14:04:19,226 [INFO] ADCParametersView:116 -                Rank 1 : true
2024-06-13 14:04:19,226 [INFO] ADCParametersView:116 -                Rank 1 : true
2024-06-13 14:04:19,226 [INFO] ADCParametersView:116 -                Rank 1 : true
2024-06-13 14:04:19,226 [INFO] ADCParametersView:116 -                Rank 1 : true
2024-06-13 14:04:19,226 [INFO] ADCParametersView:116 -                Rank 1 : true
2024-06-13 14:04:19,226 [INFO] ADCParametersView:116 -                Rank 1 : true
2024-06-13 14:04:19,226 [INFO] ADCParametersView:116 -                Rank 1 : true
2024-06-13 14:04:19,226 [INFO] ADCParametersView:116 -                Rank 1 : true
2024-06-13 14:04:19,226 [INFO] ADCParametersView:116 -                Rank 1 : true
2024-06-13 14:04:19,231 [INFO] ADCParametersView:116 -                Rank 1 : true
2024-06-13 14:04:19,275 [INFO] ADCParametersView:116 -                Rank 1 : true
2024-06-13 14:04:19,277 [INFO] ADCParametersView:116 -                Rank 1 : true
2024-06-13 14:04:19,277 [INFO] ADCParametersView:116 -                Rank 1 : true
2024-06-13 14:04:19,277 [INFO] ADCParametersView:116 -                Rank 1 : true
2024-06-13 14:04:19,277 [INFO] ADCParametersView:116 -                Rank 1 : true
2024-06-13 14:04:19,277 [INFO] ADCParametersView:116 -                Rank 1 : true
2024-06-13 14:04:19,277 [INFO] ADCParametersView:116 -                Rank 1 : true
2024-06-13 14:04:19,277 [INFO] ADCParametersView:116 -                Rank 1 : true
2024-06-13 14:04:19,277 [INFO] ADCParametersView:116 -                Rank 1 : true
2024-06-13 14:04:19,277 [INFO] ADCParametersView:116 -                Rank 1 : true
2024-06-13 14:04:19,281 [INFO] ADCParametersView:116 -                Rank 1 : true
2024-06-13 14:04:19,293 [INFO] ADCParametersView:116 -                Rank 1 : true
2024-06-13 14:04:19,294 [INFO] ADCParametersView:116 -                Rank 1 : true
2024-06-13 14:04:19,294 [INFO] ADCParametersView:116 -                Rank 1 : true
2024-06-13 14:04:19,294 [INFO] ADCParametersView:116 -                Rank 1 : true
2024-06-13 14:04:19,294 [INFO] ADCParametersView:116 -                Rank 1 : true
2024-06-13 14:04:19,294 [INFO] ADCParametersView:116 -                Rank 1 : true
2024-06-13 14:04:19,294 [INFO] ADCParametersView:116 -                Rank 1 : true
2024-06-13 14:04:19,294 [INFO] ADCParametersView:116 -                Rank 1 : true
2024-06-13 14:04:19,294 [INFO] ADCParametersView:116 -                Rank 1 : true
2024-06-13 14:04:19,294 [INFO] ADCParametersView:116 -                Rank 1 : true
2024-06-13 14:04:19,296 [INFO] ADCParametersView:116 -                Rank 1 : true
