2024-05-17 08:10:46,216 [INFO] Activator:176 - 


2024-05-17 08:10:46,229 [INFO] Activator:177 - !SESSION log4j initialized
2024-05-17 08:10:57,300 [INFO] LogOutputStream:77 - [STDOUT_REDIRECT] 
2024-05-17 08:10:59,186 [INFO] ApplicationProperties:184 - Using Application install path: C:\ST\STM32CubeIDE_1.14.1\STM32CubeIDE\plugins\com.st.stm32cube.common.mx_6.10.0.202311202037
2024-05-17 08:10:59,224 [INFO] DbMcusXml:78 - Set database path to: C:\ST\STM32CubeIDE_1.14.1\STM32CubeIDE\plugins\com.st.stm32cube.common.mx_6.10.0.202311202037\\db\/mcu/
2024-05-17 08:10:59,225 [INFO] ApiDb:274 - Set plugin database path to: C:\ST\STM32CubeIDE_1.14.1\STM32CubeIDE\plugins\com.st.stm32cube.common.mx_6.10.0.202311202037\\db\/plugins/boardmanager/
2024-05-17 08:10:59,225 [WARN] ApiDb:259 - Overriding images path with different value:  => C:\ST\STM32CubeIDE_1.14.1\STM32CubeIDE\plugins\com.st.stm32cube.common.mx_6.10.0.202311202037\\db\/plugins/mcufinder/images/
2024-05-17 08:10:59,238 [INFO] ApiDb:250 - Set database path to: C:\Users\0163022\.stmcufinder\plugins\mcufinder//mcu/
2024-05-17 08:10:59,240 [INFO] DbMcusAds:125 - Set database path to: C:\Users\0163022\.stmcufinder\plugins\mcufinder//mcu/
2024-05-17 08:10:59,243 [INFO] CrossReferenceDbSqlite:203 - Set database path to: C:\Users\0163022\.stmcufinder\plugins\mcufinder//mcu/cs/
2024-05-17 08:10:59,367 [INFO] RulesReader:64 - Compatibility file has been processed (297 Rules)
2024-05-17 08:10:59,501 [INFO] DbMcusXml:78 - Set database path to: C:\ST\STM32CubeIDE_1.14.1\STM32CubeIDE\plugins\com.st.stm32cube.common.mx_6.10.0.202311202037\\db\/mcu/
2024-05-17 08:10:59,501 [INFO] ApiDb:274 - Set plugin database path to: C:\ST\STM32CubeIDE_1.14.1\STM32CubeIDE\plugins\com.st.stm32cube.common.mx_6.10.0.202311202037\\db\/plugins/boardmanager/
2024-05-17 08:10:59,501 [INFO] ApiDb:261 - Set plugin images path to: C:\ST\STM32CubeIDE_1.14.1\STM32CubeIDE\plugins\com.st.stm32cube.common.mx_6.10.0.202311202037\\db\/plugins/mcufinder/images/
2024-05-17 08:10:59,502 [WARN] DbFile:41 - Overriding database path with different value: C:\Users\0163022\.stmcufinder\plugins\mcufinder/ => C:\Users\0163022\.stmcufinder\plugins\mcufinder
2024-05-17 08:10:59,502 [INFO] ApiDb:250 - Set database path to: C:\Users\0163022\.stmcufinder\plugins\mcufinder//mcu/
2024-05-17 08:10:59,502 [WARN] DbFile:41 - Overriding database path with different value: C:\Users\0163022\.stmcufinder\plugins\mcufinder/ => C:\Users\0163022\.stmcufinder\plugins\mcufinder
2024-05-17 08:10:59,502 [INFO] DbMcusAds:125 - Set database path to: C:\Users\0163022\.stmcufinder\plugins\mcufinder//mcu/
2024-05-17 08:10:59,502 [WARN] DbFile:41 - Overriding database path with different value: C:\Users\0163022\.stmcufinder\plugins\mcufinder/ => C:\Users\0163022\.stmcufinder\plugins\mcufinder
2024-05-17 08:10:59,502 [WARN] DbFile:41 - Overriding database path with different value: C:\Users\0163022\.stmcufinder\plugins\mcufinder/ => C:\Users\0163022\.stmcufinder\plugins\mcufinder
2024-05-17 08:10:59,503 [INFO] CrossReferenceDbSqlite:203 - Set database path to: C:\Users\0163022\.stmcufinder\plugins\mcufinder//mcu/cs/
2024-05-17 08:10:59,602 [INFO] MainPanel:264 - HeapMemory: 268435456
2024-05-17 08:10:59,708 [INFO] DbMcusXml:78 - Set database path to: C:\ST\STM32CubeIDE_1.14.1\STM32CubeIDE\plugins\com.st.stm32cube.common.mx_6.10.0.202311202037\\db\/mcu/
2024-05-17 08:10:59,708 [INFO] ApiDb:274 - Set plugin database path to: C:\ST\STM32CubeIDE_1.14.1\STM32CubeIDE\plugins\com.st.stm32cube.common.mx_6.10.0.202311202037\\db\/plugins/boardmanager/
2024-05-17 08:10:59,708 [INFO] ApiDb:261 - Set plugin images path to: C:\ST\STM32CubeIDE_1.14.1\STM32CubeIDE\plugins\com.st.stm32cube.common.mx_6.10.0.202311202037\\db\/plugins/mcufinder/images/
2024-05-17 08:10:59,709 [WARN] DbFile:41 - Overriding database path with different value: C:\Users\0163022\.stmcufinder\plugins\mcufinder/ => C:\Users\0163022\.stmcufinder\plugins\mcufinder
2024-05-17 08:10:59,709 [INFO] ApiDb:250 - Set database path to: C:\Users\0163022\.stmcufinder\plugins\mcufinder//mcu/
2024-05-17 08:10:59,709 [WARN] DbFile:41 - Overriding database path with different value: C:\Users\0163022\.stmcufinder\plugins\mcufinder/ => C:\Users\0163022\.stmcufinder\plugins\mcufinder
2024-05-17 08:10:59,709 [INFO] DbMcusAds:125 - Set database path to: C:\Users\0163022\.stmcufinder\plugins\mcufinder//mcu/
2024-05-17 08:10:59,709 [WARN] DbFile:41 - Overriding database path with different value: C:\Users\0163022\.stmcufinder\plugins\mcufinder/ => C:\Users\0163022\.stmcufinder\plugins\mcufinder
2024-05-17 08:10:59,709 [WARN] DbFile:41 - Overriding database path with different value: C:\Users\0163022\.stmcufinder\plugins\mcufinder/ => C:\Users\0163022\.stmcufinder\plugins\mcufinder
2024-05-17 08:10:59,709 [INFO] CrossReferenceDbSqlite:203 - Set database path to: C:\Users\0163022\.stmcufinder\plugins\mcufinder//mcu/cs/
2024-05-17 08:10:59,731 [INFO] ApplicationProperties:184 - Using Application install path: C:\ST\STM32CubeIDE_1.14.1\STM32CubeIDE\plugins\com.st.stm32cube.common.mx_6.10.0.202311202037
2024-05-17 08:10:59,733 [INFO] PluginManage:196 - Search for loadable plugins [exclusion list=, ]
2024-05-17 08:10:59,734 [INFO] PluginManage:310 - Check plugin analytics
2024-05-17 08:10:59,934 [INFO] AnalyticsPlugin:253 - Accepted Software Licenses: 
2024-05-17 08:10:59,934 [INFO] AnalyticsPlugin:255 - Accepted CMSIS Pack Licenses: 
2024-05-17 08:10:59,934 [INFO] AnalyticsPlugin:257 - Accepted Firmware Licenses: 
2024-05-17 08:10:59,938 [INFO] PluginManage:359 - Loaded plugin analytics (category:tool,tabindex:-1)
2024-05-17 08:10:59,938 [INFO] PluginManage:310 - Check plugin cadmodel
2024-05-17 08:10:59,945 [INFO] CADModel:105 - Init CAD model plugin
2024-05-17 08:10:59,946 [INFO] PluginManage:359 - Loaded plugin cadmodel (category:power,tabindex:5)
2024-05-17 08:10:59,946 [INFO] PluginManage:310 - Check plugin clock
2024-05-17 08:10:59,959 [INFO] PluginManage:359 - Loaded plugin clock (category:base,tabindex:2)
2024-05-17 08:10:59,959 [INFO] PluginManage:310 - Check plugin ddr
2024-05-17 08:10:59,963 [INFO] PluginManage:359 - Loaded plugin ddr (category:tool,tabindex:6)
2024-05-17 08:10:59,963 [INFO] PluginManage:310 - Check plugin filemanager
2024-05-17 08:11:00,119 [INFO] PluginManage:359 - Loaded plugin filemanager (category:base,tabindex:10)
2024-05-17 08:11:00,119 [INFO] PluginManage:310 - Check plugin ipmanager
2024-05-17 08:11:00,128 [INFO] PluginManage:359 - Loaded plugin ipmanager (category:base,tabindex:5)
2024-05-17 08:11:00,128 [INFO] PluginManage:310 - Check plugin lpbam
2024-05-17 08:11:00,136 [INFO] PluginManage:359 - Loaded plugin lpbam (category:base,tabindex:0)
2024-05-17 08:11:00,136 [INFO] PluginManage:310 - Check plugin memorymap
2024-05-17 08:11:00,151 [INFO] PluginManage:359 - Loaded plugin memorymap (category:base,tabindex:4)
2024-05-17 08:11:00,151 [INFO] PluginManage:310 - Check plugin pinoutandconfiguration
2024-05-17 08:11:00,159 [INFO] PluginManage:359 - Loaded plugin pinoutandconfiguration (category:base,tabindex:1)
2024-05-17 08:11:00,160 [INFO] PluginManage:310 - Check plugin pinoutconfig
2024-05-17 08:11:00,295 [WARN] SupportedApi:132 - Cannot load RTOS API schema: s4s-elt-must-match.1: The content of 'definitions' must match (annotation?, (simpleType | complexType)?, (unique | key | keyref)*)). A problem was found starting at: attribute.
2024-05-17 08:11:00,555 [INFO] PluginManage:359 - Loaded plugin pinoutconfig (category:base,tabindex:0)
2024-05-17 08:11:00,556 [INFO] PluginManage:310 - Check plugin power
2024-05-17 08:11:00,598 [INFO] PluginManage:359 - Loaded plugin power (category:power,tabindex:4)
2024-05-17 08:11:00,598 [INFO] PluginManage:310 - Check plugin projectmanager
2024-05-17 08:11:00,641 [INFO] PluginManage:359 - Loaded plugin projectmanager (category:projectmanager,tabindex:3)
2024-05-17 08:11:00,642 [INFO] PluginManage:310 - Check plugin thirdparty
2024-05-17 08:11:00,906 [INFO] PluginManage:359 - Loaded plugin thirdparty (category:base,tabindex:-1)
2024-05-17 08:11:00,906 [WARN] IntegrityCheckThread:84 - waiting for thirdparty lock release [integrity check]
2024-05-17 08:11:00,906 [INFO] IntegrityCheckThread:86 - entering critical section [integrity check]
2024-05-17 08:11:00,906 [INFO] PluginManage:310 - Check plugin tools
2024-05-17 08:11:00,907 [INFO] ThirdPartyUpdaterWithRetryManager:70 - Updater plugin not ready yet. [1/15]
2024-05-17 08:11:00,912 [INFO] PluginManage:359 - Loaded plugin tools (category:base,tabindex:7)
2024-05-17 08:11:00,912 [INFO] PluginManage:310 - Check plugin tutovideos
2024-05-17 08:11:01,277 [INFO] PluginManage:359 - Loaded plugin tutovideos (category:base,tabindex:-1)
2024-05-17 08:11:01,278 [INFO] PluginManage:310 - Check plugin updater
2024-05-17 08:11:01,299 [INFO] PluginManage:359 - Loaded plugin updater (category:base,tabindex:12)
2024-05-17 08:11:01,299 [INFO] PluginManage:310 - Check plugin userauth
2024-05-17 08:11:01,307 [INFO] UserAuth:114 - Init User Auth plugin
2024-05-17 08:11:01,308 [INFO] PluginManage:359 - Loaded plugin userauth (category:base,tabindex:14)
2024-05-17 08:11:01,308 [INFO] PluginManage:283 - PluginManage : Loaded plugins [17]
2024-05-17 08:11:01,691 [INFO] PinOutPanel:1499 - setPackage(No Configuration,No Configuration)
2024-05-17 08:11:01,832 [INFO] CADModel:165 - CPN selected for project level
2024-05-17 08:11:01,832 [INFO] CADModel:114 - Register for checkConnection events
2024-05-17 08:11:01,857 [INFO] IPUIPlugin:80 - create IPUIPlugin
2024-05-17 08:11:01,857 [INFO] PluginManager:220 - loadIPPluginJar : add adc
2024-05-17 08:11:01,860 [INFO] IPUIPlugin:80 - create IPUIPlugin
2024-05-17 08:11:01,860 [INFO] PluginManager:220 - loadIPPluginJar : add aes
2024-05-17 08:11:01,864 [INFO] IPUIPlugin:80 - create IPUIPlugin
2024-05-17 08:11:01,864 [INFO] PluginManager:220 - loadIPPluginJar : add can
2024-05-17 08:11:01,865 [INFO] IPUIPlugin:80 - create IPUIPlugin
2024-05-17 08:11:01,866 [INFO] PluginManager:220 - loadIPPluginJar : add comp
2024-05-17 08:11:01,869 [INFO] IPUIPlugin:80 - create IPUIPlugin
2024-05-17 08:11:01,869 [INFO] PluginManager:220 - loadIPPluginJar : add cryp
2024-05-17 08:11:01,872 [INFO] IPUIPlugin:80 - create IPUIPlugin
2024-05-17 08:11:01,872 [INFO] PluginManager:220 - loadIPPluginJar : add dfsdm
2024-05-17 08:11:01,881 [INFO] IPUIPlugin:80 - create IPUIPlugin
2024-05-17 08:11:01,882 [INFO] PluginManager:220 - loadIPPluginJar : add dma
2024-05-17 08:11:01,887 [INFO] IPUIPlugin:80 - create IPUIPlugin
2024-05-17 08:11:01,887 [INFO] PluginManager:220 - loadIPPluginJar : add dma3
2024-05-17 08:11:01,889 [INFO] IPUIPlugin:80 - create IPUIPlugin
2024-05-17 08:11:01,889 [INFO] PluginManager:220 - loadIPPluginJar : add fatfs
2024-05-17 08:11:01,896 [INFO] IPUIPlugin:80 - create IPUIPlugin
2024-05-17 08:11:01,896 [INFO] PluginManager:220 - loadIPPluginJar : add fmc
2024-05-17 08:11:01,904 [INFO] IPUIPlugin:80 - create IPUIPlugin
2024-05-17 08:11:01,904 [INFO] PluginManager:220 - loadIPPluginJar : add freertos
2024-05-17 08:11:01,906 [INFO] IPUIPlugin:80 - create IPUIPlugin
2024-05-17 08:11:01,907 [INFO] PluginManager:220 - loadIPPluginJar : add genericplugin
2024-05-17 08:11:01,911 [INFO] IPUIPlugin:80 - create IPUIPlugin
2024-05-17 08:11:01,912 [INFO] PluginManager:220 - loadIPPluginJar : add gfxmmu
2024-05-17 08:11:01,918 [INFO] IPUIPlugin:80 - create IPUIPlugin
2024-05-17 08:11:01,918 [INFO] PluginManager:220 - loadIPPluginJar : add gic
2024-05-17 08:11:01,924 [INFO] IPUIPlugin:80 - create IPUIPlugin
2024-05-17 08:11:01,924 [INFO] PluginManager:220 - loadIPPluginJar : add gpio
2024-05-17 08:11:01,928 [INFO] IPUIPlugin:80 - create IPUIPlugin
2024-05-17 08:11:01,928 [INFO] PluginManager:220 - loadIPPluginJar : add gtzc
2024-05-17 08:11:01,932 [INFO] IPUIPlugin:80 - create IPUIPlugin
2024-05-17 08:11:01,932 [INFO] PluginManager:220 - loadIPPluginJar : add hash
2024-05-17 08:11:01,937 [INFO] IPUIPlugin:80 - create IPUIPlugin
2024-05-17 08:11:01,937 [INFO] PluginManager:220 - loadIPPluginJar : add i2c
2024-05-17 08:11:01,940 [INFO] IPUIPlugin:80 - create IPUIPlugin
2024-05-17 08:11:01,940 [INFO] PluginManager:220 - loadIPPluginJar : add i2s
2024-05-17 08:11:01,944 [INFO] IPUIPlugin:80 - create IPUIPlugin
2024-05-17 08:11:01,944 [INFO] PluginManager:220 - loadIPPluginJar : add i3c
2024-05-17 08:11:01,948 [INFO] IPUIPlugin:80 - create IPUIPlugin
2024-05-17 08:11:01,949 [INFO] PluginManager:220 - loadIPPluginJar : add ipddr
2024-05-17 08:11:01,957 [INFO] IPUIPlugin:80 - create IPUIPlugin
2024-05-17 08:11:01,958 [INFO] PluginManager:220 - loadIPPluginJar : add linkedlist
2024-05-17 08:11:01,963 [INFO] IPUIPlugin:80 - create IPUIPlugin
2024-05-17 08:11:01,963 [INFO] PluginManager:220 - loadIPPluginJar : add lorawan
2024-05-17 08:11:01,966 [INFO] IPUIPlugin:80 - create IPUIPlugin
2024-05-17 08:11:01,966 [INFO] PluginManager:220 - loadIPPluginJar : add ltdc
2024-05-17 08:11:01,977 [INFO] IPUIPlugin:80 - create IPUIPlugin
2024-05-17 08:11:01,978 [INFO] PluginManager:220 - loadIPPluginJar : add mdma
2024-05-17 08:11:01,984 [INFO] IPUIPlugin:80 - create IPUIPlugin
2024-05-17 08:11:01,985 [INFO] PluginManager:220 - loadIPPluginJar : add nvic
2024-05-17 08:11:01,989 [INFO] IPUIPlugin:80 - create IPUIPlugin
2024-05-17 08:11:01,990 [INFO] PluginManager:220 - loadIPPluginJar : add opamp
2024-05-17 08:11:01,994 [INFO] IPUIPlugin:80 - create IPUIPlugin
2024-05-17 08:11:01,994 [INFO] PluginManager:220 - loadIPPluginJar : add openamp
2024-05-17 08:11:02,001 [INFO] IPUIPlugin:80 - create IPUIPlugin
2024-05-17 08:11:02,001 [INFO] PluginManager:220 - loadIPPluginJar : add pdm2pcm
2024-05-17 08:11:02,010 [INFO] IPUIPlugin:80 - create IPUIPlugin
2024-05-17 08:11:02,013 [INFO] PluginManager:220 - loadIPPluginJar : add plateformsettings
2024-05-17 08:11:02,015 [INFO] IPUIPlugin:80 - create IPUIPlugin
2024-05-17 08:11:02,016 [INFO] PluginManager:220 - loadIPPluginJar : add quadspi
2024-05-17 08:11:02,021 [INFO] IPUIPlugin:80 - create IPUIPlugin
2024-05-17 08:11:02,022 [INFO] PluginManager:220 - loadIPPluginJar : add resmgrutility
2024-05-17 08:11:02,029 [INFO] IPUIPlugin:80 - create IPUIPlugin
2024-05-17 08:11:02,029 [INFO] PluginManager:220 - loadIPPluginJar : add sai
2024-05-17 08:11:02,034 [INFO] IPUIPlugin:80 - create IPUIPlugin
2024-05-17 08:11:02,034 [INFO] PluginManager:220 - loadIPPluginJar : add spi
2024-05-17 08:11:02,049 [INFO] IPUIPlugin:80 - create IPUIPlugin
2024-05-17 08:11:02,049 [INFO] PluginManager:220 - loadIPPluginJar : add stm32_wpan
2024-05-17 08:11:02,055 [INFO] IPUIPlugin:80 - create IPUIPlugin
2024-05-17 08:11:02,055 [INFO] PluginManager:220 - loadIPPluginJar : add tim
2024-05-17 08:11:02,062 [INFO] IPUIPlugin:80 - create IPUIPlugin
2024-05-17 08:11:02,062 [INFO] PluginManager:220 - loadIPPluginJar : add touchsensing
2024-05-17 08:11:02,067 [INFO] IPUIPlugin:80 - create IPUIPlugin
2024-05-17 08:11:02,067 [INFO] PluginManager:220 - loadIPPluginJar : add tracer_emb
2024-05-17 08:11:02,070 [INFO] IPUIPlugin:80 - create IPUIPlugin
2024-05-17 08:11:02,070 [INFO] PluginManager:220 - loadIPPluginJar : add ts
2024-05-17 08:11:02,073 [INFO] IPUIPlugin:80 - create IPUIPlugin
2024-05-17 08:11:02,074 [INFO] PluginManager:220 - loadIPPluginJar : add tsc
2024-05-17 08:11:02,078 [INFO] IPUIPlugin:80 - create IPUIPlugin
2024-05-17 08:11:02,078 [INFO] PluginManager:220 - loadIPPluginJar : add ucpd
2024-05-17 08:11:02,090 [INFO] IPUIPlugin:80 - create IPUIPlugin
2024-05-17 08:11:02,091 [INFO] PluginManager:220 - loadIPPluginJar : add usart
2024-05-17 08:11:02,098 [INFO] IPUIPlugin:80 - create IPUIPlugin
2024-05-17 08:11:02,098 [INFO] PluginManager:220 - loadIPPluginJar : add usbx
2024-05-17 08:11:02,290 [INFO] CADModel:165 - CPN selected for project level
2024-05-17 08:11:02,290 [INFO] CADModel:114 - Register for checkConnection events
2024-05-17 08:11:02,291 [FATAL] Updater:308 - Updater called before beeing initialized
2024-05-17 08:11:02,291 [ERROR] CADModel:125 - Updater not yet initialized, retry later 
2024-05-17 08:11:02,648 [INFO] CADModel:165 - CPN selected for project level
2024-05-17 08:11:02,648 [INFO] CADModel:114 - Register for checkConnection events
2024-05-17 08:11:02,648 [FATAL] Updater:308 - Updater called before beeing initialized
2024-05-17 08:11:02,648 [ERROR] CADModel:125 - Updater not yet initialized, retry later 
2024-05-17 08:11:02,655 [FATAL] Updater:308 - Updater called before beeing initialized
2024-05-17 08:11:02,872 [FATAL] Updater:308 - Updater called before beeing initialized
2024-05-17 08:11:02,878 [INFO] DbMcusAds:53 - JSON generation date=Thu May 02 10:37:29 SAST 2024 (1714639049318)
2024-05-17 08:11:02,878 [FATAL] Updater:308 - Updater called before beeing initialized
2024-05-17 08:11:02,919 [WARN] DetailPanel:346 - Failed to get advertising image, set to default
2024-05-17 08:11:03,124 [FATAL] Updater:308 - Updater called before beeing initialized
2024-05-17 08:11:03,127 [FATAL] Updater:308 - Updater called before beeing initialized
2024-05-17 08:11:03,128 [FATAL] Updater:308 - Updater called before beeing initialized
2024-05-17 08:11:03,128 [WARN] DetailPanel:346 - Failed to get advertising image, set to default
2024-05-17 08:11:03,129 [FATAL] Updater:308 - Updater called before beeing initialized
2024-05-17 08:11:03,244 [ERROR] Updater:1120 - MainUpdater not yet initialized. External WinMGr cannot be set.
2024-05-17 08:11:03,254 [INFO] Updater:1056 - Updater Version found : 6.10.0
2024-05-17 08:11:03,294 [INFO] ApplicationProperties:184 - Using Application install path: C:\ST\STM32CubeIDE_1.14.1\STM32CubeIDE\plugins\com.st.stm32cube.common.mx_6.10.0.202311202037
2024-05-17 08:11:03,803 [INFO] MainUpdater:2873 - connection check result : 10
2024-05-17 08:11:03,804 [INFO] MainUpdater:290 - Updater Check For Update Now.
2024-05-17 08:11:03,805 [INFO] MicroXplorer:498 - Change Database Version : DB.6.0.100
2024-05-17 08:11:03,820 [INFO] McuFinderGlobals:63 - Set McuFinder mode to 2 (CubeIDE integrated)
2024-05-17 08:11:03,909 [WARN] MainUpdater:1194 - Updater busy. Cannot search thirdparties
2024-05-17 08:11:03,910 [INFO] ThirdPartyUpdaterWithRetryManager:96 - Updater plugin is busy. [1/15]
2024-05-17 08:11:04,141 [INFO] CheckServerUpdateThread:120 - End of CheckServer Thread
2024-05-17 08:11:04,779 [INFO] UserAuth:404 - Internet connection configuration mode: 1
2024-05-17 08:11:04,799 [INFO] JxBrowserEngine:152 - Initiate JxBrowser Engine with user profile folder
2024-05-17 08:11:06,855 [INFO] WebApp:161 - Instantiating new browser for Auth
2024-05-17 08:11:07,258 [WARN] PackLoader:240 - Cannot read IP mode file for STMicroelectronics.FP-SNS-MOTENVWB1.1.4.0
2024-05-17 08:11:07,275 [WARN] PackLoader:240 - Cannot read IP mode file for STMicroelectronics.X-CUBE-SMBUS.2.1.0
2024-05-17 08:11:07,285 [WARN] PackLoader:240 - Cannot read IP mode file for STMicroelectronics.X-CUBE-TOUCHGFX.4.23.2
2024-05-17 08:11:07,327 [WARN] PackLoader:240 - Cannot read IP mode file for STMicroelectronics.X-CUBE-AZRTOS-F7.1.1.0
2024-05-17 08:11:07,347 [WARN] PackLoader:240 - Cannot read IP mode file for STMicroelectronics.FP-SNS-FLIGHT1.5.0.2
2024-05-17 08:11:07,364 [WARN] PackLoader:240 - Cannot read IP mode file for STMicroelectronics.X-CUBE-DISPLAY.3.0.0
2024-05-17 08:11:07,392 [WARN] PackLoader:240 - Cannot read IP mode file for STMicroelectronics.X-CUBE-BLE1.7.0.0
2024-05-17 08:11:07,404 [WARN] PackLoader:240 - Cannot read IP mode file for emotas.I-CUBE-CANOPEN.1.3.0
2024-05-17 08:11:07,426 [WARN] PackLoader:240 - Cannot read IP mode file for STMicroelectronics.X-CUBE-BLEMGR.3.1.0
2024-05-17 08:11:07,443 [WARN] PackLoader:240 - Cannot read IP mode file for STMicroelectronics.FP-SNS-SMARTAG2.1.2.0
2024-05-17 08:11:07,462 [INFO] LogOutputStream:77 - [STDOUT_REDIRECT] 1 : Invalid condition id : UX_CORESTACK_Condition cause : null
2024-05-17 08:11:07,463 [INFO] LogOutputStream:77 - [STDOUT_REDIRECT] 1 : Invalid condition id : UX_CORESTACK_Condition cause : null
2024-05-17 08:11:07,465 [INFO] LogOutputStream:77 - [STDOUT_REDIRECT] 1 : Invalid condition id : UX_CORESTACK_Condition cause : null
2024-05-17 08:11:07,468 [INFO] LogOutputStream:77 - [STDOUT_REDIRECT] 1 : Invalid condition id : UX_CORESTACK_Condition cause : null
2024-05-17 08:11:07,471 [INFO] LogOutputStream:77 - [STDOUT_REDIRECT] 1 : Invalid condition id : UX_CORESTACK_Condition cause : null
2024-05-17 08:11:07,484 [WARN] PackLoader:240 - Cannot read IP mode file for STMicroelectronics.X-CUBE-AZRTOS-WL.2.0.0
2024-05-17 08:11:07,496 [WARN] PackLoader:240 - Cannot read IP mode file for STMicroelectronics.FP-SNS-MOTENV1.5.0.0
2024-05-17 08:11:07,517 [WARN] PackLoader:240 - Cannot read IP mode file for WES.I-CUBE-Cesium.1.3.0
2024-05-17 08:11:07,540 [WARN] PackLoader:240 - Cannot read IP mode file for STMicroelectronics.X-CUBE-BLE2.3.3.0
2024-05-17 08:11:07,553 [WARN] PackLoader:240 - Cannot read IP mode file for STMicroelectronics.X-CUBE-TCPP.4.1.0
2024-05-17 08:11:07,564 [WARN] PackLoader:240 - Cannot read IP mode file for STMicroelectronics.X-CUBE-ALGOBUILD.1.3.0
2024-05-17 08:11:07,595 [WARN] PackLoader:240 - Cannot read IP mode file for STMicroelectronics.X-CUBE-AZRTOS-G0.1.1.0
2024-05-17 08:11:07,610 [WARN] PackLoader:240 - Cannot read IP mode file for STMicroelectronics.X-CUBE-SAFEA1.1.2.2
2024-05-17 08:11:07,622 [WARN] PackLoader:240 - Cannot read IP mode file for STMicroelectronics.X-CUBE-NFC4.3.0.0
2024-05-17 08:11:07,630 [WARN] PackLoader:240 - Cannot read IP mode file for wolfSSL.I-CUBE-wolfSSL.5.7.0
2024-05-17 08:11:07,635 [WARN] PackLoader:240 - Cannot read IP mode file for STMicroelectronics.FP-ATR-SIGFOX1.3.2.0
2024-05-17 08:11:07,643 [WARN] PackLoader:240 - Cannot read IP mode file for STMicroelectronics.X-CUBE-EEPRMA1.5.1.0
2024-05-17 08:11:07,654 [WARN] PackLoader:240 - Cannot read IP mode file for ITTIA_DB.I-CUBE-ITTIADB.8.9.0
2024-05-17 08:11:07,698 [WARN] PackLoader:240 - Cannot read IP mode file for SEGGER.I-CUBE-embOS.1.3.1
2024-05-17 08:11:07,779 [WARN] PackLoader:240 - Cannot read IP mode file for STMicroelectronics.X-CUBE-ALGOBUILD.1.4.0
2024-05-17 08:11:07,790 [WARN] PackLoader:240 - Cannot read IP mode file for STMicroelectronics.X-CUBE-GNSS1.6.0.0
2024-05-17 08:11:07,812 [WARN] PackLoader:240 - Cannot read IP mode file for STMicroelectronics.X-CUBE-AZRTOS-F4.1.1.0
2024-05-17 08:11:07,825 [WARN] PackLoader:240 - Cannot read IP mode file for STMicroelectronics.X-CUBE-FREERTOS.1.2.0
2024-05-17 08:11:07,844 [WARN] PackLoader:240 - Cannot read IP mode file for STMicroelectronics.X-CUBE-AZRTOS-L5.2.0.0
2024-05-17 08:11:07,862 [WARN] PackLoader:240 - Cannot read IP mode file for STMicroelectronics.X-CUBE-NFC6.3.1.0
2024-05-17 08:11:07,880 [WARN] PackLoader:240 - Cannot read IP mode file for STMicroelectronics.X-CUBE-AI.9.0.0
2024-05-17 08:11:07,890 [WARN] PackLoader:240 - Cannot read IP mode file for STMicroelectronics.X-CUBE-NFC7.1.0.1
2024-05-17 08:11:07,895 [WARN] PackLoader:240 - Cannot read IP mode file for STMicroelectronics.X-CUBE-AI.8.1.0
2024-05-17 08:11:07,919 [WARN] ConditionMgr:438 - getConditionDescription Invalid condition id : LAN8742 Phy interface Condition cause : null
2024-05-17 08:11:07,920 [WARN] PackLoader:240 - Cannot read IP mode file for STMicroelectronics.X-CUBE-AZRTOS-L4.2.0.0
2024-05-17 08:11:07,923 [WARN] ConditionMgr:1039 - genDependencies : Invalid condition id : LAN8742 Phy interface Condition cause : null
2024-05-17 08:11:07,923 [WARN] ConditionMgr:1039 - genDependencies : Invalid condition id : LAN8742 Phy interface Condition cause : null
2024-05-17 08:11:07,924 [WARN] ConditionMgr:1039 - genDependencies : Invalid condition id : LAN8742 Phy interface Condition cause : null
2024-05-17 08:11:07,935 [WARN] PackLoader:240 - Cannot read IP mode file for STMicroelectronics.X-CUBE-SFXS2LP1.4.0.0
2024-05-17 08:11:07,962 [WARN] ConditionMgr:438 - getConditionDescription Invalid condition id : UX DEVICE CLASS RTOS Condition cause : null
2024-05-17 08:11:07,963 [WARN] ConditionMgr:438 - getConditionDescription Invalid condition id : UX DEVICE CLASS RTOS Condition cause : null
2024-05-17 08:11:07,965 [WARN] PackLoader:240 - Cannot read IP mode file for STMicroelectronics.X-CUBE-AZRTOS-WB.2.0.0
2024-05-17 08:11:07,966 [WARN] ConditionMgr:1039 - genDependencies : Invalid condition id : UX DEVICE CLASS RTOS Condition cause : null
2024-05-17 08:11:07,966 [WARN] ConditionMgr:1039 - genDependencies : Invalid condition id : UX DEVICE CLASS RTOS Condition cause : null
2024-05-17 08:11:07,966 [WARN] ConditionMgr:1039 - genDependencies : Invalid condition id : UX DEVICE CLASS RTOS Condition cause : null
2024-05-17 08:11:07,967 [WARN] ConditionMgr:1039 - genDependencies : Invalid condition id : UX DEVICE CLASS RTOS Condition cause : null
2024-05-17 08:11:07,967 [WARN] ConditionMgr:1039 - genDependencies : Invalid condition id : UX DEVICE CLASS RTOS Condition cause : null
2024-05-17 08:11:07,978 [WARN] PackLoader:240 - Cannot read IP mode file for STMicroelectronics.X-CUBE-SUBG2.5.0.0
2024-05-17 08:11:08,001 [WARN] PackLoader:240 - Cannot read IP mode file for STMicroelectronics.X-CUBE-AZRTOS-G4.2.0.0
2024-05-17 08:11:08,014 [WARN] PackLoader:240 - Cannot read IP mode file for STMicroelectronics.FP-SNS-MOTENVWB1.1.3.1
2024-05-17 08:11:08,020 [WARN] PackLoader:240 - Cannot read IP mode file for STMicroelectronics.X-CUBE-ISPU.2.0.0
2024-05-17 08:11:08,062 [WARN] PackLoader:240 - Cannot read IP mode file for STMicroelectronics.X-CUBE-MEMS1.10.0.0
2024-05-17 08:11:08,217 [WARN] PackLoader:240 - Cannot read IP mode file for STMicroelectronics.X-CUBE-FREERTOS.1.1.0
2024-05-17 08:11:08,228 [WARN] PackLoader:240 - Cannot read IP mode file for portGmbH.I-Cube-SoM-uGOAL.1.1.0
2024-05-17 08:11:08,266 [WARN] PackLoader:240 - Cannot read IP mode file for STMicroelectronics.X-CUBE-ALS.1.0.1
2024-05-17 08:11:08,314 [WARN] PackLoader:240 - Cannot read IP mode file for STMicroelectronics.X-CUBE-AZRTOS-H7RS.1.0.0
2024-05-17 08:11:08,324 [WARN] PackLoader:240 - Cannot read IP mode file for STMicroelectronics.FP-ATR-ASTRA1.2.0.0
2024-05-17 08:11:08,339 [WARN] PackLoader:240 - Cannot read IP mode file for STMicroelectronics.X-CUBE-TOF1.3.4.1
2024-05-17 08:11:08,378 [WARN] PackLoader:240 - Cannot read IP mode file for STMicroelectronics.X-CUBE-AZRTOS-H7.3.2.0
2024-05-17 08:11:08,399 [WARN] PackLoader:240 - Cannot read IP mode file for Infineon.AIROC-Wi-Fi-Bluetooth-STM32.1.6.0
2024-05-17 08:11:08,404 [INFO] ThirdParty:978 - Integrity check success = true
2024-05-17 08:11:08,404 [INFO] IntegrityCheckThread:100 - exiting critical section [integrity check]
2024-05-17 08:11:08,404 [INFO] IntegrityCheckThread:103 - End integrity checks thread
2024-05-17 08:11:18,353 [INFO] WebApp:780 - Register for checkConnection events
2024-05-17 08:11:18,353 [INFO] WebApp:414 - Apply proxy settings
2024-05-17 08:11:18,354 [INFO] WebApp:499 - Chromium requires no authentication
2024-05-17 08:11:18,365 [INFO] WebApp:442 - Direct internet connection detected
2024-05-17 08:11:18,631 [INFO] WebApp:192 - Starting web application
2024-05-17 08:11:18,632 [INFO] WebApp:544 - Web application path used C:\ST\STM32CubeIDE_1.14.1\STM32CubeIDE\plugins\com.st.stm32cube.common.mx_6.10.0.202311202037\db\plugins\mcufinder\reactClient1\index.html
2024-05-17 08:11:39,607 [ERROR] LogOutputStream:75 - [STDERR_REDIRECT] SLF4J: Failed to load class "org.slf4j.impl.StaticLoggerBinder".
2024-05-17 08:11:39,608 [ERROR] LogOutputStream:75 - [STDERR_REDIRECT] SLF4J: Defaulting to no-operation (NOP) logger implementation
2024-05-17 08:11:39,609 [ERROR] LogOutputStream:75 - [STDERR_REDIRECT] SLF4J: See http://www.slf4j.org/codes.html#StaticLoggerBinder for further details.
