2024-07-01 08:54:19,781 [ERROR] LogOutputStream:75 - [STDERR_REDIRECT] 
2024-07-01 08:54:29,962 [INFO] Activator:176 - 


2024-07-01 08:54:29,964 [INFO] Activator:177 - !SESSION log4j initialized
2024-07-01 08:54:35,000 [INFO] LogOutputStream:77 - [STDOUT_REDIRECT] 
2024-07-01 08:54:36,399 [INFO] ApplicationProperties:184 - Using Application install path: C:\ST\STM32CubeIDE_1.14.1\STM32CubeIDE\plugins\com.st.stm32cube.common.mx_6.10.0.202311202037
2024-07-01 08:54:36,424 [INFO] DbMcusXml:78 - Set database path to: C:\ST\STM32CubeIDE_1.14.1\STM32CubeIDE\plugins\com.st.stm32cube.common.mx_6.10.0.202311202037\\db\/mcu/
2024-07-01 08:54:36,426 [INFO] ApiDb:274 - Set plugin database path to: C:\ST\STM32CubeIDE_1.14.1\STM32CubeIDE\plugins\com.st.stm32cube.common.mx_6.10.0.202311202037\\db\/plugins/boardmanager/
2024-07-01 08:54:36,426 [WARN] ApiDb:259 - Overriding images path with different value:  => C:\ST\STM32CubeIDE_1.14.1\STM32CubeIDE\plugins\com.st.stm32cube.common.mx_6.10.0.202311202037\\db\/plugins/mcufinder/images/
2024-07-01 08:54:36,439 [INFO] ApiDb:250 - Set database path to: C:\Users\0163022\.stmcufinder\plugins\mcufinder//mcu/
2024-07-01 08:54:36,440 [INFO] DbMcusAds:125 - Set database path to: C:\Users\0163022\.stmcufinder\plugins\mcufinder//mcu/
2024-07-01 08:54:36,442 [INFO] CrossReferenceDbSqlite:203 - Set database path to: C:\Users\0163022\.stmcufinder\plugins\mcufinder//mcu/cs/
2024-07-01 08:54:36,576 [INFO] RulesReader:64 - Compatibility file has been processed (297 Rules)
2024-07-01 08:54:36,653 [INFO] DbMcusXml:78 - Set database path to: C:\ST\STM32CubeIDE_1.14.1\STM32CubeIDE\plugins\com.st.stm32cube.common.mx_6.10.0.202311202037\\db\/mcu/
2024-07-01 08:54:36,653 [INFO] ApiDb:274 - Set plugin database path to: C:\ST\STM32CubeIDE_1.14.1\STM32CubeIDE\plugins\com.st.stm32cube.common.mx_6.10.0.202311202037\\db\/plugins/boardmanager/
2024-07-01 08:54:36,654 [INFO] ApiDb:261 - Set plugin images path to: C:\ST\STM32CubeIDE_1.14.1\STM32CubeIDE\plugins\com.st.stm32cube.common.mx_6.10.0.202311202037\\db\/plugins/mcufinder/images/
2024-07-01 08:54:36,654 [WARN] DbFile:41 - Overriding database path with different value: C:\Users\0163022\.stmcufinder\plugins\mcufinder/ => C:\Users\0163022\.stmcufinder\plugins\mcufinder
2024-07-01 08:54:36,654 [INFO] ApiDb:250 - Set database path to: C:\Users\0163022\.stmcufinder\plugins\mcufinder//mcu/
2024-07-01 08:54:36,654 [WARN] DbFile:41 - Overriding database path with different value: C:\Users\0163022\.stmcufinder\plugins\mcufinder/ => C:\Users\0163022\.stmcufinder\plugins\mcufinder
2024-07-01 08:54:36,654 [INFO] DbMcusAds:125 - Set database path to: C:\Users\0163022\.stmcufinder\plugins\mcufinder//mcu/
2024-07-01 08:54:36,654 [WARN] DbFile:41 - Overriding database path with different value: C:\Users\0163022\.stmcufinder\plugins\mcufinder/ => C:\Users\0163022\.stmcufinder\plugins\mcufinder
2024-07-01 08:54:36,654 [WARN] DbFile:41 - Overriding database path with different value: C:\Users\0163022\.stmcufinder\plugins\mcufinder/ => C:\Users\0163022\.stmcufinder\plugins\mcufinder
2024-07-01 08:54:36,654 [INFO] CrossReferenceDbSqlite:203 - Set database path to: C:\Users\0163022\.stmcufinder\plugins\mcufinder//mcu/cs/
2024-07-01 08:54:36,753 [INFO] MainPanel:264 - HeapMemory: 268435456
2024-07-01 08:54:36,855 [INFO] DbMcusXml:78 - Set database path to: C:\ST\STM32CubeIDE_1.14.1\STM32CubeIDE\plugins\com.st.stm32cube.common.mx_6.10.0.202311202037\\db\/mcu/
2024-07-01 08:54:36,855 [INFO] ApiDb:274 - Set plugin database path to: C:\ST\STM32CubeIDE_1.14.1\STM32CubeIDE\plugins\com.st.stm32cube.common.mx_6.10.0.202311202037\\db\/plugins/boardmanager/
2024-07-01 08:54:36,855 [INFO] ApiDb:261 - Set plugin images path to: C:\ST\STM32CubeIDE_1.14.1\STM32CubeIDE\plugins\com.st.stm32cube.common.mx_6.10.0.202311202037\\db\/plugins/mcufinder/images/
2024-07-01 08:54:36,856 [WARN] DbFile:41 - Overriding database path with different value: C:\Users\0163022\.stmcufinder\plugins\mcufinder/ => C:\Users\0163022\.stmcufinder\plugins\mcufinder
2024-07-01 08:54:36,856 [INFO] ApiDb:250 - Set database path to: C:\Users\0163022\.stmcufinder\plugins\mcufinder//mcu/
2024-07-01 08:54:36,856 [WARN] DbFile:41 - Overriding database path with different value: C:\Users\0163022\.stmcufinder\plugins\mcufinder/ => C:\Users\0163022\.stmcufinder\plugins\mcufinder
2024-07-01 08:54:36,856 [INFO] DbMcusAds:125 - Set database path to: C:\Users\0163022\.stmcufinder\plugins\mcufinder//mcu/
2024-07-01 08:54:36,856 [WARN] DbFile:41 - Overriding database path with different value: C:\Users\0163022\.stmcufinder\plugins\mcufinder/ => C:\Users\0163022\.stmcufinder\plugins\mcufinder
2024-07-01 08:54:36,856 [WARN] DbFile:41 - Overriding database path with different value: C:\Users\0163022\.stmcufinder\plugins\mcufinder/ => C:\Users\0163022\.stmcufinder\plugins\mcufinder
2024-07-01 08:54:36,856 [INFO] CrossReferenceDbSqlite:203 - Set database path to: C:\Users\0163022\.stmcufinder\plugins\mcufinder//mcu/cs/
2024-07-01 08:54:36,872 [INFO] ApplicationProperties:184 - Using Application install path: C:\ST\STM32CubeIDE_1.14.1\STM32CubeIDE\plugins\com.st.stm32cube.common.mx_6.10.0.202311202037
2024-07-01 08:54:36,873 [INFO] PluginManage:196 - Search for loadable plugins [exclusion list=, ]
2024-07-01 08:54:36,874 [INFO] PluginManage:310 - Check plugin analytics
2024-07-01 08:54:36,975 [INFO] AnalyticsPlugin:253 - Accepted Software Licenses: 
2024-07-01 08:54:36,975 [INFO] AnalyticsPlugin:255 - Accepted CMSIS Pack Licenses: 
2024-07-01 08:54:36,975 [INFO] AnalyticsPlugin:257 - Accepted Firmware Licenses: 
2024-07-01 08:54:36,977 [INFO] PluginManage:359 - Loaded plugin analytics (category:tool,tabindex:-1)
2024-07-01 08:54:36,977 [INFO] PluginManage:310 - Check plugin cadmodel
2024-07-01 08:54:36,981 [INFO] CADModel:105 - Init CAD model plugin
2024-07-01 08:54:36,981 [INFO] PluginManage:359 - Loaded plugin cadmodel (category:power,tabindex:5)
2024-07-01 08:54:36,981 [INFO] PluginManage:310 - Check plugin clock
2024-07-01 08:54:36,988 [INFO] PluginManage:359 - Loaded plugin clock (category:base,tabindex:2)
2024-07-01 08:54:36,988 [INFO] PluginManage:310 - Check plugin ddr
2024-07-01 08:54:36,990 [INFO] PluginManage:359 - Loaded plugin ddr (category:tool,tabindex:6)
2024-07-01 08:54:36,990 [INFO] PluginManage:310 - Check plugin filemanager
2024-07-01 08:54:37,131 [INFO] PluginManage:359 - Loaded plugin filemanager (category:base,tabindex:10)
2024-07-01 08:54:37,131 [INFO] PluginManage:310 - Check plugin ipmanager
2024-07-01 08:54:37,139 [INFO] PluginManage:359 - Loaded plugin ipmanager (category:base,tabindex:5)
2024-07-01 08:54:37,139 [INFO] PluginManage:310 - Check plugin lpbam
2024-07-01 08:54:37,145 [INFO] PluginManage:359 - Loaded plugin lpbam (category:base,tabindex:0)
2024-07-01 08:54:37,145 [INFO] PluginManage:310 - Check plugin memorymap
2024-07-01 08:54:37,156 [INFO] PluginManage:359 - Loaded plugin memorymap (category:base,tabindex:4)
2024-07-01 08:54:37,156 [INFO] PluginManage:310 - Check plugin pinoutandconfiguration
2024-07-01 08:54:37,163 [INFO] PluginManage:359 - Loaded plugin pinoutandconfiguration (category:base,tabindex:1)
2024-07-01 08:54:37,163 [INFO] PluginManage:310 - Check plugin pinoutconfig
2024-07-01 08:54:37,266 [WARN] SupportedApi:132 - Cannot load RTOS API schema: s4s-elt-must-match.1: The content of 'definitions' must match (annotation?, (simpleType | complexType)?, (unique | key | keyref)*)). A problem was found starting at: attribute.
2024-07-01 08:54:37,417 [INFO] PluginManage:359 - Loaded plugin pinoutconfig (category:base,tabindex:0)
2024-07-01 08:54:37,418 [INFO] PluginManage:310 - Check plugin power
2024-07-01 08:54:37,428 [INFO] PluginManage:359 - Loaded plugin power (category:power,tabindex:4)
2024-07-01 08:54:37,428 [INFO] PluginManage:310 - Check plugin projectmanager
2024-07-01 08:54:37,443 [INFO] PluginManage:359 - Loaded plugin projectmanager (category:projectmanager,tabindex:3)
2024-07-01 08:54:37,443 [INFO] PluginManage:310 - Check plugin thirdparty
2024-07-01 08:54:37,534 [INFO] PluginManage:359 - Loaded plugin thirdparty (category:base,tabindex:-1)
2024-07-01 08:54:37,534 [WARN] IntegrityCheckThread:84 - waiting for thirdparty lock release [integrity check]
2024-07-01 08:54:37,534 [INFO] PluginManage:310 - Check plugin tools
2024-07-01 08:54:37,534 [INFO] IntegrityCheckThread:86 - entering critical section [integrity check]
2024-07-01 08:54:37,534 [INFO] ThirdPartyUpdaterWithRetryManager:70 - Updater plugin not ready yet. [1/15]
2024-07-01 08:54:37,536 [INFO] PluginManage:359 - Loaded plugin tools (category:base,tabindex:7)
2024-07-01 08:54:37,536 [INFO] PluginManage:310 - Check plugin tutovideos
2024-07-01 08:54:37,686 [INFO] PluginManage:359 - Loaded plugin tutovideos (category:base,tabindex:-1)
2024-07-01 08:54:37,686 [INFO] PluginManage:310 - Check plugin updater
2024-07-01 08:54:37,708 [INFO] PluginManage:359 - Loaded plugin updater (category:base,tabindex:12)
2024-07-01 08:54:37,708 [INFO] PluginManage:310 - Check plugin userauth
2024-07-01 08:54:37,713 [INFO] UserAuth:114 - Init User Auth plugin
2024-07-01 08:54:37,713 [INFO] PluginManage:359 - Loaded plugin userauth (category:base,tabindex:14)
2024-07-01 08:54:37,713 [INFO] PluginManage:283 - PluginManage : Loaded plugins [17]
2024-07-01 08:54:37,921 [INFO] PinOutPanel:1499 - setPackage(No Configuration,No Configuration)
2024-07-01 08:54:37,997 [INFO] CADModel:165 - CPN selected for project level
2024-07-01 08:54:37,997 [INFO] CADModel:114 - Register for checkConnection events
2024-07-01 08:54:38,012 [INFO] IPUIPlugin:80 - create IPUIPlugin
2024-07-01 08:54:38,012 [INFO] PluginManager:220 - loadIPPluginJar : add adc
2024-07-01 08:54:38,014 [INFO] IPUIPlugin:80 - create IPUIPlugin
2024-07-01 08:54:38,014 [INFO] PluginManager:220 - loadIPPluginJar : add aes
2024-07-01 08:54:38,016 [INFO] IPUIPlugin:80 - create IPUIPlugin
2024-07-01 08:54:38,016 [INFO] PluginManager:220 - loadIPPluginJar : add can
2024-07-01 08:54:38,017 [INFO] IPUIPlugin:80 - create IPUIPlugin
2024-07-01 08:54:38,018 [INFO] PluginManager:220 - loadIPPluginJar : add comp
2024-07-01 08:54:38,019 [INFO] IPUIPlugin:80 - create IPUIPlugin
2024-07-01 08:54:38,019 [INFO] PluginManager:220 - loadIPPluginJar : add cryp
2024-07-01 08:54:38,021 [INFO] IPUIPlugin:80 - create IPUIPlugin
2024-07-01 08:54:38,021 [INFO] PluginManager:220 - loadIPPluginJar : add dfsdm
2024-07-01 08:54:38,026 [INFO] IPUIPlugin:80 - create IPUIPlugin
2024-07-01 08:54:38,026 [INFO] PluginManager:220 - loadIPPluginJar : add dma
2024-07-01 08:54:38,029 [INFO] IPUIPlugin:80 - create IPUIPlugin
2024-07-01 08:54:38,029 [INFO] PluginManager:220 - loadIPPluginJar : add dma3
2024-07-01 08:54:38,030 [INFO] IPUIPlugin:80 - create IPUIPlugin
2024-07-01 08:54:38,030 [INFO] PluginManager:220 - loadIPPluginJar : add fatfs
2024-07-01 08:54:38,033 [INFO] IPUIPlugin:80 - create IPUIPlugin
2024-07-01 08:54:38,033 [INFO] PluginManager:220 - loadIPPluginJar : add fmc
2024-07-01 08:54:38,039 [INFO] IPUIPlugin:80 - create IPUIPlugin
2024-07-01 08:54:38,039 [INFO] PluginManager:220 - loadIPPluginJar : add freertos
2024-07-01 08:54:38,040 [INFO] IPUIPlugin:80 - create IPUIPlugin
2024-07-01 08:54:38,040 [INFO] PluginManager:220 - loadIPPluginJar : add genericplugin
2024-07-01 08:54:38,042 [INFO] IPUIPlugin:80 - create IPUIPlugin
2024-07-01 08:54:38,043 [INFO] PluginManager:220 - loadIPPluginJar : add gfxmmu
2024-07-01 08:54:38,047 [INFO] IPUIPlugin:80 - create IPUIPlugin
2024-07-01 08:54:38,047 [INFO] PluginManager:220 - loadIPPluginJar : add gic
2024-07-01 08:54:38,050 [INFO] IPUIPlugin:80 - create IPUIPlugin
2024-07-01 08:54:38,051 [INFO] PluginManager:220 - loadIPPluginJar : add gpio
2024-07-01 08:54:38,053 [INFO] IPUIPlugin:80 - create IPUIPlugin
2024-07-01 08:54:38,053 [INFO] PluginManager:220 - loadIPPluginJar : add gtzc
2024-07-01 08:54:38,055 [INFO] IPUIPlugin:80 - create IPUIPlugin
2024-07-01 08:54:38,055 [INFO] PluginManager:220 - loadIPPluginJar : add hash
2024-07-01 08:54:38,056 [INFO] IPUIPlugin:80 - create IPUIPlugin
2024-07-01 08:54:38,056 [INFO] PluginManager:220 - loadIPPluginJar : add i2c
2024-07-01 08:54:38,059 [INFO] IPUIPlugin:80 - create IPUIPlugin
2024-07-01 08:54:38,059 [INFO] PluginManager:220 - loadIPPluginJar : add i2s
2024-07-01 08:54:38,061 [INFO] IPUIPlugin:80 - create IPUIPlugin
2024-07-01 08:54:38,061 [INFO] PluginManager:220 - loadIPPluginJar : add i3c
2024-07-01 08:54:38,064 [INFO] IPUIPlugin:80 - create IPUIPlugin
2024-07-01 08:54:38,064 [INFO] PluginManager:220 - loadIPPluginJar : add ipddr
2024-07-01 08:54:38,069 [INFO] IPUIPlugin:80 - create IPUIPlugin
2024-07-01 08:54:38,070 [INFO] PluginManager:220 - loadIPPluginJar : add linkedlist
2024-07-01 08:54:38,072 [INFO] IPUIPlugin:80 - create IPUIPlugin
2024-07-01 08:54:38,072 [INFO] PluginManager:220 - loadIPPluginJar : add lorawan
2024-07-01 08:54:38,074 [INFO] IPUIPlugin:80 - create IPUIPlugin
2024-07-01 08:54:38,074 [INFO] PluginManager:220 - loadIPPluginJar : add ltdc
2024-07-01 08:54:38,078 [INFO] IPUIPlugin:80 - create IPUIPlugin
2024-07-01 08:54:38,078 [INFO] PluginManager:220 - loadIPPluginJar : add mdma
2024-07-01 08:54:38,080 [INFO] IPUIPlugin:80 - create IPUIPlugin
2024-07-01 08:54:38,081 [INFO] PluginManager:220 - loadIPPluginJar : add nvic
2024-07-01 08:54:38,082 [INFO] IPUIPlugin:80 - create IPUIPlugin
2024-07-01 08:54:38,083 [INFO] PluginManager:220 - loadIPPluginJar : add opamp
2024-07-01 08:54:38,085 [INFO] IPUIPlugin:80 - create IPUIPlugin
2024-07-01 08:54:38,085 [INFO] PluginManager:220 - loadIPPluginJar : add openamp
2024-07-01 08:54:38,089 [INFO] IPUIPlugin:80 - create IPUIPlugin
2024-07-01 08:54:38,089 [INFO] PluginManager:220 - loadIPPluginJar : add pdm2pcm
2024-07-01 08:54:38,093 [INFO] IPUIPlugin:80 - create IPUIPlugin
2024-07-01 08:54:38,095 [INFO] PluginManager:220 - loadIPPluginJar : add plateformsettings
2024-07-01 08:54:38,096 [INFO] IPUIPlugin:80 - create IPUIPlugin
2024-07-01 08:54:38,096 [INFO] PluginManager:220 - loadIPPluginJar : add quadspi
2024-07-01 08:54:38,100 [INFO] IPUIPlugin:80 - create IPUIPlugin
2024-07-01 08:54:38,100 [INFO] PluginManager:220 - loadIPPluginJar : add resmgrutility
2024-07-01 08:54:38,101 [INFO] IPUIPlugin:80 - create IPUIPlugin
2024-07-01 08:54:38,101 [INFO] PluginManager:220 - loadIPPluginJar : add sai
2024-07-01 08:54:38,103 [INFO] IPUIPlugin:80 - create IPUIPlugin
2024-07-01 08:54:38,103 [INFO] PluginManager:220 - loadIPPluginJar : add spi
2024-07-01 08:54:38,106 [INFO] IPUIPlugin:80 - create IPUIPlugin
2024-07-01 08:54:38,106 [INFO] PluginManager:220 - loadIPPluginJar : add stm32_wpan
2024-07-01 08:54:38,108 [INFO] IPUIPlugin:80 - create IPUIPlugin
2024-07-01 08:54:38,108 [INFO] PluginManager:220 - loadIPPluginJar : add tim
2024-07-01 08:54:38,110 [INFO] IPUIPlugin:80 - create IPUIPlugin
2024-07-01 08:54:38,110 [INFO] PluginManager:220 - loadIPPluginJar : add touchsensing
2024-07-01 08:54:38,112 [INFO] IPUIPlugin:80 - create IPUIPlugin
2024-07-01 08:54:38,112 [INFO] PluginManager:220 - loadIPPluginJar : add tracer_emb
2024-07-01 08:54:38,114 [INFO] IPUIPlugin:80 - create IPUIPlugin
2024-07-01 08:54:38,114 [INFO] PluginManager:220 - loadIPPluginJar : add ts
2024-07-01 08:54:38,115 [INFO] IPUIPlugin:80 - create IPUIPlugin
2024-07-01 08:54:38,115 [INFO] PluginManager:220 - loadIPPluginJar : add tsc
2024-07-01 08:54:38,117 [INFO] IPUIPlugin:80 - create IPUIPlugin
2024-07-01 08:54:38,117 [INFO] PluginManager:220 - loadIPPluginJar : add ucpd
2024-07-01 08:54:38,119 [INFO] IPUIPlugin:80 - create IPUIPlugin
2024-07-01 08:54:38,119 [INFO] PluginManager:220 - loadIPPluginJar : add usart
2024-07-01 08:54:38,122 [INFO] IPUIPlugin:80 - create IPUIPlugin
2024-07-01 08:54:38,122 [INFO] PluginManager:220 - loadIPPluginJar : add usbx
2024-07-01 08:54:38,255 [INFO] CADModel:165 - CPN selected for project level
2024-07-01 08:54:38,255 [INFO] CADModel:114 - Register for checkConnection events
2024-07-01 08:54:38,255 [FATAL] Updater:308 - Updater called before beeing initialized
2024-07-01 08:54:38,255 [ERROR] CADModel:125 - Updater not yet initialized, retry later 
2024-07-01 08:54:38,405 [INFO] CADModel:165 - CPN selected for project level
2024-07-01 08:54:38,405 [INFO] CADModel:114 - Register for checkConnection events
2024-07-01 08:54:38,405 [FATAL] Updater:308 - Updater called before beeing initialized
2024-07-01 08:54:38,405 [ERROR] CADModel:125 - Updater not yet initialized, retry later 
2024-07-01 08:54:38,409 [FATAL] Updater:308 - Updater called before beeing initialized
2024-07-01 08:54:38,536 [FATAL] Updater:308 - Updater called before beeing initialized
2024-07-01 08:54:38,542 [INFO] DbMcusAds:53 - JSON generation date=Thu May 16 11:22:00 SAST 2024 (1715851320852)
2024-07-01 08:54:38,542 [FATAL] Updater:308 - Updater called before beeing initialized
2024-07-01 08:54:38,580 [WARN] DetailPanel:346 - Failed to get advertising image, set to default
2024-07-01 08:54:38,651 [FATAL] Updater:308 - Updater called before beeing initialized
2024-07-01 08:54:38,653 [FATAL] Updater:308 - Updater called before beeing initialized
2024-07-01 08:54:38,653 [FATAL] Updater:308 - Updater called before beeing initialized
2024-07-01 08:54:38,653 [WARN] DetailPanel:346 - Failed to get advertising image, set to default
2024-07-01 08:54:38,654 [FATAL] Updater:308 - Updater called before beeing initialized
2024-07-01 08:54:38,705 [ERROR] Updater:1120 - MainUpdater not yet initialized. External WinMGr cannot be set.
2024-07-01 08:54:38,707 [INFO] Updater:1056 - Updater Version found : 6.10.0
2024-07-01 08:54:38,729 [INFO] ApplicationProperties:184 - Using Application install path: C:\ST\STM32CubeIDE_1.14.1\STM32CubeIDE\plugins\com.st.stm32cube.common.mx_6.10.0.202311202037
2024-07-01 08:54:38,961 [INFO] MainUpdater:2873 - connection check result : 10
2024-07-01 08:54:38,961 [INFO] MainUpdater:290 - Updater Check For Update Now.
2024-07-01 08:54:38,961 [INFO] MicroXplorer:498 - Change Database Version : DB.6.0.100
2024-07-01 08:54:38,975 [INFO] McuFinderGlobals:63 - Set McuFinder mode to 2 (CubeIDE integrated)
2024-07-01 08:54:39,130 [INFO] CheckServerUpdateThread:120 - End of CheckServer Thread
2024-07-01 08:54:39,787 [INFO] UserAuth:404 - Internet connection configuration mode: 1
2024-07-01 08:54:39,807 [INFO] JxBrowserEngine:152 - Initiate JxBrowser Engine with user profile folder
2024-07-01 08:54:40,426 [INFO] WebApp:161 - Instantiating new browser for Auth
2024-07-01 08:54:40,727 [WARN] PackLoader:240 - Cannot read IP mode file for STMicroelectronics.FP-SNS-MOTENVWB1.1.4.0
2024-07-01 08:54:40,739 [WARN] PackLoader:240 - Cannot read IP mode file for STMicroelectronics.X-CUBE-SMBUS.2.1.0
2024-07-01 08:54:40,744 [WARN] PackLoader:240 - Cannot read IP mode file for STMicroelectronics.X-CUBE-TOUCHGFX.4.23.2
2024-07-01 08:54:40,770 [WARN] PackLoader:240 - Cannot read IP mode file for STMicroelectronics.X-CUBE-AZRTOS-F7.1.1.0
2024-07-01 08:54:40,779 [WARN] PackLoader:240 - Cannot read IP mode file for STMicroelectronics.FP-SNS-FLIGHT1.5.0.2
2024-07-01 08:54:40,790 [WARN] PackLoader:240 - Cannot read IP mode file for STMicroelectronics.X-CUBE-DISPLAY.3.0.0
2024-07-01 08:54:40,809 [WARN] PackLoader:240 - Cannot read IP mode file for STMicroelectronics.X-CUBE-BLE1.7.0.0
2024-07-01 08:54:40,814 [WARN] PackLoader:240 - Cannot read IP mode file for emotas.I-CUBE-CANOPEN.1.3.0
2024-07-01 08:54:40,821 [WARN] PackLoader:240 - Cannot read IP mode file for STMicroelectronics.X-CUBE-BLEMGR.3.1.0
2024-07-01 08:54:40,827 [WARN] PackLoader:240 - Cannot read IP mode file for STMicroelectronics.FP-SNS-SMARTAG2.1.2.0
2024-07-01 08:54:40,835 [INFO] LogOutputStream:77 - [STDOUT_REDIRECT] 1 : Invalid condition id : UX_CORESTACK_Condition cause : null
2024-07-01 08:54:40,836 [INFO] LogOutputStream:77 - [STDOUT_REDIRECT] 1 : Invalid condition id : UX_CORESTACK_Condition cause : null
2024-07-01 08:54:40,836 [INFO] LogOutputStream:77 - [STDOUT_REDIRECT] 1 : Invalid condition id : UX_CORESTACK_Condition cause : null
2024-07-01 08:54:40,837 [INFO] LogOutputStream:77 - [STDOUT_REDIRECT] 1 : Invalid condition id : UX_CORESTACK_Condition cause : null
2024-07-01 08:54:40,838 [INFO] LogOutputStream:77 - [STDOUT_REDIRECT] 1 : Invalid condition id : UX_CORESTACK_Condition cause : null
2024-07-01 08:54:40,840 [WARN] PackLoader:240 - Cannot read IP mode file for STMicroelectronics.X-CUBE-AZRTOS-WL.2.0.0
2024-07-01 08:54:40,844 [WARN] PackLoader:240 - Cannot read IP mode file for STMicroelectronics.FP-SNS-MOTENV1.5.0.0
2024-07-01 08:54:40,848 [WARN] PackLoader:240 - Cannot read IP mode file for wolfSSL.I-CUBE-wolfMQTT.1.19.0
2024-07-01 08:54:40,856 [WARN] PackLoader:240 - Cannot read IP mode file for WES.I-CUBE-Cesium.1.3.0
2024-07-01 08:54:40,860 [WARN] PackLoader:240 - Cannot read IP mode file for STMicroelectronics.X-CUBE-BLE2.3.3.0
2024-07-01 08:54:40,864 [WARN] PackLoader:240 - Cannot read IP mode file for STMicroelectronics.X-CUBE-TCPP.4.1.0
2024-07-01 08:54:40,870 [WARN] PackLoader:240 - Cannot read IP mode file for STMicroelectronics.X-CUBE-ALGOBUILD.1.3.0
2024-07-01 08:54:40,879 [WARN] PackLoader:240 - Cannot read IP mode file for STMicroelectronics.X-CUBE-AZRTOS-G0.1.1.0
2024-07-01 08:54:40,886 [WARN] PackLoader:240 - Cannot read IP mode file for STMicroelectronics.X-CUBE-SAFEA1.1.2.2
2024-07-01 08:54:40,892 [WARN] PackLoader:240 - Cannot read IP mode file for STMicroelectronics.X-CUBE-NFC4.3.0.0
2024-07-01 08:54:40,897 [WARN] PackLoader:240 - Cannot read IP mode file for wolfSSL.I-CUBE-wolfSSL.5.7.0
2024-07-01 08:54:40,900 [WARN] PackLoader:240 - Cannot read IP mode file for STMicroelectronics.FP-ATR-SIGFOX1.3.2.0
2024-07-01 08:54:40,906 [WARN] PackLoader:240 - Cannot read IP mode file for STMicroelectronics.X-CUBE-EEPRMA1.5.1.0
2024-07-01 08:54:40,913 [WARN] PackLoader:240 - Cannot read IP mode file for ITTIA_DB.I-CUBE-ITTIADB.8.9.0
2024-07-01 08:54:40,945 [WARN] PackLoader:240 - Cannot read IP mode file for SEGGER.I-CUBE-embOS.1.3.1
2024-07-01 08:54:40,983 [WARN] PackLoader:240 - Cannot read IP mode file for STMicroelectronics.X-CUBE-ALGOBUILD.1.4.0
2024-07-01 08:54:40,990 [WARN] PackLoader:240 - Cannot read IP mode file for STMicroelectronics.X-CUBE-GNSS1.6.0.0
2024-07-01 08:54:41,012 [WARN] PackLoader:240 - Cannot read IP mode file for STMicroelectronics.X-CUBE-AZRTOS-F4.1.1.0
2024-07-01 08:54:41,026 [WARN] PackLoader:240 - Cannot read IP mode file for STMicroelectronics.X-CUBE-FREERTOS.1.2.0
2024-07-01 08:54:41,040 [WARN] PackLoader:240 - Cannot read IP mode file for STMicroelectronics.X-CUBE-AZRTOS-L5.2.0.0
2024-07-01 08:54:41,050 [WARN] PackLoader:240 - Cannot read IP mode file for STMicroelectronics.X-CUBE-NFC6.3.1.0
2024-07-01 08:54:41,059 [WARN] PackLoader:240 - Cannot read IP mode file for STMicroelectronics.X-CUBE-AI.9.0.0
2024-07-01 08:54:41,063 [WARN] PackLoader:240 - Cannot read IP mode file for STMicroelectronics.X-CUBE-NFC7.1.0.1
2024-07-01 08:54:41,068 [WARN] PackLoader:240 - Cannot read IP mode file for STMicroelectronics.X-CUBE-AI.8.1.0
2024-07-01 08:54:41,080 [WARN] ConditionMgr:438 - getConditionDescription Invalid condition id : LAN8742 Phy interface Condition cause : null
2024-07-01 08:54:41,080 [WARN] PackLoader:240 - Cannot read IP mode file for STMicroelectronics.X-CUBE-AZRTOS-L4.2.0.0
2024-07-01 08:54:41,081 [WARN] ConditionMgr:1039 - genDependencies : Invalid condition id : LAN8742 Phy interface Condition cause : null
2024-07-01 08:54:41,081 [WARN] ConditionMgr:1039 - genDependencies : Invalid condition id : LAN8742 Phy interface Condition cause : null
2024-07-01 08:54:41,082 [WARN] ConditionMgr:1039 - genDependencies : Invalid condition id : LAN8742 Phy interface Condition cause : null
2024-07-01 08:54:41,091 [WARN] PackLoader:240 - Cannot read IP mode file for STMicroelectronics.X-CUBE-SFXS2LP1.4.0.0
2024-07-01 08:54:41,103 [WARN] ConditionMgr:438 - getConditionDescription Invalid condition id : UX DEVICE CLASS RTOS Condition cause : null
2024-07-01 08:54:41,103 [WARN] ConditionMgr:438 - getConditionDescription Invalid condition id : UX DEVICE CLASS RTOS Condition cause : null
2024-07-01 08:54:41,104 [WARN] PackLoader:240 - Cannot read IP mode file for STMicroelectronics.X-CUBE-AZRTOS-WB.2.0.0
2024-07-01 08:54:41,105 [WARN] ConditionMgr:1039 - genDependencies : Invalid condition id : UX DEVICE CLASS RTOS Condition cause : null
2024-07-01 08:54:41,105 [WARN] ConditionMgr:1039 - genDependencies : Invalid condition id : UX DEVICE CLASS RTOS Condition cause : null
2024-07-01 08:54:41,105 [WARN] ConditionMgr:1039 - genDependencies : Invalid condition id : UX DEVICE CLASS RTOS Condition cause : null
2024-07-01 08:54:41,106 [WARN] ConditionMgr:1039 - genDependencies : Invalid condition id : UX DEVICE CLASS RTOS Condition cause : null
2024-07-01 08:54:41,106 [WARN] ConditionMgr:1039 - genDependencies : Invalid condition id : UX DEVICE CLASS RTOS Condition cause : null
2024-07-01 08:54:41,114 [WARN] PackLoader:240 - Cannot read IP mode file for STMicroelectronics.X-CUBE-SUBG2.5.0.0
2024-07-01 08:54:41,124 [WARN] PackLoader:240 - Cannot read IP mode file for STMicroelectronics.X-CUBE-AZRTOS-G4.2.0.0
2024-07-01 08:54:41,128 [WARN] PackLoader:240 - Cannot read IP mode file for STMicroelectronics.FP-SNS-MOTENVWB1.1.3.1
2024-07-01 08:54:41,131 [WARN] PackLoader:240 - Cannot read IP mode file for STMicroelectronics.X-CUBE-ISPU.2.0.0
2024-07-01 08:54:41,135 [WARN] PackLoader:240 - Cannot read IP mode file for STMicroelectronics.X-CUBE-ALS.1.0.2
2024-07-01 08:54:41,152 [WARN] PackLoader:240 - Cannot read IP mode file for STMicroelectronics.X-CUBE-MEMS1.10.0.0
2024-07-01 08:54:41,236 [WARN] PackLoader:240 - Cannot read IP mode file for STMicroelectronics.X-CUBE-FREERTOS.1.1.0
2024-07-01 08:54:41,239 [WARN] PackLoader:240 - Cannot read IP mode file for STMicroelectronics.X-CUBE-TOUCHGFX.4.24.0
2024-07-01 08:54:41,244 [WARN] PackLoader:240 - Cannot read IP mode file for portGmbH.I-Cube-SoM-uGOAL.1.1.0
2024-07-01 08:54:41,247 [WARN] PackLoader:240 - Cannot read IP mode file for STMicroelectronics.X-CUBE-ALS.1.0.1
2024-07-01 08:54:41,256 [WARN] PackLoader:240 - Cannot read IP mode file for STMicroelectronics.X-CUBE-AZRTOS-H7RS.1.0.0
2024-07-01 08:54:41,261 [WARN] PackLoader:240 - Cannot read IP mode file for STMicroelectronics.FP-ATR-ASTRA1.2.0.0
2024-07-01 08:54:41,268 [WARN] PackLoader:240 - Cannot read IP mode file for STMicroelectronics.X-CUBE-TOF1.3.4.1
2024-07-01 08:54:41,283 [WARN] PackLoader:240 - Cannot read IP mode file for STMicroelectronics.X-CUBE-AZRTOS-H7.3.2.0
2024-07-01 08:54:41,304 [WARN] PackLoader:240 - Cannot read IP mode file for Infineon.AIROC-Wi-Fi-Bluetooth-STM32.1.6.0
2024-07-01 08:54:41,307 [INFO] ThirdParty:978 - Integrity check success = true
2024-07-01 08:54:41,307 [INFO] IntegrityCheckThread:100 - exiting critical section [integrity check]
2024-07-01 08:54:41,307 [INFO] IntegrityCheckThread:103 - End integrity checks thread
2024-07-01 08:54:41,843 [INFO] WebApp:780 - Register for checkConnection events
2024-07-01 08:54:41,844 [INFO] WebApp:414 - Apply proxy settings
2024-07-01 08:54:41,844 [INFO] WebApp:499 - Chromium requires no authentication
2024-07-01 08:54:41,864 [INFO] WebApp:442 - Direct internet connection detected
2024-07-01 08:54:42,072 [INFO] WebApp:192 - Starting web application
2024-07-01 08:54:42,072 [INFO] WebApp:544 - Web application path used C:\ST\STM32CubeIDE_1.14.1\STM32CubeIDE\plugins\com.st.stm32cube.common.mx_6.10.0.202311202037\db\plugins\mcufinder\reactClient1\index.html
2024-07-01 08:55:02,810 [ERROR] LogOutputStream:75 - [STDERR_REDIRECT] SLF4J: Failed to load class "org.slf4j.impl.StaticLoggerBinder".
2024-07-01 08:55:02,810 [ERROR] LogOutputStream:75 - [STDERR_REDIRECT] SLF4J: Defaulting to no-operation (NOP) logger implementation
2024-07-01 08:55:02,811 [ERROR] LogOutputStream:75 - [STDERR_REDIRECT] SLF4J: See http://www.slf4j.org/codes.html#StaticLoggerBinder for further details.
2024-07-01 10:26:49,609 [ERROR] ConfigurationRetriever:142 - IOException on connection: Read timed out
2024-07-01 11:48:34,360 [INFO] McuFinderGlobals:63 - Set McuFinder mode to 2 (CubeIDE integrated)
2024-07-01 11:48:34,370 [INFO] MainUpdater:2873 - connection check result : 10
2024-07-01 11:48:34,373 [INFO] MainUpdater:2873 - connection check result : 10
2024-07-01 11:48:34,455 [INFO] MicroXplorer:468 - Change Database Path : 
2024-07-01 11:48:34,455 [INFO] MicroXplorer:498 - Change Database Version : DB.6.0.100
2024-07-01 11:48:34,459 [WARN] ThirdParty:871 - waiting for thirdparty lock release [close project]
2024-07-01 11:48:34,459 [INFO] ThirdParty:873 - entering critical section [close project]
2024-07-01 11:48:34,463 [INFO] ThirdParty:883 - exiting critical section [close project]
2024-07-01 11:48:34,465 [INFO] PinOutPanel:1499 - setPackage(No Configuration,No Configuration)
2024-07-01 11:48:34,469 [INFO] UtilMem:75 - Begin LoadConfig() Used Memory: 845153848 Bytes (1063256064)
2024-07-01 11:48:34,470 [INFO] MicroXplorer:468 - Change Database Path : 
2024-07-01 11:48:34,470 [INFO] MicroXplorer:498 - Change Database Version : DB.6.0.100
2024-07-01 11:48:34,470 [INFO] OpenFileManager:312 - Change cursor
2024-07-01 11:48:34,506 [INFO] Mcu:2016 - Initializing MCU STM32F103C(4-6)Tx STM32F103C6Tx STM32F103C6T6A
2024-07-01 11:48:35,079 [INFO] Context:659 - Trying to add GPIOservice into a context  which must be forbidden
2024-07-01 11:48:35,254 [INFO] RtosManager:555 - Registered RTOS mode: class=CMSIS, group=RTOS, mode=CMSIS_V1, owner=FREERTOS
2024-07-01 11:48:35,254 [INFO] RtosManager:555 - Registered RTOS mode: class=CMSIS, group=RTOS2, mode=CMSIS_V2, owner=FREERTOS
2024-07-01 11:48:35,255 [INFO] RtosManager:555 - Registered RTOS mode: class=RTOS, group=Core, mode=CMSIS_V1, owner=FREERTOS
2024-07-01 11:48:35,255 [INFO] RtosManager:555 - Registered RTOS mode: class=RTOS, group=Core, mode=CMSIS_V2, owner=FREERTOS
2024-07-01 11:48:35,255 [WARN] ModelIntegratedComponent:184 - Missing modes for component STMicroelectronics:FreeRTOS:0.0.1:STMicroelectronics:RTOS:FreeRTOS:Core:::10.2.0:
2024-07-01 11:48:35,264 [WARN] ModelIntegratedComponent:63 - No mode defined for component null
2024-07-01 11:48:35,264 [WARN] ModelIntegratedComponent:63 - No mode defined for component null
2024-07-01 11:48:35,264 [WARN] ModelIntegratedComponent:63 - No mode defined for component null
2024-07-01 11:48:35,264 [WARN] ModelIntegratedComponent:63 - No mode defined for component null
2024-07-01 11:48:35,264 [WARN] ModelIntegratedComponent:63 - No mode defined for component null
2024-07-01 11:48:35,264 [WARN] ModelIntegratedComponent:63 - No mode defined for component null
2024-07-01 11:48:35,264 [WARN] ModelIntegratedComponent:63 - No mode defined for component null
2024-07-01 11:48:35,265 [WARN] ModelIntegratedComponent:63 - No mode defined for component null
2024-07-01 11:48:35,265 [WARN] ModelIntegratedComponent:63 - No mode defined for component null
2024-07-01 11:48:35,265 [WARN] ModelIntegratedComponent:63 - No mode defined for component null
2024-07-01 11:48:35,265 [WARN] ModelIntegratedComponent:63 - No mode defined for component null
2024-07-01 11:48:35,265 [WARN] ModelIntegratedComponent:63 - No mode defined for component null
2024-07-01 11:48:35,265 [WARN] ModelIntegratedComponent:63 - No mode defined for component null
2024-07-01 11:48:35,265 [WARN] ModelIntegratedComponent:63 - No mode defined for component null
2024-07-01 11:48:35,265 [WARN] ModelIntegratedComponent:63 - No mode defined for component null
2024-07-01 11:48:35,265 [WARN] ModelIntegratedComponent:63 - No mode defined for component null
2024-07-01 11:48:35,265 [WARN] ModelIntegratedComponent:63 - No mode defined for component null
2024-07-01 11:48:35,265 [WARN] ModelIntegratedComponent:63 - No mode defined for component null
2024-07-01 11:48:35,265 [WARN] ModelIntegratedComponent:63 - No mode defined for component null
2024-07-01 11:48:35,265 [WARN] ModelIntegratedComponent:63 - No mode defined for component null
2024-07-01 11:48:35,265 [WARN] ModelIntegratedComponent:63 - No mode defined for component null
2024-07-01 11:48:35,265 [WARN] ModelIntegratedComponent:63 - No mode defined for component null
2024-07-01 11:48:35,265 [WARN] ModelIntegratedComponent:63 - No mode defined for component null
2024-07-01 11:48:35,265 [WARN] ModelIntegratedComponent:63 - No mode defined for component null
2024-07-01 11:48:35,265 [WARN] ModelIntegratedComponent:63 - No mode defined for component null
2024-07-01 11:48:35,265 [WARN] ModelIntegratedComponent:63 - No mode defined for component null
2024-07-01 11:48:35,265 [WARN] ModelIntegratedComponent:63 - No mode defined for component null
2024-07-01 11:48:35,265 [WARN] ModelIntegratedComponent:63 - No mode defined for component null
2024-07-01 11:48:35,265 [WARN] ModelIntegratedComponent:63 - No mode defined for component null
2024-07-01 11:48:35,265 [WARN] ModelIntegratedComponent:63 - No mode defined for component null
2024-07-01 11:48:35,265 [WARN] ModelIntegratedComponent:63 - No mode defined for component null
2024-07-01 11:48:35,265 [WARN] ModelIntegratedComponent:63 - No mode defined for component null
2024-07-01 11:48:35,265 [WARN] ModelIntegratedComponent:63 - No mode defined for component null
2024-07-01 11:48:35,340 [INFO] ThirdPartyModel:298 - Start build external matchings
2024-07-01 11:48:35,480 [INFO] ThirdPartyModel:316 - End build external matchings
2024-07-01 11:48:35,618 [INFO] UtilMem:75 - End LoadConfig() Used Memory: 911008024 Bytes (1073741824)
2024-07-01 11:48:35,704 [INFO] ApiDb:581 - Connected to CubeFinder SQLite database (C:\Users\0163022\.stmcufinder\plugins\mcufinder\mcu\cube-finder-db.db)
2024-07-01 11:48:35,792 [INFO] ApiDb:668 - CubeFinder database Data Model version=2.1
2024-07-01 11:48:35,793 [INFO] ApiDb:669 - CubeFinder database Configuration version=3.0.39
2024-07-01 11:48:35,793 [INFO] ApiDb:670 - CubeFinder database generation date=2024-06-05 (1717578087)
2024-07-01 11:48:35,794 [INFO] ApiDb:671 - CubeFinder database FW Pack versions=[FP-ATR-ASTRA1_V2.0.0, FP-SNS-FLIGHT1_V5.0.1, FP-SNS-FLIGHT1_V5.0.2, FP-SNS-MOTENV1_V4.3.1, FP-SNS-MOTENV1_V4.3.2, FP-SNS-MOTENV1_V5.0.0, FP-SNS-MOTENVWB1_V1.4.0, FP-SNS-SMARTAG2_V1.2.0, STM32Cube_FW_C0_V1.1.0, STM32Cube_FW_F4_V1.28.0, STM32Cube_FW_F7_V1.17.2, STM32Cube_FW_G0_V1.6.2, STM32Cube_FW_G4_V1.5.2, STM32Cube_FW_H5_V0.5.1, STM32Cube_FW_H5_V1.1.1, STM32Cube_FW_H5_V1.2.0, STM32Cube_FW_H5_V1.2.0RC4, STM32Cube_FW_H7RS_V1.0.0, STM32Cube_FW_H7RS_V1.0.0RC4, STM32Cube_FW_H7_V1.11.2, STM32Cube_FW_L0_V1.12.2, STM32Cube_FW_L5_V1.5.1, STM32Cube_FW_U0_V1.0.0, STM32Cube_FW_U0_V1.0.0RC1, STM32Cube_FW_U5_V1.3.0RC4, STM32Cube_FW_U5_V1.5.0, STM32Cube_FW_U5_V1.5.0RC1, STM32Cube_FW_WBA_V1.0.0RC1, STM32Cube_FW_WBA_V1.2.0, STM32Cube_FW_WBA_V1.2.0RC2, STM32Cube_FW_WBA_V1.3.0RC1, STM32Cube_FW_WBA_V1.3.1, STM32Cube_FW_WB_V1.15.0RC1, STM32Cube_FW_WB_V1.16.0, STM32Cube_FW_WB_V1.16.0RC2, STM32Cube_FW_WB_V1.18.0, STM32Cube_FW_WB_V1.19.0, STM32Cube_FW_WL_V1.3.0, X-CUBE-ALGOBUILD_V1.4.0, X-CUBE-ALS_V1.0.1, X-CUBE-ALS_V1.0.2, X-CUBE-AZRTOS-F4_V1.1.0, X-CUBE-AZRTOS-F7_V1.1.0, X-CUBE-AZRTOS-G0_V1.1.0, X-CUBE-AZRTOS-G4_V2.0.0, X-CUBE-AZRTOS-H7RS_V1.0.0, X-CUBE-AZRTOS-H7_V3.2.0, X-CUBE-AZRTOS-L4_V1.0.0, X-CUBE-AZRTOS-L4_V2.0.0, X-CUBE-AZRTOS-L5_V1.1.0, X-CUBE-AZRTOS-WB_V2.0.0, X-CUBE-AZRTOS-WL_V2.0.0, X-CUBE-BLE1_V7.0.0, X-CUBE-BLE2_V3.3.0, X-CUBE-BLEMGR_V3.1.0, X-CUBE-EEPRMA1_V4.1.0, X-CUBE-EEPRMA1_V5.1.0, X-CUBE-FREERTOS_V1.2.0, X-CUBE-GNSS1_V6.0.0, X-CUBE-MEMS1_V10.0.0, X-CUBE-MEMS1_V9.1.0, X-CUBE-MEMS1_V9.4.0, X-CUBE-MEMS1_V9.6.0, X-CUBE-NFC4_V3.0.0, X-CUBE-NFC7_V1.0.1, X-CUBE-SFXS2LP1_V4.0.0, X-CUBE-SUBG2_V5.0.0, X-CUBE-TOF1_V3.4.1]
2024-07-01 11:48:37,651 [INFO] ApiDb:240 - Found 371 in-development CPN: [B-G473E-ZEST1S, B-WB1M-WPAN1, B-WL5M-SUBG1, NUCLEO-C031C6, NUCLEO-H503RB, NUCLEO-H563ZI, NUCLEO-U545RE-Q, NUCLEO-U5A5ZJ-Q, NUCLEO-WBA52CG, NUCLEO-WBA55CG, STEVAL-MKBOXPRO, STEVAL-PROTEUS1, STEVAL-STWINBX1, STM320518-EVAL, STM32C0116-DK, STM32C011D6Y3TR, STM32C011D6Y6TR, STM32C011F4P3, STM32C011F4P6, STM32C011F4U3, STM32C011F4U6TR, STM32C011F6P3, STM32C011F6P6, STM32C011F6U3, STM32C011F6U6TR, STM32C011J4M3, STM32C011J4M6, STM32C011J6M3, STM32C011J6M6, STM32C0316-DK, STM32C031C4T3, STM32C031C4T6, STM32C031C4U3, STM32C031C4U6, STM32C031C6T3, STM32C031C6T6, STM32C031C6U3, STM32C031C6U6, STM32C031F4P3, STM32C031F4P6, STM32C031F6P3, STM32C031F6P6, STM32C031G4U3, STM32C031G4U6, STM32C031G6U3, STM32C031G6U6, STM32C031K4T3, STM32C031K4T6, STM32C031K4U3, STM32C031K4U6, STM32C031K6T3, STM32C031K6T6, STM32C031K6U3, STM32C031K6U6, STM32G071K8TXN, STM32G071K8UXN, STM32G081GBU6N, STM32G081KBT6N, STM32G081KBUXN, STM32G0B1CCT6N, STM32G0B1KCT6, STM32G0B1NEY6TR, STM32G0B1RCT6N, STM32G0C1CCT6, STM32G0C1CCT6N, STM32G0C1CCU6N, STM32G0C1CET6N, STM32G0C1CEU6N, STM32G0C1KCT6, STM32G0C1NEY6TR, STM32G0C1RCI6N, STM32G0C1RCT6N, STM32G0C1REI6N, STM32G0C1RET6N, STM32G0C1VCI6, STM32G0C1VEI6, STM32G471CCT6, STM32G471CCU6, STM32G471CET3, STM32G471CET6, STM32G471CEU3, STM32G471CEU6, STM32G471MCT6, STM32G471MET3, STM32G471MET6, STM32G471MEY6TR, STM32G471QCT6, STM32G471QET3, STM32G471RCT6, STM32G471RET3, STM32G471RET6, STM32G471VCH6, STM32G471VCI6, STM32G471VCT6, STM32G471VEH3, STM32G471VEH6, STM32G471VEI3, STM32G471VEI6, STM32G471VET3, STM32G471VET6, STM32G474CCT6, STM32H503CBT6, STM32H503CBU6, STM32H503EBY6TR, STM32H503KBU6, STM32H503RBT6, STM32H562AGI6, STM32H562AII6, STM32H562IGK6, STM32H562IGT6, STM32H562IIK6, STM32H562IIT6, STM32H562RGT6, STM32H562RGV6, STM32H562RIT6, STM32H562RIV6, STM32H562VGT6, STM32H562VIT6, STM32H562ZGT6, STM32H562ZIT6, STM32H563AGI6, STM32H563AII3Q, STM32H563AII6, STM32H563IGK6, STM32H563IGT6, STM32H563IIK3Q, STM32H563IIK6, STM32H563IIT3Q, STM32H563IIT6, STM32H563MIY3QTR, STM32H563RGT6, STM32H563RGV6, STM32H563RIT6, STM32H563RIV6, STM32H563VGT6, STM32H563VIT3Q, STM32H563VIT6, STM32H563ZGT6, STM32H563ZIT3Q, STM32H563ZIT6, STM32H573AII3Q, STM32H573AII6, STM32H573I-DK, STM32H573IIK3Q, STM32H573IIK6, STM32H573IIT3Q, STM32H573IIT6, STM32H573MIY3QTR, STM32H573RIT6, STM32H573RIV6, STM32H573VIT3Q, STM32H573VIT6, STM32H573ZIT3Q, STM32H573ZIT6, STM32L4R5QGI6STR, STM32MP131AAE3, STM32MP131AAF3, STM32MP131AAG3, STM32MP131CAE3, STM32MP131CAF3, STM32MP131CAG3, STM32MP131DAE7, STM32MP131DAF7, STM32MP131DAG7, STM32MP131FAE7, STM32MP131FAF7, STM32MP131FAG7, STM32MP133AAE3, STM32MP133AAF3, STM32MP133AAG3, STM32MP133CAE3, STM32MP133CAF3, STM32MP133CAG3, STM32MP133DAE7, STM32MP133DAF7, STM32MP133DAG7, STM32MP133FAE7, STM32MP133FAF7, STM32MP133FAG7, STM32MP135AAE3, STM32MP135AAF3, STM32MP135AAG3, STM32MP135CAE3, STM32MP135CAF3, STM32MP135CAG3, STM32MP135DAE7, STM32MP135DAF7, STM32MP135DAG7, STM32MP135F-DK, STM32MP135FAE7, STM32MP135FAF7, STM32MP135FAF7T, STM32MP135FAF7U, STM32MP135FAG7, STM32U535CBT6, STM32U535CBT6Q, STM32U535CBU6, STM32U535CBU6Q, STM32U535CCT6, STM32U535CCT6Q, STM32U535CCU6, STM32U535CCU6Q, STM32U535CET6, STM32U535CET6Q, STM32U535CEU6, STM32U535CEU6Q, STM32U535JEY6QTR, STM32U535NCY6QTR, STM32U535NEY6QTR, STM32U535RBI6, STM32U535RBI6Q, STM32U535RBT6, STM32U535RBT6Q, STM32U535RCI6, STM32U535RCI6Q, STM32U535RCT6, STM32U535RCT6Q, STM32U535REI6, STM32U535REI6Q, STM32U535RET6, STM32U535RET6Q, STM32U535VCI6, STM32U535VCI6Q, STM32U535VCT6, STM32U535VCT6Q, STM32U535VEI6, STM32U535VEI6Q, STM32U535VET6, STM32U535VET6Q, STM32U545CET6, STM32U545CET6Q, STM32U545CEU6, STM32U545CEU6Q, STM32U545JEY6QTR, STM32U545NEY6QTR, STM32U545REI6, STM32U545REI6Q, STM32U545RET6, STM32U545RET6Q, STM32U545VEI6, STM32U545VEI6Q, STM32U545VET6, STM32U545VET6Q, STM32U595AIH6, STM32U595AIH6Q, STM32U595AJH6, STM32U595AJH6Q, STM32U595QII6, STM32U595QII6Q, STM32U595QJI6, STM32U595QJI6Q, STM32U595RIT6, STM32U595RIT6Q, STM32U595RJT6, STM32U595RJT6Q, STM32U595VIT6, STM32U595VIT6Q, STM32U595VJT6, STM32U595VJT6Q, STM32U595ZIT6, STM32U595ZIT6Q, STM32U595ZIY6QTR, STM32U595ZJT6, STM32U595ZJT6Q, STM32U595ZJY6QTR, STM32U599BJY6QTR, STM32U599NIH6Q, STM32U599NJH6Q, STM32U599VIT6Q, STM32U599VJT6, STM32U599VJT6Q, STM32U599ZIT6Q, STM32U599ZIY6QTR, STM32U599ZJT6Q, STM32U599ZJY6QTR, STM32U5A5AJH6, STM32U5A5AJH6Q, STM32U5A5QJI6, STM32U5A5QJI6Q, STM32U5A5RJT6, STM32U5A5RJT6Q, STM32U5A5VJT6, STM32U5A5VJT6Q, STM32U5A5ZJT6, STM32U5A5ZJT6Q, STM32U5A5ZJY6QTR, STM32U5A9BJY6QTR, STM32U5A9J-DK, STM32U5A9NJH6Q, STM32U5A9VJT6Q, STM32U5A9ZJT6Q, STM32U5A9ZJY6QTR, STM32U5F7VIT6, STM32U5F7VIT6Q, STM32U5F7VJT6, STM32U5F7VJT6Q, STM32U5F9BJY6QTR, STM32U5F9NJH6Q, STM32U5F9VIT6Q, STM32U5F9VJT6Q, STM32U5F9ZIJ6QTR, STM32U5F9ZIT6Q, STM32U5F9ZJJ6QTR, STM32U5F9ZJT6Q, STM32U5G7VJT6, STM32U5G7VJT6Q, STM32U5G9BJY6QTR, STM32U5G9J-DK1, STM32U5G9J-DK2, STM32U5G9NJH6Q, STM32U5G9VJT6Q, STM32U5G9ZJJ6QTR, STM32U5G9ZJT6Q, STM32WB1MMCH6, STM32WBA50KEU6, STM32WBA50KEU6TR, STM32WBA50KGU6, STM32WBA50KGU6TR, STM32WBA52CEU6, STM32WBA52CEU6TR, STM32WBA52CEU7, STM32WBA52CEU7TR, STM32WBA52CGU6, STM32WBA52CGU6TR, STM32WBA52CGU6U, STM32WBA52CGU7, STM32WBA52CGU7TR, STM32WBA52KEU6, STM32WBA52KEU6TR, STM32WBA52KGU6, STM32WBA52KGU6TR, STM32WBA54CEU6, STM32WBA54CEU6TR, STM32WBA54CEU7, STM32WBA54CEU7TR, STM32WBA54CGU6, STM32WBA54CGU6TR, STM32WBA54CGU7, STM32WBA54CGU7TR, STM32WBA54KEU6, STM32WBA54KEU6TR, STM32WBA54KEU7, STM32WBA54KEU7TR, STM32WBA54KGU6, STM32WBA54KGU6TR, STM32WBA54KGU7, STM32WBA54KGU7TR, STM32WBA55CEU6, STM32WBA55CEU6TR, STM32WBA55CEU7, STM32WBA55CEU7TR, STM32WBA55CGU6, STM32WBA55CGU6TR, STM32WBA55CGU6U, STM32WBA55CGU7, STM32WBA55CGU7TR, STM32WBA55G-DK1, STM32WBA55HEF6, STM32WBA55HEF7, STM32WBA55HGF6, STM32WBA55HGF7, STM32WBA55UEI6, STM32WBA55UEI6TR, STM32WBA55UEI7, STM32WBA55UEI7TR, STM32WBA55UGI6, STM32WBA55UGI6TR, STM32WBA55UGI7, STM32WBA55UGI7TR, STM32WL5MOCH6, STM32WL5MOCH6TR]
2024-07-01 11:48:37,653 [INFO] DbMcus:218 - Found 4092 MCUs, 4092 are supported
2024-07-01 11:48:37,655 [INFO] ApiDb:423 - Load user favorites file C:\Users\0163022/.stm32cubeide/favorites.mcus.txt: 0 item(s)
2024-07-01 11:48:37,655 [INFO] ApiDb:427 - User favorites MCUs=[]
2024-07-01 11:48:37,655 [INFO] DbMcus:224 - Set 0 / 0 favorites MCUs
2024-07-01 11:48:37,978 [INFO] MicroXplorer:468 - Change Database Path : 
2024-07-01 11:48:37,978 [INFO] MicroXplorer:498 - Change Database Version : DB.6.0.100
2024-07-01 11:48:37,979 [WARN] ThirdParty:833 - waiting for thirdparty lock release [change project]
2024-07-01 11:48:37,979 [INFO] ThirdParty:835 - entering critical section [change project]
2024-07-01 11:48:37,979 [INFO] ThirdParty:1030 - CMSIS Pack Vendor :STMicroelectronics USBPD 4.1
2024-07-01 11:48:37,979 [INFO] ThirdParty:1030 - CMSIS Pack Vendor :STMicroelectronics X-CUBE-GNSS1 6.0.0
2024-07-01 11:48:37,979 [INFO] ThirdParty:1030 - CMSIS Pack Vendor :STMicroelectronics USB_HOST 2.0.0
2024-07-01 11:48:37,979 [INFO] ThirdParty:1030 - CMSIS Pack Vendor :STMicroelectronics FP-SNS-MOTENVWB1 1.4.0
2024-07-01 11:48:37,979 [INFO] ThirdParty:1030 - CMSIS Pack Vendor :STMicroelectronics X-CUBE-AZRTOS-F4 1.1.0
2024-07-01 11:48:37,980 [INFO] ThirdParty:1030 - CMSIS Pack Vendor :STMicroelectronics LIBJPEG 8.0.0
2024-07-01 11:48:37,980 [INFO] ThirdParty:1030 - CMSIS Pack Vendor :STMicroelectronics X-CUBE-SMBUS 2.1.0
2024-07-01 11:48:37,980 [INFO] ThirdParty:1030 - CMSIS Pack Vendor :STMicroelectronics USB_DEVICE 3.0.0
2024-07-01 11:48:37,980 [INFO] ThirdParty:1030 - CMSIS Pack Vendor :STMicroelectronics X-CUBE-TCPP 4.1.0
2024-07-01 11:48:37,980 [INFO] ThirdParty:1030 - CMSIS Pack Vendor :STMicroelectronics X-CUBE-FREERTOS 1.2.0
2024-07-01 11:48:37,980 [INFO] ThirdParty:1030 - CMSIS Pack Vendor :STMicroelectronics X-CUBE-AZRTOS-WB 2.0.0
2024-07-01 11:48:37,980 [INFO] ThirdParty:1030 - CMSIS Pack Vendor :STMicroelectronics X-CUBE-TOUCHGFX 4.23.2
2024-07-01 11:48:37,980 [INFO] ThirdParty:1030 - CMSIS Pack Vendor :STMicroelectronics X-CUBE-AZRTOS-F7 1.1.0
2024-07-01 11:48:37,980 [INFO] ThirdParty:1030 - CMSIS Pack Vendor :STMicroelectronics X-CUBE-AZRTOS-L5 2.0.0
2024-07-01 11:48:37,980 [INFO] ThirdParty:1030 - CMSIS Pack Vendor :STMicroelectronics USB_DEVICE 2.0.0
2024-07-01 11:48:37,980 [INFO] ThirdParty:1030 - CMSIS Pack Vendor :STMicroelectronics X-CUBE-NFC6 3.1.0
2024-07-01 11:48:37,980 [INFO] ThirdParty:1030 - CMSIS Pack Vendor :STMicroelectronics X-CUBE-ALGOBUILD 1.3.0
2024-07-01 11:48:37,980 [INFO] ThirdParty:1030 - CMSIS Pack Vendor :STMicroelectronics FreeRTOS 0.0.1
2024-07-01 11:48:37,980 [INFO] ThirdParty:1030 - CMSIS Pack Vendor :STMicroelectronics X-CUBE-AZRTOS-G0 1.1.0
2024-07-01 11:48:37,980 [INFO] ThirdParty:1030 - CMSIS Pack Vendor :STMicroelectronics X-CUBE-SAFEA1 1.2.2
2024-07-01 11:48:37,980 [INFO] ThirdParty:1030 - CMSIS Pack Vendor :STMicroelectronics X-CUBE-NFC4 3.0.0
2024-07-01 11:48:37,980 [INFO] ThirdParty:1030 - CMSIS Pack Vendor :STMicroelectronics X-CUBE-SUBG2 5.0.0
2024-07-01 11:48:37,980 [INFO] ThirdParty:1030 - CMSIS Pack Vendor :STMicroelectronics STM32_WPAN 1.0.0
2024-07-01 11:48:37,980 [INFO] ThirdParty:1030 - CMSIS Pack Vendor :STMicroelectronics lwIP 2.0.3
2024-07-01 11:48:37,980 [INFO] ThirdParty:1030 - CMSIS Pack Vendor :STMicroelectronics FP-SNS-FLIGHT1 5.0.2
2024-07-01 11:48:37,980 [INFO] ThirdParty:1030 - CMSIS Pack Vendor :STMicroelectronics USB_HOST 1.0.0
2024-07-01 11:48:37,980 [INFO] ThirdParty:1030 - CMSIS Pack Vendor :STMicroelectronics X-CUBE-AI 9.0.0
2024-07-01 11:48:37,980 [INFO] ThirdParty:1030 - CMSIS Pack Vendor :STMicroelectronics X-CUBE-AZRTOS-G4 2.0.0
2024-07-01 11:48:37,981 [INFO] ThirdParty:1030 - CMSIS Pack Vendor :STMicroelectronics PDM2PCM 3.1.0
2024-07-01 11:48:37,981 [INFO] ThirdParty:1030 - CMSIS Pack Vendor :STMicroelectronics PDM2PCM 3.3.0
2024-07-01 11:48:37,981 [INFO] ThirdParty:1030 - CMSIS Pack Vendor :STMicroelectronics X-CUBE-DISPLAY 3.0.0
2024-07-01 11:48:37,981 [INFO] ThirdParty:1030 - CMSIS Pack Vendor :wolfSSL I-CUBE-wolfSSL 5.7.0
2024-07-01 11:48:37,981 [INFO] ThirdParty:1030 - CMSIS Pack Vendor :STMicroelectronics FP-SNS-MOTENVWB1 1.3.1
2024-07-01 11:48:37,981 [INFO] ThirdParty:1030 - CMSIS Pack Vendor :STMicroelectronics X-CUBE-BLE1 7.0.0
2024-07-01 11:48:37,981 [INFO] ThirdParty:1030 - CMSIS Pack Vendor :STMicroelectronics FP-ATR-SIGFOX1 3.2.0
2024-07-01 11:48:37,981 [INFO] ThirdParty:1030 - CMSIS Pack Vendor :STMicroelectronics X-CUBE-ISPU 2.0.0
2024-07-01 11:48:37,981 [INFO] ThirdParty:1030 - CMSIS Pack Vendor :STMicroelectronics X-CUBE-EEPRMA1 5.1.0
2024-07-01 11:48:37,981 [INFO] ThirdParty:1030 - CMSIS Pack Vendor :STMicroelectronics HAL Drivers 0.0.0
2024-07-01 11:48:37,981 [INFO] ThirdParty:1030 - CMSIS Pack Vendor :STMicroelectronics MBEDTLS 2.16.2
2024-07-01 11:48:37,981 [INFO] ThirdParty:1030 - CMSIS Pack Vendor :STMicroelectronics X-CUBE-ALS 1.0.2
2024-07-01 11:48:37,981 [INFO] ThirdParty:1030 - CMSIS Pack Vendor :emotas I-CUBE-CANOPEN 1.3.0
2024-07-01 11:48:37,981 [INFO] ThirdParty:1030 - CMSIS Pack Vendor :STMicroelectronics X-CUBE-MEMS1 10.0.0
2024-07-01 11:48:37,981 [INFO] ThirdParty:1030 - CMSIS Pack Vendor :STMicroelectronics X-CUBE-FREERTOS 1.1.0
2024-07-01 11:48:37,981 [INFO] ThirdParty:1030 - CMSIS Pack Vendor :STMicroelectronics X-CUBE-NFC7 1.0.1
2024-07-01 11:48:37,981 [INFO] ThirdParty:1030 - CMSIS Pack Vendor :STMicroelectronics MBEDTLS 2.14.1
2024-07-01 11:48:37,981 [INFO] ThirdParty:1030 - CMSIS Pack Vendor :STMicroelectronics X-CUBE-TOUCHGFX 4.24.0
2024-07-01 11:48:37,981 [INFO] ThirdParty:1030 - CMSIS Pack Vendor :ITTIA_DB I-CUBE-ITTIADB 8.9.0
2024-07-01 11:48:37,981 [INFO] ThirdParty:1030 - CMSIS Pack Vendor :portGmbH I-Cube-SoM-uGOAL 1.1.0
2024-07-01 11:48:37,981 [INFO] ThirdParty:1030 - CMSIS Pack Vendor :STMicroelectronics X-CUBE-ALS 1.0.1
2024-07-01 11:48:37,981 [INFO] ThirdParty:1030 - CMSIS Pack Vendor :STMicroelectronics X-CUBE-BLEMGR 3.1.0
2024-07-01 11:48:37,981 [INFO] ThirdParty:1030 - CMSIS Pack Vendor :STMicroelectronics ThreadX 1.0.0
2024-07-01 11:48:37,981 [INFO] ThirdParty:1030 - CMSIS Pack Vendor :STMicroelectronics FP-SNS-SMARTAG2 1.2.0
2024-07-01 11:48:37,981 [INFO] ThirdParty:1030 - CMSIS Pack Vendor :STMicroelectronics X-CUBE-AZRTOS-WL 2.0.0
2024-07-01 11:48:37,981 [INFO] ThirdParty:1030 - CMSIS Pack Vendor :SEGGER I-CUBE-embOS 1.3.1
2024-07-01 11:48:37,981 [INFO] ThirdParty:1030 - CMSIS Pack Vendor :STMicroelectronics X-CUBE-ALGOBUILD 1.4.0
2024-07-01 11:48:37,981 [INFO] ThirdParty:1030 - CMSIS Pack Vendor :STMicroelectronics FP-SNS-MOTENV1 5.0.0
2024-07-01 11:48:37,981 [INFO] ThirdParty:1030 - CMSIS Pack Vendor :STMicroelectronics USB_DEVICE 1.0.0
2024-07-01 11:48:37,982 [INFO] ThirdParty:1030 - CMSIS Pack Vendor :STMicroelectronics X-CUBE-AI 8.1.0
2024-07-01 11:48:37,982 [INFO] ThirdParty:1030 - CMSIS Pack Vendor :STMicroelectronics X-CUBE-AZRTOS-H7RS 1.0.0
2024-07-01 11:48:37,982 [INFO] ThirdParty:1030 - CMSIS Pack Vendor :wolfSSL I-CUBE-wolfMQTT 1.19.0
2024-07-01 11:48:37,982 [INFO] ThirdParty:1030 - CMSIS Pack Vendor :STMicroelectronics X-CUBE-AZRTOS-L4 2.0.0
2024-07-01 11:48:37,982 [INFO] ThirdParty:1030 - CMSIS Pack Vendor :STMicroelectronics ThreadX 0.0.2
2024-07-01 11:48:37,982 [INFO] ThirdParty:1030 - CMSIS Pack Vendor :WES I-CUBE-Cesium 1.3.0
2024-07-01 11:48:37,982 [INFO] ThirdParty:1030 - CMSIS Pack Vendor :STMicroelectronics FP-ATR-ASTRA1 2.0.0
2024-07-01 11:48:37,982 [INFO] ThirdParty:1030 - CMSIS Pack Vendor :STMicroelectronics lwIP 2.1.2
2024-07-01 11:48:37,982 [INFO] ThirdParty:1030 - CMSIS Pack Vendor :STMicroelectronics X-CUBE-SFXS2LP1 4.0.0
2024-07-01 11:48:37,982 [INFO] ThirdParty:1030 - CMSIS Pack Vendor :STMicroelectronics X-CUBE-BLE2 3.3.0
2024-07-01 11:48:37,982 [INFO] ThirdParty:1030 - CMSIS Pack Vendor :STMicroelectronics X-CUBE-TOF1 3.4.1
2024-07-01 11:48:37,982 [INFO] ThirdParty:1030 - CMSIS Pack Vendor :STMicroelectronics X-CUBE-AZRTOS-H7 3.2.0
2024-07-01 11:48:37,982 [INFO] ThirdParty:1030 - CMSIS Pack Vendor :Infineon AIROC-Wi-Fi-Bluetooth-STM32 1.6.0
2024-07-01 11:48:37,982 [INFO] ThirdParty:1030 - CMSIS Pack Vendor :STMicroelectronics PDM2PCM 3.2.0
2024-07-01 11:48:37,982 [INFO] ThirdParty:841 - exiting critical section [change project]
2024-07-01 11:48:38,210 [INFO] PinOutPanel:1499 - setPackage(No Configuration,No Configuration)
2024-07-01 11:48:38,212 [INFO] PinOutPanel:1499 - setPackage(STM32F103C6Tx,LQFP48)
2024-07-01 11:48:38,554 [INFO] UtilMem:75 - Before build in PCC Used Memory: 581008160 Bytes (1073741824)
2024-07-01 11:48:39,497 [INFO] UtilMem:75 - After build in PCC Used Memory: 641825568 Bytes (1073741824)
2024-07-01 11:48:39,517 [INFO] IPUIPlugin:80 - create IPUIPlugin
2024-07-01 11:48:39,517 [INFO] IPUIPlugin:80 - create IPUIPlugin
2024-07-01 11:48:39,518 [INFO] IPUIPlugin:80 - create IPUIPlugin
2024-07-01 11:48:39,518 [INFO] IPUIPlugin:80 - create IPUIPlugin
2024-07-01 11:48:39,518 [INFO] IPUIPlugin:80 - create IPUIPlugin
2024-07-01 11:48:39,518 [INFO] IPUIPlugin:80 - create IPUIPlugin
2024-07-01 11:48:39,518 [INFO] IPUIPlugin:80 - create IPUIPlugin
2024-07-01 11:48:39,518 [INFO] IPUIPlugin:80 - create IPUIPlugin
2024-07-01 11:48:39,518 [INFO] IPUIPlugin:80 - create IPUIPlugin
2024-07-01 11:48:39,518 [INFO] IPUIPlugin:80 - create IPUIPlugin
2024-07-01 11:48:39,519 [INFO] IPUIPlugin:80 - create IPUIPlugin
2024-07-01 11:48:39,519 [INFO] IPUIPlugin:80 - create IPUIPlugin
2024-07-01 11:48:39,519 [INFO] IPUIPlugin:80 - create IPUIPlugin
2024-07-01 11:48:39,519 [INFO] IPUIPlugin:80 - create IPUIPlugin
2024-07-01 11:48:39,519 [INFO] IPUIPlugin:80 - create IPUIPlugin
2024-07-01 11:48:39,519 [INFO] IPUIPlugin:80 - create IPUIPlugin
2024-07-01 11:48:39,519 [INFO] IPUIPlugin:80 - create IPUIPlugin
2024-07-01 11:48:39,519 [INFO] IPUIPlugin:80 - create IPUIPlugin
2024-07-01 11:48:39,519 [INFO] IPUIPlugin:80 - create IPUIPlugin
2024-07-01 11:48:39,520 [INFO] IPUIPlugin:80 - create IPUIPlugin
2024-07-01 11:48:39,520 [INFO] IPUIPlugin:80 - create IPUIPlugin
2024-07-01 11:48:39,520 [INFO] IPUIPlugin:80 - create IPUIPlugin
2024-07-01 11:48:39,520 [INFO] IPUIPlugin:80 - create IPUIPlugin
2024-07-01 11:48:39,817 [INFO] CADModel:165 - CPN selected for project levelSTM32F103C6T6A
2024-07-01 11:48:39,817 [INFO] CADModel:114 - Register for checkConnection events
2024-07-01 11:48:39,880 [INFO] OpenFileManager:343 - Restore cursor
2024-07-01 13:42:12,382 [ERROR] LogOutputStream:75 - [STDERR_REDIRECT] 
2024-07-01 13:42:25,762 [INFO] Activator:176 - 


2024-07-01 13:42:25,764 [INFO] Activator:177 - !SESSION log4j initialized
2024-07-01 13:42:30,764 [INFO] LogOutputStream:77 - [STDOUT_REDIRECT] 
2024-07-01 13:42:31,821 [INFO] ApplicationProperties:184 - Using Application install path: C:\ST\STM32CubeIDE_1.14.1\STM32CubeIDE\plugins\com.st.stm32cube.common.mx_6.10.0.202311202037
2024-07-01 13:42:31,836 [INFO] DbMcusXml:78 - Set database path to: C:\ST\STM32CubeIDE_1.14.1\STM32CubeIDE\plugins\com.st.stm32cube.common.mx_6.10.0.202311202037\\db\/mcu/
2024-07-01 13:42:31,836 [INFO] ApiDb:274 - Set plugin database path to: C:\ST\STM32CubeIDE_1.14.1\STM32CubeIDE\plugins\com.st.stm32cube.common.mx_6.10.0.202311202037\\db\/plugins/boardmanager/
2024-07-01 13:42:31,836 [WARN] ApiDb:259 - Overriding images path with different value:  => C:\ST\STM32CubeIDE_1.14.1\STM32CubeIDE\plugins\com.st.stm32cube.common.mx_6.10.0.202311202037\\db\/plugins/mcufinder/images/
2024-07-01 13:42:31,841 [INFO] ApiDb:250 - Set database path to: C:\Users\0163022\.stmcufinder\plugins\mcufinder//mcu/
2024-07-01 13:42:31,842 [INFO] DbMcusAds:125 - Set database path to: C:\Users\0163022\.stmcufinder\plugins\mcufinder//mcu/
2024-07-01 13:42:31,843 [INFO] CrossReferenceDbSqlite:203 - Set database path to: C:\Users\0163022\.stmcufinder\plugins\mcufinder//mcu/cs/
2024-07-01 13:42:31,948 [INFO] RulesReader:64 - Compatibility file has been processed (297 Rules)
2024-07-01 13:42:32,025 [INFO] DbMcusXml:78 - Set database path to: C:\ST\STM32CubeIDE_1.14.1\STM32CubeIDE\plugins\com.st.stm32cube.common.mx_6.10.0.202311202037\\db\/mcu/
2024-07-01 13:42:32,025 [INFO] ApiDb:274 - Set plugin database path to: C:\ST\STM32CubeIDE_1.14.1\STM32CubeIDE\plugins\com.st.stm32cube.common.mx_6.10.0.202311202037\\db\/plugins/boardmanager/
2024-07-01 13:42:32,026 [INFO] ApiDb:261 - Set plugin images path to: C:\ST\STM32CubeIDE_1.14.1\STM32CubeIDE\plugins\com.st.stm32cube.common.mx_6.10.0.202311202037\\db\/plugins/mcufinder/images/
2024-07-01 13:42:32,026 [WARN] DbFile:41 - Overriding database path with different value: C:\Users\0163022\.stmcufinder\plugins\mcufinder/ => C:\Users\0163022\.stmcufinder\plugins\mcufinder
2024-07-01 13:42:32,026 [INFO] ApiDb:250 - Set database path to: C:\Users\0163022\.stmcufinder\plugins\mcufinder//mcu/
2024-07-01 13:42:32,026 [WARN] DbFile:41 - Overriding database path with different value: C:\Users\0163022\.stmcufinder\plugins\mcufinder/ => C:\Users\0163022\.stmcufinder\plugins\mcufinder
2024-07-01 13:42:32,026 [INFO] DbMcusAds:125 - Set database path to: C:\Users\0163022\.stmcufinder\plugins\mcufinder//mcu/
2024-07-01 13:42:32,027 [WARN] DbFile:41 - Overriding database path with different value: C:\Users\0163022\.stmcufinder\plugins\mcufinder/ => C:\Users\0163022\.stmcufinder\plugins\mcufinder
2024-07-01 13:42:32,027 [WARN] DbFile:41 - Overriding database path with different value: C:\Users\0163022\.stmcufinder\plugins\mcufinder/ => C:\Users\0163022\.stmcufinder\plugins\mcufinder
2024-07-01 13:42:32,027 [INFO] CrossReferenceDbSqlite:203 - Set database path to: C:\Users\0163022\.stmcufinder\plugins\mcufinder//mcu/cs/
2024-07-01 13:42:32,142 [INFO] MainPanel:264 - HeapMemory: 268435456
2024-07-01 13:42:32,264 [INFO] DbMcusXml:78 - Set database path to: C:\ST\STM32CubeIDE_1.14.1\STM32CubeIDE\plugins\com.st.stm32cube.common.mx_6.10.0.202311202037\\db\/mcu/
2024-07-01 13:42:32,265 [INFO] ApiDb:274 - Set plugin database path to: C:\ST\STM32CubeIDE_1.14.1\STM32CubeIDE\plugins\com.st.stm32cube.common.mx_6.10.0.202311202037\\db\/plugins/boardmanager/
2024-07-01 13:42:32,265 [INFO] ApiDb:261 - Set plugin images path to: C:\ST\STM32CubeIDE_1.14.1\STM32CubeIDE\plugins\com.st.stm32cube.common.mx_6.10.0.202311202037\\db\/plugins/mcufinder/images/
2024-07-01 13:42:32,266 [WARN] DbFile:41 - Overriding database path with different value: C:\Users\0163022\.stmcufinder\plugins\mcufinder/ => C:\Users\0163022\.stmcufinder\plugins\mcufinder
2024-07-01 13:42:32,266 [INFO] ApiDb:250 - Set database path to: C:\Users\0163022\.stmcufinder\plugins\mcufinder//mcu/
2024-07-01 13:42:32,266 [WARN] DbFile:41 - Overriding database path with different value: C:\Users\0163022\.stmcufinder\plugins\mcufinder/ => C:\Users\0163022\.stmcufinder\plugins\mcufinder
2024-07-01 13:42:32,266 [INFO] DbMcusAds:125 - Set database path to: C:\Users\0163022\.stmcufinder\plugins\mcufinder//mcu/
2024-07-01 13:42:32,266 [WARN] DbFile:41 - Overriding database path with different value: C:\Users\0163022\.stmcufinder\plugins\mcufinder/ => C:\Users\0163022\.stmcufinder\plugins\mcufinder
2024-07-01 13:42:32,266 [WARN] DbFile:41 - Overriding database path with different value: C:\Users\0163022\.stmcufinder\plugins\mcufinder/ => C:\Users\0163022\.stmcufinder\plugins\mcufinder
2024-07-01 13:42:32,266 [INFO] CrossReferenceDbSqlite:203 - Set database path to: C:\Users\0163022\.stmcufinder\plugins\mcufinder//mcu/cs/
2024-07-01 13:42:32,297 [INFO] ApplicationProperties:184 - Using Application install path: C:\ST\STM32CubeIDE_1.14.1\STM32CubeIDE\plugins\com.st.stm32cube.common.mx_6.10.0.202311202037
2024-07-01 13:42:32,299 [INFO] PluginManage:196 - Search for loadable plugins [exclusion list=, ]
2024-07-01 13:42:32,300 [INFO] PluginManage:310 - Check plugin analytics
2024-07-01 13:42:32,451 [INFO] AnalyticsPlugin:253 - Accepted Software Licenses: 
2024-07-01 13:42:32,451 [INFO] AnalyticsPlugin:255 - Accepted CMSIS Pack Licenses: 
2024-07-01 13:42:32,451 [INFO] AnalyticsPlugin:257 - Accepted Firmware Licenses: 
2024-07-01 13:42:32,453 [INFO] PluginManage:359 - Loaded plugin analytics (category:tool,tabindex:-1)
2024-07-01 13:42:32,454 [INFO] PluginManage:310 - Check plugin cadmodel
2024-07-01 13:42:32,457 [INFO] CADModel:105 - Init CAD model plugin
2024-07-01 13:42:32,457 [INFO] PluginManage:359 - Loaded plugin cadmodel (category:power,tabindex:5)
2024-07-01 13:42:32,457 [INFO] PluginManage:310 - Check plugin clock
2024-07-01 13:42:32,463 [INFO] PluginManage:359 - Loaded plugin clock (category:base,tabindex:2)
2024-07-01 13:42:32,463 [INFO] PluginManage:310 - Check plugin ddr
2024-07-01 13:42:32,465 [INFO] PluginManage:359 - Loaded plugin ddr (category:tool,tabindex:6)
2024-07-01 13:42:32,465 [INFO] PluginManage:310 - Check plugin filemanager
2024-07-01 13:42:32,577 [INFO] PluginManage:359 - Loaded plugin filemanager (category:base,tabindex:10)
2024-07-01 13:42:32,577 [INFO] PluginManage:310 - Check plugin ipmanager
2024-07-01 13:42:32,584 [INFO] PluginManage:359 - Loaded plugin ipmanager (category:base,tabindex:5)
2024-07-01 13:42:32,584 [INFO] PluginManage:310 - Check plugin lpbam
2024-07-01 13:42:32,590 [INFO] PluginManage:359 - Loaded plugin lpbam (category:base,tabindex:0)
2024-07-01 13:42:32,590 [INFO] PluginManage:310 - Check plugin memorymap
2024-07-01 13:42:32,602 [INFO] PluginManage:359 - Loaded plugin memorymap (category:base,tabindex:4)
2024-07-01 13:42:32,602 [INFO] PluginManage:310 - Check plugin pinoutandconfiguration
2024-07-01 13:42:32,608 [INFO] PluginManage:359 - Loaded plugin pinoutandconfiguration (category:base,tabindex:1)
2024-07-01 13:42:32,608 [INFO] PluginManage:310 - Check plugin pinoutconfig
2024-07-01 13:42:32,683 [WARN] SupportedApi:132 - Cannot load RTOS API schema: s4s-elt-must-match.1: The content of 'definitions' must match (annotation?, (simpleType | complexType)?, (unique | key | keyref)*)). A problem was found starting at: attribute.
2024-07-01 13:42:32,800 [INFO] PluginManage:359 - Loaded plugin pinoutconfig (category:base,tabindex:0)
2024-07-01 13:42:32,800 [INFO] PluginManage:310 - Check plugin power
2024-07-01 13:42:32,809 [INFO] PluginManage:359 - Loaded plugin power (category:power,tabindex:4)
2024-07-01 13:42:32,809 [INFO] PluginManage:310 - Check plugin projectmanager
2024-07-01 13:42:32,823 [INFO] PluginManage:359 - Loaded plugin projectmanager (category:projectmanager,tabindex:3)
2024-07-01 13:42:32,823 [INFO] PluginManage:310 - Check plugin thirdparty
2024-07-01 13:42:32,922 [WARN] IntegrityCheckThread:84 - waiting for thirdparty lock release [integrity check]
2024-07-01 13:42:32,922 [INFO] PluginManage:359 - Loaded plugin thirdparty (category:base,tabindex:-1)
2024-07-01 13:42:32,922 [INFO] IntegrityCheckThread:86 - entering critical section [integrity check]
2024-07-01 13:42:32,922 [INFO] PluginManage:310 - Check plugin tools
2024-07-01 13:42:32,923 [INFO] ThirdPartyUpdaterWithRetryManager:70 - Updater plugin not ready yet. [1/15]
2024-07-01 13:42:32,925 [INFO] PluginManage:359 - Loaded plugin tools (category:base,tabindex:7)
2024-07-01 13:42:32,925 [INFO] PluginManage:310 - Check plugin tutovideos
2024-07-01 13:42:33,083 [INFO] PluginManage:359 - Loaded plugin tutovideos (category:base,tabindex:-1)
2024-07-01 13:42:33,084 [INFO] PluginManage:310 - Check plugin updater
2024-07-01 13:42:33,102 [INFO] PluginManage:359 - Loaded plugin updater (category:base,tabindex:12)
2024-07-01 13:42:33,102 [INFO] PluginManage:310 - Check plugin userauth
2024-07-01 13:42:33,107 [INFO] UserAuth:114 - Init User Auth plugin
2024-07-01 13:42:33,108 [INFO] PluginManage:359 - Loaded plugin userauth (category:base,tabindex:14)
2024-07-01 13:42:33,108 [INFO] PluginManage:283 - PluginManage : Loaded plugins [17]
2024-07-01 13:42:33,334 [INFO] PinOutPanel:1499 - setPackage(No Configuration,No Configuration)
2024-07-01 13:42:33,405 [INFO] CADModel:165 - CPN selected for project level
2024-07-01 13:42:33,405 [INFO] CADModel:114 - Register for checkConnection events
2024-07-01 13:42:33,420 [INFO] IPUIPlugin:80 - create IPUIPlugin
2024-07-01 13:42:33,420 [INFO] PluginManager:220 - loadIPPluginJar : add adc
2024-07-01 13:42:33,422 [INFO] IPUIPlugin:80 - create IPUIPlugin
2024-07-01 13:42:33,422 [INFO] PluginManager:220 - loadIPPluginJar : add aes
2024-07-01 13:42:33,423 [INFO] IPUIPlugin:80 - create IPUIPlugin
2024-07-01 13:42:33,424 [INFO] PluginManager:220 - loadIPPluginJar : add can
2024-07-01 13:42:33,425 [INFO] IPUIPlugin:80 - create IPUIPlugin
2024-07-01 13:42:33,425 [INFO] PluginManager:220 - loadIPPluginJar : add comp
2024-07-01 13:42:33,426 [INFO] IPUIPlugin:80 - create IPUIPlugin
2024-07-01 13:42:33,426 [INFO] PluginManager:220 - loadIPPluginJar : add cryp
2024-07-01 13:42:33,427 [INFO] IPUIPlugin:80 - create IPUIPlugin
2024-07-01 13:42:33,427 [INFO] PluginManager:220 - loadIPPluginJar : add dfsdm
2024-07-01 13:42:33,431 [INFO] IPUIPlugin:80 - create IPUIPlugin
2024-07-01 13:42:33,432 [INFO] PluginManager:220 - loadIPPluginJar : add dma
2024-07-01 13:42:33,433 [INFO] IPUIPlugin:80 - create IPUIPlugin
2024-07-01 13:42:33,433 [INFO] PluginManager:220 - loadIPPluginJar : add dma3
2024-07-01 13:42:33,434 [INFO] IPUIPlugin:80 - create IPUIPlugin
2024-07-01 13:42:33,434 [INFO] PluginManager:220 - loadIPPluginJar : add fatfs
2024-07-01 13:42:33,437 [INFO] IPUIPlugin:80 - create IPUIPlugin
2024-07-01 13:42:33,437 [INFO] PluginManager:220 - loadIPPluginJar : add fmc
2024-07-01 13:42:33,441 [INFO] IPUIPlugin:80 - create IPUIPlugin
2024-07-01 13:42:33,441 [INFO] PluginManager:220 - loadIPPluginJar : add freertos
2024-07-01 13:42:33,442 [INFO] IPUIPlugin:80 - create IPUIPlugin
2024-07-01 13:42:33,442 [INFO] PluginManager:220 - loadIPPluginJar : add genericplugin
2024-07-01 13:42:33,443 [INFO] IPUIPlugin:80 - create IPUIPlugin
2024-07-01 13:42:33,443 [INFO] PluginManager:220 - loadIPPluginJar : add gfxmmu
2024-07-01 13:42:33,449 [INFO] IPUIPlugin:80 - create IPUIPlugin
2024-07-01 13:42:33,449 [INFO] PluginManager:220 - loadIPPluginJar : add gic
2024-07-01 13:42:33,452 [INFO] IPUIPlugin:80 - create IPUIPlugin
2024-07-01 13:42:33,452 [INFO] PluginManager:220 - loadIPPluginJar : add gpio
2024-07-01 13:42:33,454 [INFO] IPUIPlugin:80 - create IPUIPlugin
2024-07-01 13:42:33,454 [INFO] PluginManager:220 - loadIPPluginJar : add gtzc
2024-07-01 13:42:33,456 [INFO] IPUIPlugin:80 - create IPUIPlugin
2024-07-01 13:42:33,456 [INFO] PluginManager:220 - loadIPPluginJar : add hash
2024-07-01 13:42:33,458 [INFO] IPUIPlugin:80 - create IPUIPlugin
2024-07-01 13:42:33,458 [INFO] PluginManager:220 - loadIPPluginJar : add i2c
2024-07-01 13:42:33,460 [INFO] IPUIPlugin:80 - create IPUIPlugin
2024-07-01 13:42:33,460 [INFO] PluginManager:220 - loadIPPluginJar : add i2s
2024-07-01 13:42:33,462 [INFO] IPUIPlugin:80 - create IPUIPlugin
2024-07-01 13:42:33,462 [INFO] PluginManager:220 - loadIPPluginJar : add i3c
2024-07-01 13:42:33,466 [INFO] IPUIPlugin:80 - create IPUIPlugin
2024-07-01 13:42:33,466 [INFO] PluginManager:220 - loadIPPluginJar : add ipddr
2024-07-01 13:42:33,473 [INFO] IPUIPlugin:80 - create IPUIPlugin
2024-07-01 13:42:33,473 [INFO] PluginManager:220 - loadIPPluginJar : add linkedlist
2024-07-01 13:42:33,476 [INFO] IPUIPlugin:80 - create IPUIPlugin
2024-07-01 13:42:33,476 [INFO] PluginManager:220 - loadIPPluginJar : add lorawan
2024-07-01 13:42:33,478 [INFO] IPUIPlugin:80 - create IPUIPlugin
2024-07-01 13:42:33,478 [INFO] PluginManager:220 - loadIPPluginJar : add ltdc
2024-07-01 13:42:33,483 [INFO] IPUIPlugin:80 - create IPUIPlugin
2024-07-01 13:42:33,483 [INFO] PluginManager:220 - loadIPPluginJar : add mdma
2024-07-01 13:42:33,489 [INFO] IPUIPlugin:80 - create IPUIPlugin
2024-07-01 13:42:33,489 [INFO] PluginManager:220 - loadIPPluginJar : add nvic
2024-07-01 13:42:33,490 [INFO] IPUIPlugin:80 - create IPUIPlugin
2024-07-01 13:42:33,490 [INFO] PluginManager:220 - loadIPPluginJar : add opamp
2024-07-01 13:42:33,493 [INFO] IPUIPlugin:80 - create IPUIPlugin
2024-07-01 13:42:33,493 [INFO] PluginManager:220 - loadIPPluginJar : add openamp
2024-07-01 13:42:33,496 [INFO] IPUIPlugin:80 - create IPUIPlugin
2024-07-01 13:42:33,496 [INFO] PluginManager:220 - loadIPPluginJar : add pdm2pcm
2024-07-01 13:42:33,500 [INFO] IPUIPlugin:80 - create IPUIPlugin
2024-07-01 13:42:33,502 [INFO] PluginManager:220 - loadIPPluginJar : add plateformsettings
2024-07-01 13:42:33,503 [INFO] IPUIPlugin:80 - create IPUIPlugin
2024-07-01 13:42:33,503 [INFO] PluginManager:220 - loadIPPluginJar : add quadspi
2024-07-01 13:42:33,505 [INFO] IPUIPlugin:80 - create IPUIPlugin
2024-07-01 13:42:33,505 [INFO] PluginManager:220 - loadIPPluginJar : add resmgrutility
2024-07-01 13:42:33,507 [INFO] IPUIPlugin:80 - create IPUIPlugin
2024-07-01 13:42:33,507 [INFO] PluginManager:220 - loadIPPluginJar : add sai
2024-07-01 13:42:33,509 [INFO] IPUIPlugin:80 - create IPUIPlugin
2024-07-01 13:42:33,509 [INFO] PluginManager:220 - loadIPPluginJar : add spi
2024-07-01 13:42:33,512 [INFO] IPUIPlugin:80 - create IPUIPlugin
2024-07-01 13:42:33,512 [INFO] PluginManager:220 - loadIPPluginJar : add stm32_wpan
2024-07-01 13:42:33,513 [INFO] IPUIPlugin:80 - create IPUIPlugin
2024-07-01 13:42:33,513 [INFO] PluginManager:220 - loadIPPluginJar : add tim
2024-07-01 13:42:33,515 [INFO] IPUIPlugin:80 - create IPUIPlugin
2024-07-01 13:42:33,515 [INFO] PluginManager:220 - loadIPPluginJar : add touchsensing
2024-07-01 13:42:33,516 [INFO] IPUIPlugin:80 - create IPUIPlugin
2024-07-01 13:42:33,516 [INFO] PluginManager:220 - loadIPPluginJar : add tracer_emb
2024-07-01 13:42:33,517 [INFO] IPUIPlugin:80 - create IPUIPlugin
2024-07-01 13:42:33,517 [INFO] PluginManager:220 - loadIPPluginJar : add ts
2024-07-01 13:42:33,518 [INFO] IPUIPlugin:80 - create IPUIPlugin
2024-07-01 13:42:33,518 [INFO] PluginManager:220 - loadIPPluginJar : add tsc
2024-07-01 13:42:33,519 [INFO] IPUIPlugin:80 - create IPUIPlugin
2024-07-01 13:42:33,519 [INFO] PluginManager:220 - loadIPPluginJar : add ucpd
2024-07-01 13:42:33,520 [INFO] IPUIPlugin:80 - create IPUIPlugin
2024-07-01 13:42:33,520 [INFO] PluginManager:220 - loadIPPluginJar : add usart
2024-07-01 13:42:33,522 [INFO] IPUIPlugin:80 - create IPUIPlugin
2024-07-01 13:42:33,522 [INFO] PluginManager:220 - loadIPPluginJar : add usbx
2024-07-01 13:42:33,666 [INFO] CADModel:165 - CPN selected for project level
2024-07-01 13:42:33,666 [INFO] CADModel:114 - Register for checkConnection events
2024-07-01 13:42:33,666 [FATAL] Updater:308 - Updater called before beeing initialized
2024-07-01 13:42:33,666 [ERROR] CADModel:125 - Updater not yet initialized, retry later 
2024-07-01 13:42:33,813 [INFO] CADModel:165 - CPN selected for project level
2024-07-01 13:42:33,814 [INFO] CADModel:114 - Register for checkConnection events
2024-07-01 13:42:33,814 [FATAL] Updater:308 - Updater called before beeing initialized
2024-07-01 13:42:33,814 [ERROR] CADModel:125 - Updater not yet initialized, retry later 
2024-07-01 13:42:33,816 [FATAL] Updater:308 - Updater called before beeing initialized
2024-07-01 13:42:33,900 [FATAL] Updater:308 - Updater called before beeing initialized
2024-07-01 13:42:33,905 [INFO] DbMcusAds:53 - JSON generation date=Thu May 16 11:22:00 SAST 2024 (1715851320852)
2024-07-01 13:42:33,905 [FATAL] Updater:308 - Updater called before beeing initialized
2024-07-01 13:42:33,937 [WARN] DetailPanel:346 - Failed to get advertising image, set to default
2024-07-01 13:42:34,009 [FATAL] Updater:308 - Updater called before beeing initialized
2024-07-01 13:42:34,011 [FATAL] Updater:308 - Updater called before beeing initialized
2024-07-01 13:42:34,012 [FATAL] Updater:308 - Updater called before beeing initialized
2024-07-01 13:42:34,012 [WARN] DetailPanel:346 - Failed to get advertising image, set to default
2024-07-01 13:42:34,012 [FATAL] Updater:308 - Updater called before beeing initialized
2024-07-01 13:42:34,065 [ERROR] Updater:1120 - MainUpdater not yet initialized. External WinMGr cannot be set.
2024-07-01 13:42:34,067 [INFO] Updater:1056 - Updater Version found : 6.10.0
2024-07-01 13:42:34,088 [INFO] ApplicationProperties:184 - Using Application install path: C:\ST\STM32CubeIDE_1.14.1\STM32CubeIDE\plugins\com.st.stm32cube.common.mx_6.10.0.202311202037
2024-07-01 13:42:34,376 [INFO] MainUpdater:2873 - connection check result : 10
2024-07-01 13:42:34,377 [INFO] MainUpdater:290 - Updater Check For Update Now.
2024-07-01 13:42:34,377 [INFO] MicroXplorer:498 - Change Database Version : DB.6.0.100
2024-07-01 13:42:34,422 [INFO] McuFinderGlobals:63 - Set McuFinder mode to 2 (CubeIDE integrated)
2024-07-01 13:42:34,550 [INFO] CheckServerUpdateThread:120 - End of CheckServer Thread
2024-07-01 13:42:35,202 [INFO] UserAuth:404 - Internet connection configuration mode: 1
2024-07-01 13:42:35,226 [INFO] JxBrowserEngine:152 - Initiate JxBrowser Engine with user profile folder
2024-07-01 13:42:35,874 [INFO] WebApp:161 - Instantiating new browser for Auth
2024-07-01 13:42:36,095 [WARN] PackLoader:240 - Cannot read IP mode file for STMicroelectronics.FP-SNS-MOTENVWB1.1.4.0
2024-07-01 13:42:36,108 [WARN] PackLoader:240 - Cannot read IP mode file for STMicroelectronics.X-CUBE-SMBUS.2.1.0
2024-07-01 13:42:36,114 [WARN] PackLoader:240 - Cannot read IP mode file for STMicroelectronics.X-CUBE-TOUCHGFX.4.23.2
2024-07-01 13:42:36,140 [WARN] PackLoader:240 - Cannot read IP mode file for STMicroelectronics.X-CUBE-AZRTOS-F7.1.1.0
2024-07-01 13:42:36,152 [WARN] PackLoader:240 - Cannot read IP mode file for STMicroelectronics.FP-SNS-FLIGHT1.5.0.2
2024-07-01 13:42:36,160 [WARN] PackLoader:240 - Cannot read IP mode file for STMicroelectronics.X-CUBE-DISPLAY.3.0.0
2024-07-01 13:42:36,176 [WARN] PackLoader:240 - Cannot read IP mode file for STMicroelectronics.X-CUBE-BLE1.7.0.0
2024-07-01 13:42:36,192 [WARN] PackLoader:240 - Cannot read IP mode file for emotas.I-CUBE-CANOPEN.1.3.0
2024-07-01 13:42:36,211 [WARN] PackLoader:240 - Cannot read IP mode file for STMicroelectronics.X-CUBE-BLEMGR.3.1.0
2024-07-01 13:42:36,240 [WARN] PackLoader:240 - Cannot read IP mode file for STMicroelectronics.FP-SNS-SMARTAG2.1.2.0
2024-07-01 13:42:36,254 [INFO] LogOutputStream:77 - [STDOUT_REDIRECT] 1 : Invalid condition id : UX_CORESTACK_Condition cause : null
2024-07-01 13:42:36,255 [INFO] LogOutputStream:77 - [STDOUT_REDIRECT] 1 : Invalid condition id : UX_CORESTACK_Condition cause : null
2024-07-01 13:42:36,257 [INFO] LogOutputStream:77 - [STDOUT_REDIRECT] 1 : Invalid condition id : UX_CORESTACK_Condition cause : null
2024-07-01 13:42:36,264 [INFO] LogOutputStream:77 - [STDOUT_REDIRECT] 1 : Invalid condition id : UX_CORESTACK_Condition cause : null
2024-07-01 13:42:36,266 [INFO] LogOutputStream:77 - [STDOUT_REDIRECT] 1 : Invalid condition id : UX_CORESTACK_Condition cause : null
2024-07-01 13:42:36,269 [WARN] PackLoader:240 - Cannot read IP mode file for STMicroelectronics.X-CUBE-AZRTOS-WL.2.0.0
2024-07-01 13:42:36,276 [WARN] PackLoader:240 - Cannot read IP mode file for STMicroelectronics.FP-SNS-MOTENV1.5.0.0
2024-07-01 13:42:36,282 [WARN] PackLoader:240 - Cannot read IP mode file for wolfSSL.I-CUBE-wolfMQTT.1.19.0
2024-07-01 13:42:36,293 [WARN] PackLoader:240 - Cannot read IP mode file for WES.I-CUBE-Cesium.1.3.0
2024-07-01 13:42:36,299 [WARN] PackLoader:240 - Cannot read IP mode file for STMicroelectronics.X-CUBE-BLE2.3.3.0
2024-07-01 13:42:36,308 [WARN] PackLoader:240 - Cannot read IP mode file for STMicroelectronics.X-CUBE-TCPP.4.1.0
2024-07-01 13:42:36,319 [WARN] PackLoader:240 - Cannot read IP mode file for STMicroelectronics.X-CUBE-ALGOBUILD.1.3.0
2024-07-01 13:42:36,340 [WARN] PackLoader:240 - Cannot read IP mode file for STMicroelectronics.X-CUBE-AZRTOS-G0.1.1.0
2024-07-01 13:42:36,352 [WARN] PackLoader:240 - Cannot read IP mode file for STMicroelectronics.X-CUBE-SAFEA1.1.2.2
2024-07-01 13:42:36,361 [WARN] PackLoader:240 - Cannot read IP mode file for STMicroelectronics.X-CUBE-NFC4.3.0.0
2024-07-01 13:42:36,373 [WARN] PackLoader:240 - Cannot read IP mode file for wolfSSL.I-CUBE-wolfSSL.5.7.0
2024-07-01 13:42:36,381 [WARN] PackLoader:240 - Cannot read IP mode file for STMicroelectronics.FP-ATR-SIGFOX1.3.2.0
2024-07-01 13:42:36,389 [WARN] PackLoader:240 - Cannot read IP mode file for STMicroelectronics.X-CUBE-EEPRMA1.5.1.0
2024-07-01 13:42:36,404 [WARN] PackLoader:240 - Cannot read IP mode file for ITTIA_DB.I-CUBE-ITTIADB.8.9.0
2024-07-01 13:42:36,447 [WARN] PackLoader:240 - Cannot read IP mode file for SEGGER.I-CUBE-embOS.1.3.1
2024-07-01 13:42:36,481 [WARN] PackLoader:240 - Cannot read IP mode file for STMicroelectronics.X-CUBE-ALGOBUILD.1.4.0
2024-07-01 13:42:36,488 [WARN] PackLoader:240 - Cannot read IP mode file for STMicroelectronics.X-CUBE-GNSS1.6.0.0
2024-07-01 13:42:36,523 [WARN] PackLoader:240 - Cannot read IP mode file for STMicroelectronics.X-CUBE-AZRTOS-F4.1.1.0
2024-07-01 13:42:36,538 [WARN] PackLoader:240 - Cannot read IP mode file for STMicroelectronics.X-CUBE-FREERTOS.1.2.0
2024-07-01 13:42:36,556 [WARN] PackLoader:240 - Cannot read IP mode file for STMicroelectronics.X-CUBE-AZRTOS-L5.2.0.0
2024-07-01 13:42:36,568 [WARN] PackLoader:240 - Cannot read IP mode file for STMicroelectronics.X-CUBE-NFC6.3.1.0
2024-07-01 13:42:36,575 [WARN] PackLoader:240 - Cannot read IP mode file for STMicroelectronics.X-CUBE-AI.9.0.0
2024-07-01 13:42:36,582 [WARN] PackLoader:240 - Cannot read IP mode file for STMicroelectronics.X-CUBE-NFC7.1.0.1
2024-07-01 13:42:36,585 [WARN] PackLoader:240 - Cannot read IP mode file for STMicroelectronics.X-CUBE-AI.8.1.0
2024-07-01 13:42:36,597 [WARN] ConditionMgr:438 - getConditionDescription Invalid condition id : LAN8742 Phy interface Condition cause : null
2024-07-01 13:42:36,597 [WARN] PackLoader:240 - Cannot read IP mode file for STMicroelectronics.X-CUBE-AZRTOS-L4.2.0.0
2024-07-01 13:42:36,598 [WARN] ConditionMgr:1039 - genDependencies : Invalid condition id : LAN8742 Phy interface Condition cause : null
2024-07-01 13:42:36,599 [WARN] ConditionMgr:1039 - genDependencies : Invalid condition id : LAN8742 Phy interface Condition cause : null
2024-07-01 13:42:36,599 [WARN] ConditionMgr:1039 - genDependencies : Invalid condition id : LAN8742 Phy interface Condition cause : null
2024-07-01 13:42:36,607 [WARN] PackLoader:240 - Cannot read IP mode file for STMicroelectronics.X-CUBE-SFXS2LP1.4.0.0
2024-07-01 13:42:36,619 [WARN] ConditionMgr:438 - getConditionDescription Invalid condition id : UX DEVICE CLASS RTOS Condition cause : null
2024-07-01 13:42:36,619 [WARN] ConditionMgr:438 - getConditionDescription Invalid condition id : UX DEVICE CLASS RTOS Condition cause : null
2024-07-01 13:42:36,621 [WARN] PackLoader:240 - Cannot read IP mode file for STMicroelectronics.X-CUBE-AZRTOS-WB.2.0.0
2024-07-01 13:42:36,622 [WARN] ConditionMgr:1039 - genDependencies : Invalid condition id : UX DEVICE CLASS RTOS Condition cause : null
2024-07-01 13:42:36,622 [WARN] ConditionMgr:1039 - genDependencies : Invalid condition id : UX DEVICE CLASS RTOS Condition cause : null
2024-07-01 13:42:36,622 [WARN] ConditionMgr:1039 - genDependencies : Invalid condition id : UX DEVICE CLASS RTOS Condition cause : null
2024-07-01 13:42:36,623 [WARN] ConditionMgr:1039 - genDependencies : Invalid condition id : UX DEVICE CLASS RTOS Condition cause : null
2024-07-01 13:42:36,623 [WARN] ConditionMgr:1039 - genDependencies : Invalid condition id : UX DEVICE CLASS RTOS Condition cause : null
2024-07-01 13:42:36,630 [WARN] PackLoader:240 - Cannot read IP mode file for STMicroelectronics.X-CUBE-SUBG2.5.0.0
2024-07-01 13:42:36,645 [WARN] PackLoader:240 - Cannot read IP mode file for STMicroelectronics.X-CUBE-AZRTOS-G4.2.0.0
2024-07-01 13:42:36,650 [WARN] PackLoader:240 - Cannot read IP mode file for STMicroelectronics.FP-SNS-MOTENVWB1.1.3.1
2024-07-01 13:42:36,654 [WARN] PackLoader:240 - Cannot read IP mode file for STMicroelectronics.X-CUBE-ISPU.2.0.0
2024-07-01 13:42:36,657 [WARN] PackLoader:240 - Cannot read IP mode file for STMicroelectronics.X-CUBE-ALS.1.0.2
2024-07-01 13:42:36,702 [WARN] PackLoader:240 - Cannot read IP mode file for STMicroelectronics.X-CUBE-MEMS1.10.0.0
2024-07-01 13:42:36,876 [WARN] PackLoader:240 - Cannot read IP mode file for STMicroelectronics.X-CUBE-FREERTOS.1.1.0
2024-07-01 13:42:36,881 [WARN] PackLoader:240 - Cannot read IP mode file for STMicroelectronics.X-CUBE-TOUCHGFX.4.24.0
2024-07-01 13:42:36,888 [WARN] PackLoader:240 - Cannot read IP mode file for portGmbH.I-Cube-SoM-uGOAL.1.1.0
2024-07-01 13:42:36,892 [WARN] PackLoader:240 - Cannot read IP mode file for STMicroelectronics.X-CUBE-ALS.1.0.1
2024-07-01 13:42:36,907 [WARN] PackLoader:240 - Cannot read IP mode file for STMicroelectronics.X-CUBE-AZRTOS-H7RS.1.0.0
2024-07-01 13:42:36,914 [WARN] PackLoader:240 - Cannot read IP mode file for STMicroelectronics.FP-ATR-ASTRA1.2.0.0
2024-07-01 13:42:36,926 [WARN] PackLoader:240 - Cannot read IP mode file for STMicroelectronics.X-CUBE-TOF1.3.4.1
2024-07-01 13:42:36,951 [WARN] PackLoader:240 - Cannot read IP mode file for STMicroelectronics.X-CUBE-AZRTOS-H7.3.2.0
2024-07-01 13:42:36,968 [WARN] PackLoader:240 - Cannot read IP mode file for Infineon.AIROC-Wi-Fi-Bluetooth-STM32.1.6.0
2024-07-01 13:42:36,972 [INFO] ThirdParty:978 - Integrity check success = true
2024-07-01 13:42:36,973 [INFO] IntegrityCheckThread:100 - exiting critical section [integrity check]
2024-07-01 13:42:36,973 [INFO] IntegrityCheckThread:103 - End integrity checks thread
2024-07-01 13:42:37,227 [INFO] WebApp:780 - Register for checkConnection events
2024-07-01 13:42:37,227 [INFO] WebApp:414 - Apply proxy settings
2024-07-01 13:42:37,227 [INFO] WebApp:499 - Chromium requires no authentication
2024-07-01 13:42:37,239 [INFO] WebApp:442 - Direct internet connection detected
2024-07-01 13:42:37,439 [INFO] WebApp:192 - Starting web application
2024-07-01 13:42:37,439 [INFO] WebApp:544 - Web application path used C:\ST\STM32CubeIDE_1.14.1\STM32CubeIDE\plugins\com.st.stm32cube.common.mx_6.10.0.202311202037\db\plugins\mcufinder\reactClient1\index.html
2024-07-01 13:42:58,312 [ERROR] LogOutputStream:75 - [STDERR_REDIRECT] SLF4J: Failed to load class "org.slf4j.impl.StaticLoggerBinder".
2024-07-01 13:42:58,313 [ERROR] LogOutputStream:75 - [STDERR_REDIRECT] SLF4J: Defaulting to no-operation (NOP) logger implementation
2024-07-01 13:42:58,314 [ERROR] LogOutputStream:75 - [STDERR_REDIRECT] SLF4J: See http://www.slf4j.org/codes.html#StaticLoggerBinder for further details.
