2024-05-16 12:07:23,025 [INFO] WebApp:354 - JxBrowser engine has been closed 
2024-05-16 14:15:31,947 [INFO] Activator:176 - 


2024-05-16 14:15:31,949 [INFO] Activator:177 - !SESSION log4j initialized
2024-05-16 14:15:36,642 [INFO] LogOutputStream:77 - [STDOUT_REDIRECT] 
2024-05-16 14:15:46,743 [INFO] ApplicationProperties:184 - Using Application install path: C:\ST\STM32CubeIDE_1.14.1\STM32CubeIDE\plugins\com.st.stm32cube.common.mx_6.10.0.202311202037
2024-05-16 14:15:46,760 [INFO] DbMcusXml:78 - Set database path to: C:\ST\STM32CubeIDE_1.14.1\STM32CubeIDE\plugins\com.st.stm32cube.common.mx_6.10.0.202311202037\\db\/mcu/
2024-05-16 14:15:46,761 [INFO] ApiDb:274 - Set plugin database path to: C:\ST\STM32CubeIDE_1.14.1\STM32CubeIDE\plugins\com.st.stm32cube.common.mx_6.10.0.202311202037\\db\/plugins/boardmanager/
2024-05-16 14:15:46,761 [WARN] ApiDb:259 - Overriding images path with different value:  => C:\ST\STM32CubeIDE_1.14.1\STM32CubeIDE\plugins\com.st.stm32cube.common.mx_6.10.0.202311202037\\db\/plugins/mcufinder/images/
2024-05-16 14:15:46,769 [INFO] ApiDb:250 - Set database path to: C:\Users\0163022\.stmcufinder\plugins\mcufinder//mcu/
2024-05-16 14:15:46,769 [INFO] DbMcusAds:125 - Set database path to: C:\Users\0163022\.stmcufinder\plugins\mcufinder//mcu/
2024-05-16 14:15:46,771 [INFO] CrossReferenceDbSqlite:203 - Set database path to: C:\Users\0163022\.stmcufinder\plugins\mcufinder//mcu/cs/
2024-05-16 14:15:46,857 [INFO] RulesReader:64 - Compatibility file has been processed (297 Rules)
2024-05-16 14:15:46,931 [INFO] DbMcusXml:78 - Set database path to: C:\ST\STM32CubeIDE_1.14.1\STM32CubeIDE\plugins\com.st.stm32cube.common.mx_6.10.0.202311202037\\db\/mcu/
2024-05-16 14:15:46,931 [INFO] ApiDb:274 - Set plugin database path to: C:\ST\STM32CubeIDE_1.14.1\STM32CubeIDE\plugins\com.st.stm32cube.common.mx_6.10.0.202311202037\\db\/plugins/boardmanager/
2024-05-16 14:15:46,931 [INFO] ApiDb:261 - Set plugin images path to: C:\ST\STM32CubeIDE_1.14.1\STM32CubeIDE\plugins\com.st.stm32cube.common.mx_6.10.0.202311202037\\db\/plugins/mcufinder/images/
2024-05-16 14:15:46,931 [WARN] DbFile:41 - Overriding database path with different value: C:\Users\0163022\.stmcufinder\plugins\mcufinder/ => C:\Users\0163022\.stmcufinder\plugins\mcufinder
2024-05-16 14:15:46,932 [INFO] ApiDb:250 - Set database path to: C:\Users\0163022\.stmcufinder\plugins\mcufinder//mcu/
2024-05-16 14:15:46,932 [WARN] DbFile:41 - Overriding database path with different value: C:\Users\0163022\.stmcufinder\plugins\mcufinder/ => C:\Users\0163022\.stmcufinder\plugins\mcufinder
2024-05-16 14:15:46,932 [INFO] DbMcusAds:125 - Set database path to: C:\Users\0163022\.stmcufinder\plugins\mcufinder//mcu/
2024-05-16 14:15:46,932 [WARN] DbFile:41 - Overriding database path with different value: C:\Users\0163022\.stmcufinder\plugins\mcufinder/ => C:\Users\0163022\.stmcufinder\plugins\mcufinder
2024-05-16 14:15:46,932 [WARN] DbFile:41 - Overriding database path with different value: C:\Users\0163022\.stmcufinder\plugins\mcufinder/ => C:\Users\0163022\.stmcufinder\plugins\mcufinder
2024-05-16 14:15:46,932 [INFO] CrossReferenceDbSqlite:203 - Set database path to: C:\Users\0163022\.stmcufinder\plugins\mcufinder//mcu/cs/
2024-05-16 14:15:47,005 [INFO] MainPanel:264 - HeapMemory: 268435456
2024-05-16 14:15:47,110 [INFO] DbMcusXml:78 - Set database path to: C:\ST\STM32CubeIDE_1.14.1\STM32CubeIDE\plugins\com.st.stm32cube.common.mx_6.10.0.202311202037\\db\/mcu/
2024-05-16 14:15:47,110 [INFO] ApiDb:274 - Set plugin database path to: C:\ST\STM32CubeIDE_1.14.1\STM32CubeIDE\plugins\com.st.stm32cube.common.mx_6.10.0.202311202037\\db\/plugins/boardmanager/
2024-05-16 14:15:47,110 [INFO] ApiDb:261 - Set plugin images path to: C:\ST\STM32CubeIDE_1.14.1\STM32CubeIDE\plugins\com.st.stm32cube.common.mx_6.10.0.202311202037\\db\/plugins/mcufinder/images/
2024-05-16 14:15:47,111 [WARN] DbFile:41 - Overriding database path with different value: C:\Users\0163022\.stmcufinder\plugins\mcufinder/ => C:\Users\0163022\.stmcufinder\plugins\mcufinder
2024-05-16 14:15:47,111 [INFO] ApiDb:250 - Set database path to: C:\Users\0163022\.stmcufinder\plugins\mcufinder//mcu/
2024-05-16 14:15:47,111 [WARN] DbFile:41 - Overriding database path with different value: C:\Users\0163022\.stmcufinder\plugins\mcufinder/ => C:\Users\0163022\.stmcufinder\plugins\mcufinder
2024-05-16 14:15:47,111 [INFO] DbMcusAds:125 - Set database path to: C:\Users\0163022\.stmcufinder\plugins\mcufinder//mcu/
2024-05-16 14:15:47,111 [WARN] DbFile:41 - Overriding database path with different value: C:\Users\0163022\.stmcufinder\plugins\mcufinder/ => C:\Users\0163022\.stmcufinder\plugins\mcufinder
2024-05-16 14:15:47,111 [WARN] DbFile:41 - Overriding database path with different value: C:\Users\0163022\.stmcufinder\plugins\mcufinder/ => C:\Users\0163022\.stmcufinder\plugins\mcufinder
2024-05-16 14:15:47,111 [INFO] CrossReferenceDbSqlite:203 - Set database path to: C:\Users\0163022\.stmcufinder\plugins\mcufinder//mcu/cs/
2024-05-16 14:15:47,134 [INFO] ApplicationProperties:184 - Using Application install path: C:\ST\STM32CubeIDE_1.14.1\STM32CubeIDE\plugins\com.st.stm32cube.common.mx_6.10.0.202311202037
2024-05-16 14:15:47,136 [INFO] PluginManage:196 - Search for loadable plugins [exclusion list=, ]
2024-05-16 14:15:47,138 [INFO] PluginManage:310 - Check plugin analytics
2024-05-16 14:15:47,266 [INFO] AnalyticsPlugin:253 - Accepted Software Licenses: 
2024-05-16 14:15:47,267 [INFO] AnalyticsPlugin:255 - Accepted CMSIS Pack Licenses: 
2024-05-16 14:15:47,267 [INFO] AnalyticsPlugin:257 - Accepted Firmware Licenses: 
2024-05-16 14:15:47,270 [INFO] PluginManage:359 - Loaded plugin analytics (category:tool,tabindex:-1)
2024-05-16 14:15:47,270 [INFO] PluginManage:310 - Check plugin cadmodel
2024-05-16 14:15:47,275 [INFO] CADModel:105 - Init CAD model plugin
2024-05-16 14:15:47,275 [INFO] PluginManage:359 - Loaded plugin cadmodel (category:power,tabindex:5)
2024-05-16 14:15:47,275 [INFO] PluginManage:310 - Check plugin clock
2024-05-16 14:15:47,284 [INFO] PluginManage:359 - Loaded plugin clock (category:base,tabindex:2)
2024-05-16 14:15:47,284 [INFO] PluginManage:310 - Check plugin ddr
2024-05-16 14:15:47,289 [INFO] PluginManage:359 - Loaded plugin ddr (category:tool,tabindex:6)
2024-05-16 14:15:47,289 [INFO] PluginManage:310 - Check plugin filemanager
2024-05-16 14:15:47,417 [INFO] PluginManage:359 - Loaded plugin filemanager (category:base,tabindex:10)
2024-05-16 14:15:47,417 [INFO] PluginManage:310 - Check plugin ipmanager
2024-05-16 14:15:47,423 [INFO] PluginManage:359 - Loaded plugin ipmanager (category:base,tabindex:5)
2024-05-16 14:15:47,424 [INFO] PluginManage:310 - Check plugin lpbam
2024-05-16 14:15:47,431 [INFO] PluginManage:359 - Loaded plugin lpbam (category:base,tabindex:0)
2024-05-16 14:15:47,431 [INFO] PluginManage:310 - Check plugin memorymap
2024-05-16 14:15:47,444 [INFO] PluginManage:359 - Loaded plugin memorymap (category:base,tabindex:4)
2024-05-16 14:15:47,445 [INFO] PluginManage:310 - Check plugin pinoutandconfiguration
2024-05-16 14:15:47,452 [INFO] PluginManage:359 - Loaded plugin pinoutandconfiguration (category:base,tabindex:1)
2024-05-16 14:15:47,452 [INFO] PluginManage:310 - Check plugin pinoutconfig
2024-05-16 14:15:47,527 [WARN] SupportedApi:132 - Cannot load RTOS API schema: s4s-elt-must-match.1: The content of 'definitions' must match (annotation?, (simpleType | complexType)?, (unique | key | keyref)*)). A problem was found starting at: attribute.
2024-05-16 14:15:47,635 [INFO] PluginManage:359 - Loaded plugin pinoutconfig (category:base,tabindex:0)
2024-05-16 14:15:47,636 [INFO] PluginManage:310 - Check plugin power
2024-05-16 14:15:47,644 [INFO] PluginManage:359 - Loaded plugin power (category:power,tabindex:4)
2024-05-16 14:15:47,644 [INFO] PluginManage:310 - Check plugin projectmanager
2024-05-16 14:15:47,657 [INFO] PluginManage:359 - Loaded plugin projectmanager (category:projectmanager,tabindex:3)
2024-05-16 14:15:47,657 [INFO] PluginManage:310 - Check plugin thirdparty
2024-05-16 14:15:47,768 [WARN] IntegrityCheckThread:84 - waiting for thirdparty lock release [integrity check]
2024-05-16 14:15:47,768 [INFO] PluginManage:359 - Loaded plugin thirdparty (category:base,tabindex:-1)
2024-05-16 14:15:47,768 [INFO] IntegrityCheckThread:86 - entering critical section [integrity check]
2024-05-16 14:15:47,768 [INFO] PluginManage:310 - Check plugin tools
2024-05-16 14:15:47,769 [INFO] ThirdPartyUpdaterWithRetryManager:70 - Updater plugin not ready yet. [1/15]
2024-05-16 14:15:47,770 [INFO] PluginManage:359 - Loaded plugin tools (category:base,tabindex:7)
2024-05-16 14:15:47,770 [INFO] PluginManage:310 - Check plugin tutovideos
2024-05-16 14:15:47,915 [INFO] PluginManage:359 - Loaded plugin tutovideos (category:base,tabindex:-1)
2024-05-16 14:15:47,915 [INFO] PluginManage:310 - Check plugin updater
2024-05-16 14:15:47,926 [INFO] PluginManage:359 - Loaded plugin updater (category:base,tabindex:12)
2024-05-16 14:15:47,926 [INFO] PluginManage:310 - Check plugin userauth
2024-05-16 14:15:47,930 [INFO] UserAuth:114 - Init User Auth plugin
2024-05-16 14:15:47,931 [INFO] PluginManage:359 - Loaded plugin userauth (category:base,tabindex:14)
2024-05-16 14:15:47,931 [INFO] PluginManage:283 - PluginManage : Loaded plugins [17]
2024-05-16 14:15:48,111 [INFO] PinOutPanel:1499 - setPackage(No Configuration,No Configuration)
2024-05-16 14:15:48,176 [INFO] CADModel:165 - CPN selected for project level
2024-05-16 14:15:48,176 [INFO] CADModel:114 - Register for checkConnection events
2024-05-16 14:15:48,193 [INFO] IPUIPlugin:80 - create IPUIPlugin
2024-05-16 14:15:48,193 [INFO] PluginManager:220 - loadIPPluginJar : add adc
2024-05-16 14:15:48,195 [INFO] IPUIPlugin:80 - create IPUIPlugin
2024-05-16 14:15:48,196 [INFO] PluginManager:220 - loadIPPluginJar : add aes
2024-05-16 14:15:48,199 [INFO] IPUIPlugin:80 - create IPUIPlugin
2024-05-16 14:15:48,199 [INFO] PluginManager:220 - loadIPPluginJar : add can
2024-05-16 14:15:48,200 [INFO] IPUIPlugin:80 - create IPUIPlugin
2024-05-16 14:15:48,200 [INFO] PluginManager:220 - loadIPPluginJar : add comp
2024-05-16 14:15:48,202 [INFO] IPUIPlugin:80 - create IPUIPlugin
2024-05-16 14:15:48,202 [INFO] PluginManager:220 - loadIPPluginJar : add cryp
2024-05-16 14:15:48,205 [INFO] IPUIPlugin:80 - create IPUIPlugin
2024-05-16 14:15:48,205 [INFO] PluginManager:220 - loadIPPluginJar : add dfsdm
2024-05-16 14:15:48,209 [INFO] IPUIPlugin:80 - create IPUIPlugin
2024-05-16 14:15:48,210 [INFO] PluginManager:220 - loadIPPluginJar : add dma
2024-05-16 14:15:48,213 [INFO] IPUIPlugin:80 - create IPUIPlugin
2024-05-16 14:15:48,213 [INFO] PluginManager:220 - loadIPPluginJar : add dma3
2024-05-16 14:15:48,214 [INFO] IPUIPlugin:80 - create IPUIPlugin
2024-05-16 14:15:48,214 [INFO] PluginManager:220 - loadIPPluginJar : add fatfs
2024-05-16 14:15:48,219 [INFO] IPUIPlugin:80 - create IPUIPlugin
2024-05-16 14:15:48,219 [INFO] PluginManager:220 - loadIPPluginJar : add fmc
2024-05-16 14:15:48,224 [INFO] IPUIPlugin:80 - create IPUIPlugin
2024-05-16 14:15:48,224 [INFO] PluginManager:220 - loadIPPluginJar : add freertos
2024-05-16 14:15:48,226 [INFO] IPUIPlugin:80 - create IPUIPlugin
2024-05-16 14:15:48,226 [INFO] PluginManager:220 - loadIPPluginJar : add genericplugin
2024-05-16 14:15:48,228 [INFO] IPUIPlugin:80 - create IPUIPlugin
2024-05-16 14:15:48,228 [INFO] PluginManager:220 - loadIPPluginJar : add gfxmmu
2024-05-16 14:15:48,233 [INFO] IPUIPlugin:80 - create IPUIPlugin
2024-05-16 14:15:48,234 [INFO] PluginManager:220 - loadIPPluginJar : add gic
2024-05-16 14:15:48,237 [INFO] IPUIPlugin:80 - create IPUIPlugin
2024-05-16 14:15:48,237 [INFO] PluginManager:220 - loadIPPluginJar : add gpio
2024-05-16 14:15:48,240 [INFO] IPUIPlugin:80 - create IPUIPlugin
2024-05-16 14:15:48,241 [INFO] PluginManager:220 - loadIPPluginJar : add gtzc
2024-05-16 14:15:48,243 [INFO] IPUIPlugin:80 - create IPUIPlugin
2024-05-16 14:15:48,243 [INFO] PluginManager:220 - loadIPPluginJar : add hash
2024-05-16 14:15:48,246 [INFO] IPUIPlugin:80 - create IPUIPlugin
2024-05-16 14:15:48,246 [INFO] PluginManager:220 - loadIPPluginJar : add i2c
2024-05-16 14:15:48,248 [INFO] IPUIPlugin:80 - create IPUIPlugin
2024-05-16 14:15:48,249 [INFO] PluginManager:220 - loadIPPluginJar : add i2s
2024-05-16 14:15:48,252 [INFO] IPUIPlugin:80 - create IPUIPlugin
2024-05-16 14:15:48,252 [INFO] PluginManager:220 - loadIPPluginJar : add i3c
2024-05-16 14:15:48,255 [INFO] IPUIPlugin:80 - create IPUIPlugin
2024-05-16 14:15:48,256 [INFO] PluginManager:220 - loadIPPluginJar : add ipddr
2024-05-16 14:15:48,265 [INFO] IPUIPlugin:80 - create IPUIPlugin
2024-05-16 14:15:48,265 [INFO] PluginManager:220 - loadIPPluginJar : add linkedlist
2024-05-16 14:15:48,268 [INFO] IPUIPlugin:80 - create IPUIPlugin
2024-05-16 14:15:48,269 [INFO] PluginManager:220 - loadIPPluginJar : add lorawan
2024-05-16 14:15:48,271 [INFO] IPUIPlugin:80 - create IPUIPlugin
2024-05-16 14:15:48,271 [INFO] PluginManager:220 - loadIPPluginJar : add ltdc
2024-05-16 14:15:48,276 [INFO] IPUIPlugin:80 - create IPUIPlugin
2024-05-16 14:15:48,277 [INFO] PluginManager:220 - loadIPPluginJar : add mdma
2024-05-16 14:15:48,280 [INFO] IPUIPlugin:80 - create IPUIPlugin
2024-05-16 14:15:48,281 [INFO] PluginManager:220 - loadIPPluginJar : add nvic
2024-05-16 14:15:48,283 [INFO] IPUIPlugin:80 - create IPUIPlugin
2024-05-16 14:15:48,284 [INFO] PluginManager:220 - loadIPPluginJar : add opamp
2024-05-16 14:15:48,286 [INFO] IPUIPlugin:80 - create IPUIPlugin
2024-05-16 14:15:48,287 [INFO] PluginManager:220 - loadIPPluginJar : add openamp
2024-05-16 14:15:48,292 [INFO] IPUIPlugin:80 - create IPUIPlugin
2024-05-16 14:15:48,292 [INFO] PluginManager:220 - loadIPPluginJar : add pdm2pcm
2024-05-16 14:15:48,298 [INFO] IPUIPlugin:80 - create IPUIPlugin
2024-05-16 14:15:48,300 [INFO] PluginManager:220 - loadIPPluginJar : add plateformsettings
2024-05-16 14:15:48,301 [INFO] IPUIPlugin:80 - create IPUIPlugin
2024-05-16 14:15:48,301 [INFO] PluginManager:220 - loadIPPluginJar : add quadspi
2024-05-16 14:15:48,306 [INFO] IPUIPlugin:80 - create IPUIPlugin
2024-05-16 14:15:48,306 [INFO] PluginManager:220 - loadIPPluginJar : add resmgrutility
2024-05-16 14:15:48,309 [INFO] IPUIPlugin:80 - create IPUIPlugin
2024-05-16 14:15:48,309 [INFO] PluginManager:220 - loadIPPluginJar : add sai
2024-05-16 14:15:48,312 [INFO] IPUIPlugin:80 - create IPUIPlugin
2024-05-16 14:15:48,312 [INFO] PluginManager:220 - loadIPPluginJar : add spi
2024-05-16 14:15:48,317 [INFO] IPUIPlugin:80 - create IPUIPlugin
2024-05-16 14:15:48,317 [INFO] PluginManager:220 - loadIPPluginJar : add stm32_wpan
2024-05-16 14:15:48,320 [INFO] IPUIPlugin:80 - create IPUIPlugin
2024-05-16 14:15:48,320 [INFO] PluginManager:220 - loadIPPluginJar : add tim
2024-05-16 14:15:48,323 [INFO] IPUIPlugin:80 - create IPUIPlugin
2024-05-16 14:15:48,323 [INFO] PluginManager:220 - loadIPPluginJar : add touchsensing
2024-05-16 14:15:48,325 [INFO] IPUIPlugin:80 - create IPUIPlugin
2024-05-16 14:15:48,325 [INFO] PluginManager:220 - loadIPPluginJar : add tracer_emb
2024-05-16 14:15:48,326 [INFO] IPUIPlugin:80 - create IPUIPlugin
2024-05-16 14:15:48,327 [INFO] PluginManager:220 - loadIPPluginJar : add ts
2024-05-16 14:15:48,327 [INFO] IPUIPlugin:80 - create IPUIPlugin
2024-05-16 14:15:48,328 [INFO] PluginManager:220 - loadIPPluginJar : add tsc
2024-05-16 14:15:48,330 [INFO] IPUIPlugin:80 - create IPUIPlugin
2024-05-16 14:15:48,331 [INFO] PluginManager:220 - loadIPPluginJar : add ucpd
2024-05-16 14:15:48,333 [INFO] IPUIPlugin:80 - create IPUIPlugin
2024-05-16 14:15:48,333 [INFO] PluginManager:220 - loadIPPluginJar : add usart
2024-05-16 14:15:48,336 [INFO] IPUIPlugin:80 - create IPUIPlugin
2024-05-16 14:15:48,336 [INFO] PluginManager:220 - loadIPPluginJar : add usbx
2024-05-16 14:15:48,453 [INFO] CADModel:165 - CPN selected for project level
2024-05-16 14:15:48,453 [INFO] CADModel:114 - Register for checkConnection events
2024-05-16 14:15:48,454 [FATAL] Updater:308 - Updater called before beeing initialized
2024-05-16 14:15:48,454 [ERROR] CADModel:125 - Updater not yet initialized, retry later 
2024-05-16 14:15:48,584 [INFO] CADModel:165 - CPN selected for project level
2024-05-16 14:15:48,584 [INFO] CADModel:114 - Register for checkConnection events
2024-05-16 14:15:48,584 [FATAL] Updater:308 - Updater called before beeing initialized
2024-05-16 14:15:48,584 [ERROR] CADModel:125 - Updater not yet initialized, retry later 
2024-05-16 14:15:48,588 [FATAL] Updater:308 - Updater called before beeing initialized
2024-05-16 14:15:48,671 [FATAL] Updater:308 - Updater called before beeing initialized
2024-05-16 14:15:48,676 [INFO] DbMcusAds:53 - JSON generation date=Thu May 02 10:37:29 SAST 2024 (1714639049318)
2024-05-16 14:15:48,676 [FATAL] Updater:308 - Updater called before beeing initialized
2024-05-16 14:15:48,706 [WARN] DetailPanel:346 - Failed to get advertising image, set to default
2024-05-16 14:15:48,783 [FATAL] Updater:308 - Updater called before beeing initialized
2024-05-16 14:15:48,785 [FATAL] Updater:308 - Updater called before beeing initialized
2024-05-16 14:15:48,785 [FATAL] Updater:308 - Updater called before beeing initialized
2024-05-16 14:15:48,785 [WARN] DetailPanel:346 - Failed to get advertising image, set to default
2024-05-16 14:15:48,786 [FATAL] Updater:308 - Updater called before beeing initialized
2024-05-16 14:15:48,904 [ERROR] Updater:1120 - MainUpdater not yet initialized. External WinMGr cannot be set.
2024-05-16 14:15:48,911 [INFO] Updater:1056 - Updater Version found : 6.10.0
2024-05-16 14:15:48,978 [INFO] ApplicationProperties:184 - Using Application install path: C:\ST\STM32CubeIDE_1.14.1\STM32CubeIDE\plugins\com.st.stm32cube.common.mx_6.10.0.202311202037
2024-05-16 14:15:49,317 [INFO] MainUpdater:2873 - connection check result : 10
2024-05-16 14:15:49,317 [INFO] MainUpdater:3567 - Updater definition file requires update
2024-05-16 14:15:49,319 [INFO] MainUpdater:290 - Updater Check For Update Now.
2024-05-16 14:15:49,319 [INFO] MicroXplorer:498 - Change Database Version : DB.6.0.100
2024-05-16 14:15:49,324 [INFO] McuFinderGlobals:63 - Set McuFinder mode to 2 (CubeIDE integrated)
2024-05-16 14:15:49,449 [INFO] ServerAccessManage:473 - Download File updaters.zip
2024-05-16 14:15:49,575 [INFO] FileExtend:240 - Unzip File : updaters.zip
2024-05-16 14:15:49,575 [INFO] FileExtend:255 - Standard Zip Deflate
2024-05-16 14:15:49,913 [INFO] ServerAccessManage:473 - Download File PacksControlFlags.xml
2024-05-16 14:15:49,986 [INFO] ServerAccessManage:473 - Download File cubemx.pidx
2024-05-16 14:15:50,059 [INFO] LoadServerUpdatesThread:375 - End of LoadServerUpdate Thread
2024-05-16 14:15:50,199 [INFO] CheckServerUpdateThread:120 - End of CheckServer Thread
2024-05-16 14:15:50,276 [INFO] UserAuth:404 - Internet connection configuration mode: 1
2024-05-16 14:15:50,290 [INFO] JxBrowserEngine:152 - Initiate JxBrowser Engine with user profile folder
2024-05-16 14:15:50,923 [WARN] PackLoader:240 - Cannot read IP mode file for STMicroelectronics.FP-SNS-MOTENVWB1.1.4.0
2024-05-16 14:15:50,934 [WARN] PackLoader:240 - Cannot read IP mode file for STMicroelectronics.X-CUBE-SMBUS.2.1.0
2024-05-16 14:15:50,939 [WARN] PackLoader:240 - Cannot read IP mode file for STMicroelectronics.X-CUBE-TOUCHGFX.4.23.2
2024-05-16 14:15:50,959 [WARN] PackLoader:240 - Cannot read IP mode file for STMicroelectronics.X-CUBE-AZRTOS-F7.1.1.0
2024-05-16 14:15:50,967 [WARN] PackLoader:240 - Cannot read IP mode file for STMicroelectronics.FP-SNS-FLIGHT1.5.0.2
2024-05-16 14:15:50,976 [WARN] PackLoader:240 - Cannot read IP mode file for STMicroelectronics.X-CUBE-DISPLAY.3.0.0
2024-05-16 14:15:50,990 [WARN] PackLoader:240 - Cannot read IP mode file for STMicroelectronics.X-CUBE-BLE1.7.0.0
2024-05-16 14:15:50,996 [WARN] PackLoader:240 - Cannot read IP mode file for emotas.I-CUBE-CANOPEN.1.3.0
2024-05-16 14:15:51,008 [WARN] PackLoader:240 - Cannot read IP mode file for STMicroelectronics.X-CUBE-BLEMGR.3.1.0
2024-05-16 14:15:51,016 [WARN] PackLoader:240 - Cannot read IP mode file for STMicroelectronics.FP-SNS-SMARTAG2.1.2.0
2024-05-16 14:15:51,023 [INFO] LogOutputStream:77 - [STDOUT_REDIRECT] 1 : Invalid condition id : UX_CORESTACK_Condition cause : null
2024-05-16 14:15:51,025 [INFO] LogOutputStream:77 - [STDOUT_REDIRECT] 1 : Invalid condition id : UX_CORESTACK_Condition cause : null
2024-05-16 14:15:51,026 [INFO] LogOutputStream:77 - [STDOUT_REDIRECT] 1 : Invalid condition id : UX_CORESTACK_Condition cause : null
2024-05-16 14:15:51,027 [INFO] LogOutputStream:77 - [STDOUT_REDIRECT] 1 : Invalid condition id : UX_CORESTACK_Condition cause : null
2024-05-16 14:15:51,027 [INFO] LogOutputStream:77 - [STDOUT_REDIRECT] 1 : Invalid condition id : UX_CORESTACK_Condition cause : null
2024-05-16 14:15:51,031 [WARN] PackLoader:240 - Cannot read IP mode file for STMicroelectronics.X-CUBE-AZRTOS-WL.2.0.0
2024-05-16 14:15:51,036 [WARN] PackLoader:240 - Cannot read IP mode file for STMicroelectronics.FP-SNS-MOTENV1.5.0.0
2024-05-16 14:15:51,045 [WARN] PackLoader:240 - Cannot read IP mode file for WES.I-CUBE-Cesium.1.3.0
2024-05-16 14:15:51,050 [WARN] PackLoader:240 - Cannot read IP mode file for STMicroelectronics.X-CUBE-BLE2.3.3.0
2024-05-16 14:15:51,056 [WARN] PackLoader:240 - Cannot read IP mode file for STMicroelectronics.X-CUBE-TCPP.4.1.0
2024-05-16 14:15:51,065 [WARN] PackLoader:240 - Cannot read IP mode file for STMicroelectronics.X-CUBE-ALGOBUILD.1.3.0
2024-05-16 14:15:51,080 [WARN] PackLoader:240 - Cannot read IP mode file for STMicroelectronics.X-CUBE-AZRTOS-G0.1.1.0
2024-05-16 14:15:51,089 [WARN] PackLoader:240 - Cannot read IP mode file for STMicroelectronics.X-CUBE-SAFEA1.1.2.2
2024-05-16 14:15:51,094 [WARN] PackLoader:240 - Cannot read IP mode file for STMicroelectronics.X-CUBE-NFC4.3.0.0
2024-05-16 14:15:51,100 [WARN] PackLoader:240 - Cannot read IP mode file for wolfSSL.I-CUBE-wolfSSL.5.7.0
2024-05-16 14:15:51,105 [WARN] PackLoader:240 - Cannot read IP mode file for STMicroelectronics.FP-ATR-SIGFOX1.3.2.0
2024-05-16 14:15:51,110 [WARN] PackLoader:240 - Cannot read IP mode file for STMicroelectronics.X-CUBE-EEPRMA1.5.1.0
2024-05-16 14:15:51,117 [WARN] PackLoader:240 - Cannot read IP mode file for ITTIA_DB.I-CUBE-ITTIADB.8.9.0
2024-05-16 14:15:51,147 [WARN] PackLoader:240 - Cannot read IP mode file for SEGGER.I-CUBE-embOS.1.3.1
2024-05-16 14:15:51,188 [WARN] PackLoader:240 - Cannot read IP mode file for STMicroelectronics.X-CUBE-ALGOBUILD.1.4.0
2024-05-16 14:15:51,194 [WARN] PackLoader:240 - Cannot read IP mode file for STMicroelectronics.X-CUBE-GNSS1.6.0.0
2024-05-16 14:15:51,211 [WARN] PackLoader:240 - Cannot read IP mode file for STMicroelectronics.X-CUBE-AZRTOS-F4.1.1.0
2024-05-16 14:15:51,221 [WARN] PackLoader:240 - Cannot read IP mode file for STMicroelectronics.X-CUBE-FREERTOS.1.2.0
2024-05-16 14:15:51,241 [WARN] PackLoader:240 - Cannot read IP mode file for STMicroelectronics.X-CUBE-AZRTOS-L5.2.0.0
2024-05-16 14:15:51,252 [WARN] PackLoader:240 - Cannot read IP mode file for STMicroelectronics.X-CUBE-NFC6.3.1.0
2024-05-16 14:15:51,260 [WARN] PackLoader:240 - Cannot read IP mode file for STMicroelectronics.X-CUBE-AI.9.0.0
2024-05-16 14:15:51,267 [WARN] PackLoader:240 - Cannot read IP mode file for STMicroelectronics.X-CUBE-NFC7.1.0.1
2024-05-16 14:15:51,272 [WARN] PackLoader:240 - Cannot read IP mode file for STMicroelectronics.X-CUBE-AI.8.1.0
2024-05-16 14:15:51,289 [WARN] ConditionMgr:438 - getConditionDescription Invalid condition id : LAN8742 Phy interface Condition cause : null
2024-05-16 14:15:51,291 [WARN] PackLoader:240 - Cannot read IP mode file for STMicroelectronics.X-CUBE-AZRTOS-L4.2.0.0
2024-05-16 14:15:51,292 [WARN] ConditionMgr:1039 - genDependencies : Invalid condition id : LAN8742 Phy interface Condition cause : null
2024-05-16 14:15:51,292 [WARN] ConditionMgr:1039 - genDependencies : Invalid condition id : LAN8742 Phy interface Condition cause : null
2024-05-16 14:15:51,293 [WARN] ConditionMgr:1039 - genDependencies : Invalid condition id : LAN8742 Phy interface Condition cause : null
2024-05-16 14:15:51,305 [WARN] PackLoader:240 - Cannot read IP mode file for STMicroelectronics.X-CUBE-SFXS2LP1.4.0.0
2024-05-16 14:15:51,318 [WARN] ConditionMgr:438 - getConditionDescription Invalid condition id : UX DEVICE CLASS RTOS Condition cause : null
2024-05-16 14:15:51,320 [WARN] ConditionMgr:438 - getConditionDescription Invalid condition id : UX DEVICE CLASS RTOS Condition cause : null
2024-05-16 14:15:51,321 [WARN] PackLoader:240 - Cannot read IP mode file for STMicroelectronics.X-CUBE-AZRTOS-WB.2.0.0
2024-05-16 14:15:51,322 [WARN] ConditionMgr:1039 - genDependencies : Invalid condition id : UX DEVICE CLASS RTOS Condition cause : null
2024-05-16 14:15:51,322 [WARN] ConditionMgr:1039 - genDependencies : Invalid condition id : UX DEVICE CLASS RTOS Condition cause : null
2024-05-16 14:15:51,323 [WARN] ConditionMgr:1039 - genDependencies : Invalid condition id : UX DEVICE CLASS RTOS Condition cause : null
2024-05-16 14:15:51,323 [WARN] ConditionMgr:1039 - genDependencies : Invalid condition id : UX DEVICE CLASS RTOS Condition cause : null
2024-05-16 14:15:51,323 [WARN] ConditionMgr:1039 - genDependencies : Invalid condition id : UX DEVICE CLASS RTOS Condition cause : null
2024-05-16 14:15:51,335 [WARN] PackLoader:240 - Cannot read IP mode file for STMicroelectronics.X-CUBE-SUBG2.5.0.0
2024-05-16 14:15:51,355 [WARN] PackLoader:240 - Cannot read IP mode file for STMicroelectronics.X-CUBE-AZRTOS-G4.2.0.0
2024-05-16 14:15:51,361 [WARN] PackLoader:240 - Cannot read IP mode file for STMicroelectronics.FP-SNS-MOTENVWB1.1.3.1
2024-05-16 14:15:51,367 [WARN] PackLoader:240 - Cannot read IP mode file for STMicroelectronics.X-CUBE-ISPU.2.0.0
2024-05-16 14:15:51,407 [WARN] PackLoader:240 - Cannot read IP mode file for STMicroelectronics.X-CUBE-MEMS1.10.0.0
2024-05-16 14:15:51,514 [WARN] PackLoader:240 - Cannot read IP mode file for STMicroelectronics.X-CUBE-FREERTOS.1.1.0
2024-05-16 14:15:51,521 [WARN] PackLoader:240 - Cannot read IP mode file for portGmbH.I-Cube-SoM-uGOAL.1.1.0
2024-05-16 14:15:51,526 [WARN] PackLoader:240 - Cannot read IP mode file for STMicroelectronics.X-CUBE-ALS.1.0.1
2024-05-16 14:15:51,543 [WARN] PackLoader:240 - Cannot read IP mode file for STMicroelectronics.X-CUBE-AZRTOS-H7RS.1.0.0
2024-05-16 14:15:51,551 [WARN] PackLoader:240 - Cannot read IP mode file for STMicroelectronics.FP-ATR-ASTRA1.2.0.0
2024-05-16 14:15:51,559 [WARN] PackLoader:240 - Cannot read IP mode file for STMicroelectronics.X-CUBE-TOF1.3.4.1
2024-05-16 14:15:51,581 [WARN] PackLoader:240 - Cannot read IP mode file for STMicroelectronics.X-CUBE-AZRTOS-H7.3.2.0
2024-05-16 14:15:51,595 [WARN] PackLoader:240 - Cannot read IP mode file for Infineon.AIROC-Wi-Fi-Bluetooth-STM32.1.6.0
2024-05-16 14:15:51,602 [INFO] ThirdParty:978 - Integrity check success = true
2024-05-16 14:15:51,603 [INFO] IntegrityCheckThread:100 - exiting critical section [integrity check]
2024-05-16 14:15:51,603 [INFO] IntegrityCheckThread:103 - End integrity checks thread
2024-05-16 14:15:51,921 [INFO] WebApp:161 - Instantiating new browser for Auth
2024-05-16 14:15:52,545 [INFO] WebApp:780 - Register for checkConnection events
2024-05-16 14:15:52,545 [INFO] WebApp:414 - Apply proxy settings
2024-05-16 14:15:52,545 [INFO] WebApp:499 - Chromium requires no authentication
2024-05-16 14:15:52,552 [INFO] WebApp:442 - Direct internet connection detected
2024-05-16 14:15:52,695 [INFO] WebApp:192 - Starting web application
2024-05-16 14:15:52,695 [INFO] WebApp:544 - Web application path used C:\ST\STM32CubeIDE_1.14.1\STM32CubeIDE\plugins\com.st.stm32cube.common.mx_6.10.0.202311202037\db\plugins\mcufinder\reactClient1\index.html
2024-05-16 14:16:14,227 [ERROR] LogOutputStream:75 - [STDERR_REDIRECT] SLF4J: Failed to load class "org.slf4j.impl.StaticLoggerBinder".
2024-05-16 14:16:14,229 [ERROR] LogOutputStream:75 - [STDERR_REDIRECT] SLF4J: Defaulting to no-operation (NOP) logger implementation
2024-05-16 14:16:14,229 [ERROR] LogOutputStream:75 - [STDERR_REDIRECT] SLF4J: See http://www.slf4j.org/codes.html#StaticLoggerBinder for further details.
2024-05-16 19:47:57,372 [INFO] WebApp:354 - JxBrowser engine has been closed 
